[0.010s] Invoking command in '/home/bryan/lhd_ws/src/build/lhd_automation': CMAKE_PREFIX_PATH=${CMAKE_PREFIX_PATH}:/home/bryan/bumperbot_ws/install/bumperbot_py_examples:/home/bryan/hexapod_ws/install/mpu9250:/opt/ros/humble /usr/bin/cmake --build /home/bryan/lhd_ws/src/build/lhd_automation -- -j16 -l16
[0.060s] Built target ament_cmake_python_copy_lhd_automation
[0.238s] running egg_info
[0.239s] writing lhd_automation.egg-info/PKG-INFO
[0.239s] writing dependency_links to lhd_automation.egg-info/dependency_links.txt
[0.239s] writing top-level names to lhd_automation.egg-info/top_level.txt
[0.241s] reading manifest file 'lhd_automation.egg-info/SOURCES.txt'
[0.241s] writing manifest file 'lhd_automation.egg-info/SOURCES.txt'
[0.262s] Built target ament_cmake_python_build_lhd_automation_egg
[0.270s] Invoked command in '/home/bryan/lhd_ws/src/build/lhd_automation' returned '0': CMAKE_PREFIX_PATH=${CMAKE_PREFIX_PATH}:/home/bryan/bumperbot_ws/install/bumperbot_py_examples:/home/bryan/hexapod_ws/install/mpu9250:/opt/ros/humble /usr/bin/cmake --build /home/bryan/lhd_ws/src/build/lhd_automation -- -j16 -l16
[0.279s] Invoking command in '/home/bryan/lhd_ws/src/build/lhd_automation': CMAKE_PREFIX_PATH=${CMAKE_PREFIX_PATH}:/home/bryan/bumperbot_ws/install/bumperbot_py_examples:/home/bryan/hexapod_ws/install/mpu9250:/opt/ros/humble /usr/bin/cmake --install /home/bryan/lhd_ws/src/build/lhd_automation
[0.287s] -- Install configuration: ""
[0.287s] -- Up-to-date: /home/bryan/lhd_ws/src/install/lhd_automation/share/lhd_automation/environment/pythonpath.sh
[0.287s] -- Up-to-date: /home/bryan/lhd_ws/src/install/lhd_automation/share/lhd_automation/environment/pythonpath.dsv
[0.287s] -- Up-to-date: /home/bryan/lhd_ws/src/install/lhd_automation/local/lib/python3.10/dist-packages/lhd_automation-0.0.0-py3.10.egg-info
[0.287s] -- Installing: /home/bryan/lhd_ws/src/install/lhd_automation/local/lib/python3.10/dist-packages/lhd_automation-0.0.0-py3.10.egg-info/SOURCES.txt
[0.287s] -- Installing: /home/bryan/lhd_ws/src/install/lhd_automation/local/lib/python3.10/dist-packages/lhd_automation-0.0.0-py3.10.egg-info/PKG-INFO
[0.287s] -- Installing: /home/bryan/lhd_ws/src/install/lhd_automation/local/lib/python3.10/dist-packages/lhd_automation-0.0.0-py3.10.egg-info/top_level.txt
[0.287s] -- Installing: /home/bryan/lhd_ws/src/install/lhd_automation/local/lib/python3.10/dist-packages/lhd_automation-0.0.0-py3.10.egg-info/dependency_links.txt
[0.287s] -- Up-to-date: /home/bryan/lhd_ws/src/install/lhd_automation/local/lib/python3.10/dist-packages/lhd_automation
[0.287s] -- Up-to-date: /home/bryan/lhd_ws/src/install/lhd_automation/local/lib/python3.10/dist-packages/lhd_automation/lhd_client.py
[0.287s] -- Up-to-date: /home/bryan/lhd_ws/src/install/lhd_automation/local/lib/python3.10/dist-packages/lhd_automation/__init__.py
[0.287s] -- Up-to-date: /home/bryan/lhd_ws/src/install/lhd_automation/local/lib/python3.10/dist-packages/lhd_automation/path_planning_service.py
[0.287s] -- Up-to-date: /home/bryan/lhd_ws/src/install/lhd_automation/local/lib/python3.10/dist-packages/lhd_automation/lhd_server.py
[0.287s] -- Up-to-date: /home/bryan/lhd_ws/src/install/lhd_automation/local/lib/python3.10/dist-packages/lhd_automation/MPC_diff_drive_class.py
[0.287s] -- Up-to-date: /home/bryan/lhd_ws/src/install/lhd_automation/local/lib/python3.10/dist-packages/lhd_automation/automation_ros_lhd_mpc.zip
[0.312s] Listing '/home/bryan/lhd_ws/src/install/lhd_automation/local/lib/python3.10/dist-packages/lhd_automation'...
[0.315s] -- Up-to-date: /home/bryan/lhd_ws/src/install/lhd_automation/lib/lhd_automation/lhd_client.py
[0.315s] -- Up-to-date: /home/bryan/lhd_ws/src/install/lhd_automation/lib/lhd_automation/lhd_server.py
[0.315s] -- Up-to-date: /home/bryan/lhd_ws/src/install/lhd_automation/lib/lhd_automation/path_planning_service.py
[0.315s] -- Up-to-date: /home/bryan/lhd_ws/src/install/lhd_automation/share/lhd_automation/launch
[0.315s] -- Up-to-date: /home/bryan/lhd_ws/src/install/lhd_automation/share/lhd_automation/launch/autonomous_robot.launch.py
[0.315s] -- Up-to-date: /home/bryan/lhd_ws/src/install/lhd_automation/share/ament_index/resource_index/package_run_dependencies/lhd_automation
[0.315s] -- Up-to-date: /home/bryan/lhd_ws/src/install/lhd_automation/share/ament_index/resource_index/parent_prefix_path/lhd_automation
[0.315s] -- Up-to-date: /home/bryan/lhd_ws/src/install/lhd_automation/share/lhd_automation/environment/ament_prefix_path.sh
[0.315s] -- Up-to-date: /home/bryan/lhd_ws/src/install/lhd_automation/share/lhd_automation/environment/ament_prefix_path.dsv
[0.315s] -- Up-to-date: /home/bryan/lhd_ws/src/install/lhd_automation/share/lhd_automation/environment/path.sh
[0.316s] -- Up-to-date: /home/bryan/lhd_ws/src/install/lhd_automation/share/lhd_automation/environment/path.dsv
[0.316s] -- Up-to-date: /home/bryan/lhd_ws/src/install/lhd_automation/share/lhd_automation/local_setup.bash
[0.316s] -- Up-to-date: /home/bryan/lhd_ws/src/install/lhd_automation/share/lhd_automation/local_setup.sh
[0.316s] -- Up-to-date: /home/bryan/lhd_ws/src/install/lhd_automation/share/lhd_automation/local_setup.zsh
[0.316s] -- Up-to-date: /home/bryan/lhd_ws/src/install/lhd_automation/share/lhd_automation/local_setup.dsv
[0.316s] -- Up-to-date: /home/bryan/lhd_ws/src/install/lhd_automation/share/lhd_automation/package.dsv
[0.316s] -- Up-to-date: /home/bryan/lhd_ws/src/install/lhd_automation/share/ament_index/resource_index/packages/lhd_automation
[0.316s] -- Up-to-date: /home/bryan/lhd_ws/src/install/lhd_automation/share/lhd_automation/cmake/lhd_automationConfig.cmake
[0.316s] -- Up-to-date: /home/bryan/lhd_ws/src/install/lhd_automation/share/lhd_automation/cmake/lhd_automationConfig-version.cmake
[0.316s] -- Up-to-date: /home/bryan/lhd_ws/src/install/lhd_automation/share/lhd_automation/package.xml
[0.317s] Invoked command in '/home/bryan/lhd_ws/src/build/lhd_automation' returned '0': CMAKE_PREFIX_PATH=${CMAKE_PREFIX_PATH}:/home/bryan/bumperbot_ws/install/bumperbot_py_examples:/home/bryan/hexapod_ws/install/mpu9250:/opt/ros/humble /usr/bin/cmake --install /home/bryan/lhd_ws/src/build/lhd_automation
