[0.020s] Invoking command in '/home/bryan/lhd_ws/src/build/lhd_description': CMAKE_PREFIX_PATH=${CMAKE_PREFIX_PATH}:/home/bryan/bumperbot_ws/install/bumperbot_py_examples:/home/bryan/hexapod_ws/install/mpu9250:/opt/ros/humble /usr/bin/cmake /home/bryan/lhd_ws/src/lhd_description -DCMAKE_INSTALL_PREFIX=/home/bryan/lhd_ws/src/install/lhd_description
[0.065s] -- The C compiler identification is GNU 11.4.0
[0.117s] -- The CXX compiler identification is GNU 11.4.0
[0.125s] -- Detecting C compiler ABI info
[0.187s] -- Detecting C compiler ABI info - done
[0.196s] -- Check for working C compiler: /usr/bin/cc - skipped
[0.196s] -- Detecting C compile features
[0.197s] -- Detecting C compile features - done
[0.200s] -- Detecting CXX compiler ABI info
[0.268s] -- Detecting CXX compiler ABI info - done
[0.276s] -- Check for working CXX compiler: /usr/bin/c++ - skipped
[0.276s] -- Detecting CXX compile features
[0.276s] -- Detecting CXX compile features - done
[0.282s] -- Found ament_cmake: 1.3.11 (/opt/ros/humble/share/ament_cmake/cmake)
[0.487s] -- Found Python3: /usr/bin/python3 (found version "3.10.12") found components: Interpreter 
[0.606s] -- Found urdf: 2.6.1 (/opt/ros/humble/share/urdf/cmake)
[0.704s] -- Found ament_lint_auto: 0.12.12 (/opt/ros/humble/share/ament_lint_auto/cmake)
[0.826s] -- Added test 'copyright' to check source files copyright and LICENSE
[0.831s] -- Added test 'flake8' to check Python code syntax and style conventions
[0.833s] -- Added test 'lint_cmake' to check CMake code style
[0.834s] -- Added test 'pep257' to check Python code against some of the docstring style conventions in PEP 257
[0.836s] -- Added test 'xmllint' to check XML markup files
[0.838s] -- Configuring done
[0.843s] -- Generating done
[0.844s] -- Build files have been written to: /home/bryan/lhd_ws/src/build/lhd_description
[0.849s] Invoked command in '/home/bryan/lhd_ws/src/build/lhd_description' returned '0': CMAKE_PREFIX_PATH=${CMAKE_PREFIX_PATH}:/home/bryan/bumperbot_ws/install/bumperbot_py_examples:/home/bryan/hexapod_ws/install/mpu9250:/opt/ros/humble /usr/bin/cmake /home/bryan/lhd_ws/src/lhd_description -DCMAKE_INSTALL_PREFIX=/home/bryan/lhd_ws/src/install/lhd_description
[0.852s] Invoking command in '/home/bryan/lhd_ws/src/build/lhd_description': CMAKE_PREFIX_PATH=${CMAKE_PREFIX_PATH}:/home/bryan/bumperbot_ws/install/bumperbot_py_examples:/home/bryan/hexapod_ws/install/mpu9250:/opt/ros/humble /usr/bin/cmake --build /home/bryan/lhd_ws/src/build/lhd_description -- -j16 -l16
[0.889s] Invoked command in '/home/bryan/lhd_ws/src/build/lhd_description' returned '0': CMAKE_PREFIX_PATH=${CMAKE_PREFIX_PATH}:/home/bryan/bumperbot_ws/install/bumperbot_py_examples:/home/bryan/hexapod_ws/install/mpu9250:/opt/ros/humble /usr/bin/cmake --build /home/bryan/lhd_ws/src/build/lhd_description -- -j16 -l16
[0.899s] Invoking command in '/home/bryan/lhd_ws/src/build/lhd_description': CMAKE_PREFIX_PATH=${CMAKE_PREFIX_PATH}:/home/bryan/bumperbot_ws/install/bumperbot_py_examples:/home/bryan/hexapod_ws/install/mpu9250:/opt/ros/humble /usr/bin/cmake --install /home/bryan/lhd_ws/src/build/lhd_description
[0.903s] -- Install configuration: ""
[0.904s] -- Installing: /home/bryan/lhd_ws/src/install/lhd_description/share/lhd_description/launch
[0.904s] -- Installing: /home/bryan/lhd_ws/src/install/lhd_description/share/lhd_description/launch/gazebo.launch.py
[0.904s] -- Installing: /home/bryan/lhd_ws/src/install/lhd_description/share/lhd_description/launch/display.launch.py
[0.904s] -- Installing: /home/bryan/lhd_ws/src/install/lhd_description/share/lhd_description/meshes
[0.904s] -- Installing: /home/bryan/lhd_ws/src/install/lhd_description/share/lhd_description/meshes/base_link.STL
[0.904s] -- Installing: /home/bryan/lhd_ws/src/install/lhd_description/share/lhd_description/meshes/mine_Y_fig.stl
[0.905s] -- Installing: /home/bryan/lhd_ws/src/install/lhd_description/share/lhd_description/meshes/arm.STL
[0.905s] -- Installing: /home/bryan/lhd_ws/src/install/lhd_description/share/lhd_description/meshes/bucket.STL
[0.905s] -- Installing: /home/bryan/lhd_ws/src/install/lhd_description/share/lhd_description/meshes/brw.STL
[0.905s] -- Installing: /home/bryan/lhd_ws/src/install/lhd_description/share/lhd_description/meshes/front.STL
[0.905s] -- Installing: /home/bryan/lhd_ws/src/install/lhd_description/share/lhd_description/meshes/blw.STL
[0.905s] -- Installing: /home/bryan/lhd_ws/src/install/lhd_description/share/lhd_description/meshes/flw.STL
[0.906s] -- Installing: /home/bryan/lhd_ws/src/install/lhd_description/share/lhd_description/meshes/frw.STL
[0.906s] -- Installing: /home/bryan/lhd_ws/src/install/lhd_description/share/lhd_description/models
[0.906s] -- Installing: /home/bryan/lhd_ws/src/install/lhd_description/share/lhd_description/urdf
[0.906s] -- Installing: /home/bryan/lhd_ws/src/install/lhd_description/share/lhd_description/urdf/mine.urdf.xacro
[0.906s] -- Installing: /home/bryan/lhd_ws/src/install/lhd_description/share/lhd_description/urdf/lhd.urdf.xacro
[0.907s] -- Installing: /home/bryan/lhd_ws/src/install/lhd_description/share/lhd_description/urdf/lhd_ros2_control.xacro
[0.908s] -- Installing: /home/bryan/lhd_ws/src/install/lhd_description/share/lhd_description/urdf/mine_gazebo.xacro
[0.909s] -- Installing: /home/bryan/lhd_ws/src/install/lhd_description/share/lhd_description/urdf/lhd_gazebo.xacro
[0.909s] -- Installing: /home/bryan/lhd_ws/src/install/lhd_description/share/lhd_description/rviz
[0.909s] -- Installing: /home/bryan/lhd_ws/src/install/lhd_description/share/lhd_description/rviz/lhd.rviz
[0.909s] -- Installing: /home/bryan/lhd_ws/src/install/lhd_description/share/lhd_description/rviz/slam_setup.rviz
[0.909s] -- Installing: /home/bryan/lhd_ws/src/install/lhd_description/share/lhd_description/worlds
[0.910s] -- Installing: /home/bryan/lhd_ws/src/install/lhd_description/share/ament_index/resource_index/package_run_dependencies/lhd_description
[0.910s] -- Installing: /home/bryan/lhd_ws/src/install/lhd_description/share/ament_index/resource_index/parent_prefix_path/lhd_description
[0.910s] -- Installing: /home/bryan/lhd_ws/src/install/lhd_description/share/lhd_description/environment/ament_prefix_path.sh
[0.910s] -- Installing: /home/bryan/lhd_ws/src/install/lhd_description/share/lhd_description/environment/ament_prefix_path.dsv
[0.910s] -- Installing: /home/bryan/lhd_ws/src/install/lhd_description/share/lhd_description/environment/path.sh
[0.910s] -- Installing: /home/bryan/lhd_ws/src/install/lhd_description/share/lhd_description/environment/path.dsv
[0.910s] -- Installing: /home/bryan/lhd_ws/src/install/lhd_description/share/lhd_description/local_setup.bash
[0.910s] -- Installing: /home/bryan/lhd_ws/src/install/lhd_description/share/lhd_description/local_setup.sh
[0.911s] -- Installing: /home/bryan/lhd_ws/src/install/lhd_description/share/lhd_description/local_setup.zsh
[0.911s] -- Installing: /home/bryan/lhd_ws/src/install/lhd_description/share/lhd_description/local_setup.dsv
[0.911s] -- Installing: /home/bryan/lhd_ws/src/install/lhd_description/share/lhd_description/package.dsv
[0.911s] -- Installing: /home/bryan/lhd_ws/src/install/lhd_description/share/ament_index/resource_index/packages/lhd_description
[0.911s] -- Installing: /home/bryan/lhd_ws/src/install/lhd_description/share/lhd_description/cmake/lhd_descriptionConfig.cmake
[0.911s] -- Installing: /home/bryan/lhd_ws/src/install/lhd_description/share/lhd_description/cmake/lhd_descriptionConfig-version.cmake
[0.911s] -- Installing: /home/bryan/lhd_ws/src/install/lhd_description/share/lhd_description/package.xml
[0.913s] Invoked command in '/home/bryan/lhd_ws/src/build/lhd_description' returned '0': CMAKE_PREFIX_PATH=${CMAKE_PREFIX_PATH}:/home/bryan/bumperbot_ws/install/bumperbot_py_examples:/home/bryan/hexapod_ws/install/mpu9250:/opt/ros/humble /usr/bin/cmake --install /home/bryan/lhd_ws/src/build/lhd_description
