-- The C compiler identification is GNU 11.4.0
-- The CXX compiler identification is GNU 11.4.0
-- Detecting C compiler ABI info
-- Detecting C compiler ABI info - done
-- Check for working C compiler: /usr/bin/cc - skipped
-- Detecting C compile features
-- Detecting C compile features - done
-- Detecting CXX compiler ABI info
-- Detecting CXX compiler ABI info - done
-- Check for working CXX compiler: /usr/bin/c++ - skipped
-- Detecting CXX compile features
-- Detecting CXX compile features - done
-- Found ament_cmake: 1.3.11 (/opt/ros/humble/share/ament_cmake/cmake)
-- Found Python3: /usr/bin/python3 (found version "3.10.12") found components: Interpreter 
-- Found geometry_msgs: 4.9.0 (/opt/ros/humble/share/geometry_msgs/cmake)
-- Found rosidl_generator_c: 3.1.6 (/opt/ros/humble/share/rosidl_generator_c/cmake)
-- Found rosidl_adapter: 3.1.6 (/opt/ros/humble/share/rosidl_adapter/cmake)
-- Found rosidl_generator_cpp: 3.1.6 (/opt/ros/humble/share/rosidl_generator_cpp/cmake)
-- Using all available rosidl_typesupport_c: rosidl_typesupport_fastrtps_c;rosidl_typesupport_introspection_c
-- Using all available rosidl_typesupport_cpp: rosidl_typesupport_fastrtps_cpp;rosidl_typesupport_introspection_cpp
-- Found rosidl_default_generators: 1.2.0 (/opt/ros/humble/share/rosidl_default_generators/cmake)
-- Found ament_cmake_ros: 0.10.0 (/opt/ros/humble/share/ament_cmake_ros/cmake)
-- Using all available rosidl_typesupport_c: rosidl_typesupport_fastrtps_c;rosidl_typesupport_introspection_c
-- Using all available rosidl_typesupport_cpp: rosidl_typesupport_fastrtps_cpp;rosidl_typesupport_introspection_cpp
-- Found PythonInterp: /usr/bin/python3 (found suitable version "3.10.12", minimum required is "3.6") 
-- Found python_cmake_module: 0.10.0 (/opt/ros/humble/share/python_cmake_module/cmake)
-- Found PythonLibs: /usr/lib/x86_64-linux-gnu/libpython3.10.so (found suitable version "3.10.12", minimum required is "3.5") 
-- Using PYTHON_EXECUTABLE: /usr/bin/python3
-- Using PYTHON_INCLUDE_DIRS: /usr/include/python3.10
-- Using PYTHON_LIBRARIES: /usr/lib/x86_64-linux-gnu/libpython3.10.so
-- Found PythonExtra: .so  
-- Configuring done
-- Generating done
-- Build files have been written to: /home/bryan/lhd_ws/src/build/lhd_msgs
[  2%] [34m[1mGenerating C code for ROS interfaces[0m
[  4%] [34m[1mGenerating C++ code for ROS interfaces[0m
[  4%] Built target ament_cmake_python_copy_lhd_msgs
running egg_info
creating lhd_msgs.egg-info
writing lhd_msgs.egg-info/PKG-INFO
writing dependency_links to lhd_msgs.egg-info/dependency_links.txt
writing top-level names to lhd_msgs.egg-info/top_level.txt
writing manifest file 'lhd_msgs.egg-info/SOURCES.txt'
reading manifest file 'lhd_msgs.egg-info/SOURCES.txt'
writing manifest file 'lhd_msgs.egg-info/SOURCES.txt'
[  4%] Built target ament_cmake_python_build_lhd_msgs_egg
[  4%] Built target lhd_msgs__cpp
[  6%] [34m[1mGenerating C++ introspection for ROS interfaces[0m
[ 10%] [34m[1mGenerating C++ type support for eProsima Fast-RTPS[0m
[ 10%] [34m[1mGenerating C++ type support dispatch for ROS interfaces[0m
[ 12%] [32mBuilding C object CMakeFiles/lhd_msgs__rosidl_generator_c.dir/rosidl_generator_c/lhd_msgs/action/detail/nav_to_waypoint__functions.c.o[0m
[ 17%] [32mBuilding C object CMakeFiles/lhd_msgs__rosidl_generator_c.dir/rosidl_generator_c/lhd_msgs/srv/detail/get_waypoints__functions.c.o[0m
[ 17%] [32mBuilding C object CMakeFiles/lhd_msgs__rosidl_generator_c.dir/rosidl_generator_c/lhd_msgs/action/detail/count_until__functions.c.o[0m
[ 19%] [32m[1mLinking C shared library liblhd_msgs__rosidl_generator_c.so[0m
[ 19%] Built target lhd_msgs__rosidl_generator_c
[ 25%] [34m[1mGenerating C introspection for ROS interfaces[0m
[ 25%] [34m[1mGenerating C type support for eProsima Fast-RTPS[0m
[ 25%] [34m[1mGenerating C type support dispatch for ROS interfaces[0m
[ 27%] [32mBuilding CXX object CMakeFiles/lhd_msgs__rosidl_typesupport_cpp.dir/rosidl_typesupport_cpp/lhd_msgs/action/nav_to_waypoint__type_support.cpp.o[0m
[ 31%] [32mBuilding CXX object CMakeFiles/lhd_msgs__rosidl_typesupport_cpp.dir/rosidl_typesupport_cpp/lhd_msgs/action/count_until__type_support.cpp.o[0m
[ 31%] [32mBuilding CXX object CMakeFiles/lhd_msgs__rosidl_typesupport_cpp.dir/rosidl_typesupport_cpp/lhd_msgs/srv/get_waypoints__type_support.cpp.o[0m
[ 34%] [32mBuilding CXX object CMakeFiles/lhd_msgs__rosidl_typesupport_introspection_cpp.dir/rosidl_typesupport_introspection_cpp/lhd_msgs/action/detail/nav_to_waypoint__type_support.cpp.o[0m
[ 36%] [32mBuilding CXX object CMakeFiles/lhd_msgs__rosidl_typesupport_introspection_cpp.dir/rosidl_typesupport_introspection_cpp/lhd_msgs/srv/detail/get_waypoints__type_support.cpp.o[0m
[ 38%] [32mBuilding CXX object CMakeFiles/lhd_msgs__rosidl_typesupport_introspection_cpp.dir/rosidl_typesupport_introspection_cpp/lhd_msgs/action/detail/count_until__type_support.cpp.o[0m
[ 44%] [32mBuilding CXX object CMakeFiles/lhd_msgs__rosidl_typesupport_fastrtps_cpp.dir/rosidl_typesupport_fastrtps_cpp/lhd_msgs/action/detail/dds_fastrtps/count_until__type_support.cpp.o[0m
[ 44%] [32mBuilding CXX object CMakeFiles/lhd_msgs__rosidl_typesupport_fastrtps_cpp.dir/rosidl_typesupport_fastrtps_cpp/lhd_msgs/action/detail/dds_fastrtps/nav_to_waypoint__type_support.cpp.o[0m
[ 44%] [32mBuilding CXX object CMakeFiles/lhd_msgs__rosidl_typesupport_fastrtps_cpp.dir/rosidl_typesupport_fastrtps_cpp/lhd_msgs/srv/detail/dds_fastrtps/get_waypoints__type_support.cpp.o[0m
[ 48%] [32mBuilding CXX object CMakeFiles/lhd_msgs__rosidl_typesupport_c.dir/rosidl_typesupport_c/lhd_msgs/action/nav_to_waypoint__type_support.cpp.o[0m
[ 48%] [32mBuilding CXX object CMakeFiles/lhd_msgs__rosidl_typesupport_c.dir/rosidl_typesupport_c/lhd_msgs/srv/get_waypoints__type_support.cpp.o[0m
[ 51%] [32mBuilding CXX object CMakeFiles/lhd_msgs__rosidl_typesupport_c.dir/rosidl_typesupport_c/lhd_msgs/action/count_until__type_support.cpp.o[0m
[ 53%] [32m[1mLinking CXX shared library liblhd_msgs__rosidl_typesupport_c.so[0m
[ 55%] [32m[1mLinking CXX shared library liblhd_msgs__rosidl_typesupport_cpp.so[0m
[ 55%] Built target lhd_msgs__rosidl_typesupport_c
[ 55%] Built target lhd_msgs__rosidl_typesupport_cpp
[ 59%] [32mBuilding C object CMakeFiles/lhd_msgs__rosidl_typesupport_introspection_c.dir/rosidl_typesupport_introspection_c/lhd_msgs/action/detail/nav_to_waypoint__type_support.c.o[0m
[ 59%] [32mBuilding C object CMakeFiles/lhd_msgs__rosidl_typesupport_introspection_c.dir/rosidl_typesupport_introspection_c/lhd_msgs/action/detail/count_until__type_support.c.o[0m
[ 61%] [32mBuilding C object CMakeFiles/lhd_msgs__rosidl_typesupport_introspection_c.dir/rosidl_typesupport_introspection_c/lhd_msgs/srv/detail/get_waypoints__type_support.c.o[0m
[ 63%] [32mBuilding CXX object CMakeFiles/lhd_msgs__rosidl_typesupport_fastrtps_c.dir/rosidl_typesupport_fastrtps_c/lhd_msgs/srv/detail/get_waypoints__type_support_c.cpp.o[0m
[ 68%] [32mBuilding CXX object CMakeFiles/lhd_msgs__rosidl_typesupport_fastrtps_c.dir/rosidl_typesupport_fastrtps_c/lhd_msgs/action/detail/nav_to_waypoint__type_support_c.cpp.o[0m
[ 68%] [32mBuilding CXX object CMakeFiles/lhd_msgs__rosidl_typesupport_fastrtps_c.dir/rosidl_typesupport_fastrtps_c/lhd_msgs/action/detail/count_until__type_support_c.cpp.o[0m
[ 70%] [32m[1mLinking C shared library liblhd_msgs__rosidl_typesupport_introspection_c.so[0m
[ 70%] Built target lhd_msgs__rosidl_typesupport_introspection_c
[ 72%] [32m[1mLinking CXX shared library liblhd_msgs__rosidl_typesupport_introspection_cpp.so[0m
[ 74%] [32m[1mLinking CXX shared library liblhd_msgs__rosidl_typesupport_fastrtps_cpp.so[0m
[ 74%] Built target lhd_msgs__rosidl_typesupport_introspection_cpp
[ 74%] Built target lhd_msgs__rosidl_typesupport_fastrtps_cpp
[ 76%] [32m[1mLinking CXX shared library liblhd_msgs__rosidl_typesupport_fastrtps_c.so[0m
[ 76%] Built target lhd_msgs__rosidl_typesupport_fastrtps_c
[ 76%] Built target lhd_msgs
[ 78%] [34m[1mGenerating Python code for ROS interfaces[0m
[ 78%] Built target lhd_msgs__py
[ 80%] [32mBuilding C object CMakeFiles/lhd_msgs__rosidl_generator_py.dir/rosidl_generator_py/lhd_msgs/action/_count_until_s.c.o[0m
[ 82%] [32mBuilding C object CMakeFiles/lhd_msgs__rosidl_generator_py.dir/rosidl_generator_py/lhd_msgs/srv/_get_waypoints_s.c.o[0m
[ 85%] [32mBuilding C object CMakeFiles/lhd_msgs__rosidl_generator_py.dir/rosidl_generator_py/lhd_msgs/action/_nav_to_waypoint_s.c.o[0m
[ 87%] [32m[1mLinking C shared library rosidl_generator_py/lhd_msgs/liblhd_msgs__rosidl_generator_py.so[0m
[ 87%] Built target lhd_msgs__rosidl_generator_py
[ 89%] [32mBuilding C object CMakeFiles/lhd_msgs__rosidl_typesupport_introspection_c__pyext.dir/rosidl_generator_py/lhd_msgs/_lhd_msgs_s.ep.rosidl_typesupport_introspection_c.c.o[0m
[ 91%] [32mBuilding C object CMakeFiles/lhd_msgs__rosidl_typesupport_fastrtps_c__pyext.dir/rosidl_generator_py/lhd_msgs/_lhd_msgs_s.ep.rosidl_typesupport_fastrtps_c.c.o[0m
[ 93%] [32mBuilding C object CMakeFiles/lhd_msgs__rosidl_typesupport_c__pyext.dir/rosidl_generator_py/lhd_msgs/_lhd_msgs_s.ep.rosidl_typesupport_c.c.o[0m
[ 97%] [32m[1mLinking C shared library rosidl_generator_py/lhd_msgs/lhd_msgs_s__rosidl_typesupport_introspection_c.cpython-310-x86_64-linux-gnu.so[0m
[ 97%] [32m[1mLinking C shared library rosidl_generator_py/lhd_msgs/lhd_msgs_s__rosidl_typesupport_fastrtps_c.cpython-310-x86_64-linux-gnu.so[0m
[100%] [32m[1mLinking C shared library rosidl_generator_py/lhd_msgs/lhd_msgs_s__rosidl_typesupport_c.cpython-310-x86_64-linux-gnu.so[0m
[100%] Built target lhd_msgs__rosidl_typesupport_fastrtps_c__pyext
[100%] Built target lhd_msgs__rosidl_typesupport_introspection_c__pyext
[100%] Built target lhd_msgs__rosidl_typesupport_c__pyext
-- Install configuration: ""
-- Installing: /home/bryan/lhd_ws/src/install/lhd_msgs/share/ament_index/resource_index/rosidl_interfaces/lhd_msgs
-- Installing: /home/bryan/lhd_ws/src/install/lhd_msgs/include/lhd_msgs/lhd_msgs
-- Installing: /home/bryan/lhd_ws/src/install/lhd_msgs/include/lhd_msgs/lhd_msgs/action
-- Installing: /home/bryan/lhd_ws/src/install/lhd_msgs/include/lhd_msgs/lhd_msgs/action/detail
-- Installing: /home/bryan/lhd_ws/src/install/lhd_msgs/include/lhd_msgs/lhd_msgs/action/detail/nav_to_waypoint__functions.h
-- Installing: /home/bryan/lhd_ws/src/install/lhd_msgs/include/lhd_msgs/lhd_msgs/action/detail/count_until__functions.c
-- Installing: /home/bryan/lhd_ws/src/install/lhd_msgs/include/lhd_msgs/lhd_msgs/action/detail/count_until__type_support.h
-- Installing: /home/bryan/lhd_ws/src/install/lhd_msgs/include/lhd_msgs/lhd_msgs/action/detail/nav_to_waypoint__struct.h
-- Installing: /home/bryan/lhd_ws/src/install/lhd_msgs/include/lhd_msgs/lhd_msgs/action/detail/nav_to_waypoint__type_support.h
-- Installing: /home/bryan/lhd_ws/src/install/lhd_msgs/include/lhd_msgs/lhd_msgs/action/detail/count_until__functions.h
-- Installing: /home/bryan/lhd_ws/src/install/lhd_msgs/include/lhd_msgs/lhd_msgs/action/detail/count_until__struct.h
-- Installing: /home/bryan/lhd_ws/src/install/lhd_msgs/include/lhd_msgs/lhd_msgs/action/detail/nav_to_waypoint__functions.c
-- Installing: /home/bryan/lhd_ws/src/install/lhd_msgs/include/lhd_msgs/lhd_msgs/action/count_until.h
-- Installing: /home/bryan/lhd_ws/src/install/lhd_msgs/include/lhd_msgs/lhd_msgs/action/nav_to_waypoint.h
-- Installing: /home/bryan/lhd_ws/src/install/lhd_msgs/include/lhd_msgs/lhd_msgs/srv
-- Installing: /home/bryan/lhd_ws/src/install/lhd_msgs/include/lhd_msgs/lhd_msgs/srv/detail
-- Installing: /home/bryan/lhd_ws/src/install/lhd_msgs/include/lhd_msgs/lhd_msgs/srv/detail/get_waypoints__type_support.h
-- Installing: /home/bryan/lhd_ws/src/install/lhd_msgs/include/lhd_msgs/lhd_msgs/srv/detail/get_waypoints__functions.h
-- Installing: /home/bryan/lhd_ws/src/install/lhd_msgs/include/lhd_msgs/lhd_msgs/srv/detail/get_waypoints__functions.c
-- Installing: /home/bryan/lhd_ws/src/install/lhd_msgs/include/lhd_msgs/lhd_msgs/srv/detail/get_waypoints__struct.h
-- Installing: /home/bryan/lhd_ws/src/install/lhd_msgs/include/lhd_msgs/lhd_msgs/srv/get_waypoints.h
-- Installing: /home/bryan/lhd_ws/src/install/lhd_msgs/include/lhd_msgs/lhd_msgs/msg
-- Installing: /home/bryan/lhd_ws/src/install/lhd_msgs/include/lhd_msgs/lhd_msgs/msg/rosidl_generator_c__visibility_control.h
-- Installing: /home/bryan/lhd_ws/src/install/lhd_msgs/share/lhd_msgs/environment/library_path.sh
-- Installing: /home/bryan/lhd_ws/src/install/lhd_msgs/share/lhd_msgs/environment/library_path.dsv
-- Installing: /home/bryan/lhd_ws/src/install/lhd_msgs/lib/liblhd_msgs__rosidl_generator_c.so
-- Set runtime path of "/home/bryan/lhd_ws/src/install/lhd_msgs/lib/liblhd_msgs__rosidl_generator_c.so" to ""
-- Up-to-date: /home/bryan/lhd_ws/src/install/lhd_msgs/include/lhd_msgs/lhd_msgs
-- Up-to-date: /home/bryan/lhd_ws/src/install/lhd_msgs/include/lhd_msgs/lhd_msgs/action
-- Up-to-date: /home/bryan/lhd_ws/src/install/lhd_msgs/include/lhd_msgs/lhd_msgs/action/detail
-- Installing: /home/bryan/lhd_ws/src/install/lhd_msgs/include/lhd_msgs/lhd_msgs/action/detail/count_until__rosidl_typesupport_fastrtps_c.h
-- Installing: /home/bryan/lhd_ws/src/install/lhd_msgs/include/lhd_msgs/lhd_msgs/action/detail/nav_to_waypoint__rosidl_typesupport_fastrtps_c.h
-- Up-to-date: /home/bryan/lhd_ws/src/install/lhd_msgs/include/lhd_msgs/lhd_msgs/srv
-- Up-to-date: /home/bryan/lhd_ws/src/install/lhd_msgs/include/lhd_msgs/lhd_msgs/srv/detail
-- Installing: /home/bryan/lhd_ws/src/install/lhd_msgs/include/lhd_msgs/lhd_msgs/srv/detail/get_waypoints__rosidl_typesupport_fastrtps_c.h
-- Up-to-date: /home/bryan/lhd_ws/src/install/lhd_msgs/include/lhd_msgs/lhd_msgs/msg
-- Installing: /home/bryan/lhd_ws/src/install/lhd_msgs/include/lhd_msgs/lhd_msgs/msg/rosidl_typesupport_fastrtps_c__visibility_control.h
-- Installing: /home/bryan/lhd_ws/src/install/lhd_msgs/lib/liblhd_msgs__rosidl_typesupport_fastrtps_c.so
-- Set runtime path of "/home/bryan/lhd_ws/src/install/lhd_msgs/lib/liblhd_msgs__rosidl_typesupport_fastrtps_c.so" to ""
-- Up-to-date: /home/bryan/lhd_ws/src/install/lhd_msgs/include/lhd_msgs/lhd_msgs
-- Up-to-date: /home/bryan/lhd_ws/src/install/lhd_msgs/include/lhd_msgs/lhd_msgs/action
-- Installing: /home/bryan/lhd_ws/src/install/lhd_msgs/include/lhd_msgs/lhd_msgs/action/count_until.hpp
-- Up-to-date: /home/bryan/lhd_ws/src/install/lhd_msgs/include/lhd_msgs/lhd_msgs/action/detail
-- Installing: /home/bryan/lhd_ws/src/install/lhd_msgs/include/lhd_msgs/lhd_msgs/action/detail/count_until__builder.hpp
-- Installing: /home/bryan/lhd_ws/src/install/lhd_msgs/include/lhd_msgs/lhd_msgs/action/detail/nav_to_waypoint__struct.hpp
-- Installing: /home/bryan/lhd_ws/src/install/lhd_msgs/include/lhd_msgs/lhd_msgs/action/detail/count_until__traits.hpp
-- Installing: /home/bryan/lhd_ws/src/install/lhd_msgs/include/lhd_msgs/lhd_msgs/action/detail/nav_to_waypoint__builder.hpp
-- Installing: /home/bryan/lhd_ws/src/install/lhd_msgs/include/lhd_msgs/lhd_msgs/action/detail/nav_to_waypoint__type_support.hpp
-- Installing: /home/bryan/lhd_ws/src/install/lhd_msgs/include/lhd_msgs/lhd_msgs/action/detail/count_until__type_support.hpp
-- Installing: /home/bryan/lhd_ws/src/install/lhd_msgs/include/lhd_msgs/lhd_msgs/action/detail/nav_to_waypoint__traits.hpp
-- Installing: /home/bryan/lhd_ws/src/install/lhd_msgs/include/lhd_msgs/lhd_msgs/action/detail/count_until__struct.hpp
-- Installing: /home/bryan/lhd_ws/src/install/lhd_msgs/include/lhd_msgs/lhd_msgs/action/nav_to_waypoint.hpp
-- Up-to-date: /home/bryan/lhd_ws/src/install/lhd_msgs/include/lhd_msgs/lhd_msgs/srv
-- Up-to-date: /home/bryan/lhd_ws/src/install/lhd_msgs/include/lhd_msgs/lhd_msgs/srv/detail
-- Installing: /home/bryan/lhd_ws/src/install/lhd_msgs/include/lhd_msgs/lhd_msgs/srv/detail/get_waypoints__traits.hpp
-- Installing: /home/bryan/lhd_ws/src/install/lhd_msgs/include/lhd_msgs/lhd_msgs/srv/detail/get_waypoints__type_support.hpp
-- Installing: /home/bryan/lhd_ws/src/install/lhd_msgs/include/lhd_msgs/lhd_msgs/srv/detail/get_waypoints__builder.hpp
-- Installing: /home/bryan/lhd_ws/src/install/lhd_msgs/include/lhd_msgs/lhd_msgs/srv/detail/get_waypoints__struct.hpp
-- Installing: /home/bryan/lhd_ws/src/install/lhd_msgs/include/lhd_msgs/lhd_msgs/srv/get_waypoints.hpp
-- Up-to-date: /home/bryan/lhd_ws/src/install/lhd_msgs/include/lhd_msgs/lhd_msgs/msg
-- Installing: /home/bryan/lhd_ws/src/install/lhd_msgs/include/lhd_msgs/lhd_msgs/msg/rosidl_generator_cpp__visibility_control.hpp
-- Up-to-date: /home/bryan/lhd_ws/src/install/lhd_msgs/include/lhd_msgs/lhd_msgs
-- Up-to-date: /home/bryan/lhd_ws/src/install/lhd_msgs/include/lhd_msgs/lhd_msgs/action
-- Up-to-date: /home/bryan/lhd_ws/src/install/lhd_msgs/include/lhd_msgs/lhd_msgs/action/detail
-- Installing: /home/bryan/lhd_ws/src/install/lhd_msgs/include/lhd_msgs/lhd_msgs/action/detail/dds_fastrtps
-- Installing: /home/bryan/lhd_ws/src/install/lhd_msgs/include/lhd_msgs/lhd_msgs/action/detail/count_until__rosidl_typesupport_fastrtps_cpp.hpp
-- Installing: /home/bryan/lhd_ws/src/install/lhd_msgs/include/lhd_msgs/lhd_msgs/action/detail/nav_to_waypoint__rosidl_typesupport_fastrtps_cpp.hpp
-- Up-to-date: /home/bryan/lhd_ws/src/install/lhd_msgs/include/lhd_msgs/lhd_msgs/srv
-- Up-to-date: /home/bryan/lhd_ws/src/install/lhd_msgs/include/lhd_msgs/lhd_msgs/srv/detail
-- Installing: /home/bryan/lhd_ws/src/install/lhd_msgs/include/lhd_msgs/lhd_msgs/srv/detail/dds_fastrtps
-- Installing: /home/bryan/lhd_ws/src/install/lhd_msgs/include/lhd_msgs/lhd_msgs/srv/detail/get_waypoints__rosidl_typesupport_fastrtps_cpp.hpp
-- Up-to-date: /home/bryan/lhd_ws/src/install/lhd_msgs/include/lhd_msgs/lhd_msgs/msg
-- Installing: /home/bryan/lhd_ws/src/install/lhd_msgs/include/lhd_msgs/lhd_msgs/msg/rosidl_typesupport_fastrtps_cpp__visibility_control.h
-- Installing: /home/bryan/lhd_ws/src/install/lhd_msgs/lib/liblhd_msgs__rosidl_typesupport_fastrtps_cpp.so
-- Set runtime path of "/home/bryan/lhd_ws/src/install/lhd_msgs/lib/liblhd_msgs__rosidl_typesupport_fastrtps_cpp.so" to ""
-- Up-to-date: /home/bryan/lhd_ws/src/install/lhd_msgs/include/lhd_msgs/lhd_msgs
-- Up-to-date: /home/bryan/lhd_ws/src/install/lhd_msgs/include/lhd_msgs/lhd_msgs/action
-- Up-to-date: /home/bryan/lhd_ws/src/install/lhd_msgs/include/lhd_msgs/lhd_msgs/action/detail
-- Installing: /home/bryan/lhd_ws/src/install/lhd_msgs/include/lhd_msgs/lhd_msgs/action/detail/nav_to_waypoint__type_support.c
-- Installing: /home/bryan/lhd_ws/src/install/lhd_msgs/include/lhd_msgs/lhd_msgs/action/detail/count_until__type_support.c
-- Installing: /home/bryan/lhd_ws/src/install/lhd_msgs/include/lhd_msgs/lhd_msgs/action/detail/nav_to_waypoint__rosidl_typesupport_introspection_c.h
-- Installing: /home/bryan/lhd_ws/src/install/lhd_msgs/include/lhd_msgs/lhd_msgs/action/detail/count_until__rosidl_typesupport_introspection_c.h
-- Up-to-date: /home/bryan/lhd_ws/src/install/lhd_msgs/include/lhd_msgs/lhd_msgs/srv
-- Up-to-date: /home/bryan/lhd_ws/src/install/lhd_msgs/include/lhd_msgs/lhd_msgs/srv/detail
-- Installing: /home/bryan/lhd_ws/src/install/lhd_msgs/include/lhd_msgs/lhd_msgs/srv/detail/get_waypoints__type_support.c
-- Installing: /home/bryan/lhd_ws/src/install/lhd_msgs/include/lhd_msgs/lhd_msgs/srv/detail/get_waypoints__rosidl_typesupport_introspection_c.h
-- Up-to-date: /home/bryan/lhd_ws/src/install/lhd_msgs/include/lhd_msgs/lhd_msgs/msg
-- Installing: /home/bryan/lhd_ws/src/install/lhd_msgs/include/lhd_msgs/lhd_msgs/msg/rosidl_typesupport_introspection_c__visibility_control.h
-- Installing: /home/bryan/lhd_ws/src/install/lhd_msgs/lib/liblhd_msgs__rosidl_typesupport_introspection_c.so
-- Set runtime path of "/home/bryan/lhd_ws/src/install/lhd_msgs/lib/liblhd_msgs__rosidl_typesupport_introspection_c.so" to ""
-- Installing: /home/bryan/lhd_ws/src/install/lhd_msgs/lib/liblhd_msgs__rosidl_typesupport_c.so
-- Set runtime path of "/home/bryan/lhd_ws/src/install/lhd_msgs/lib/liblhd_msgs__rosidl_typesupport_c.so" to ""
-- Up-to-date: /home/bryan/lhd_ws/src/install/lhd_msgs/include/lhd_msgs/lhd_msgs
-- Up-to-date: /home/bryan/lhd_ws/src/install/lhd_msgs/include/lhd_msgs/lhd_msgs/action
-- Up-to-date: /home/bryan/lhd_ws/src/install/lhd_msgs/include/lhd_msgs/lhd_msgs/action/detail
-- Installing: /home/bryan/lhd_ws/src/install/lhd_msgs/include/lhd_msgs/lhd_msgs/action/detail/count_until__rosidl_typesupport_introspection_cpp.hpp
-- Installing: /home/bryan/lhd_ws/src/install/lhd_msgs/include/lhd_msgs/lhd_msgs/action/detail/nav_to_waypoint__type_support.cpp
-- Installing: /home/bryan/lhd_ws/src/install/lhd_msgs/include/lhd_msgs/lhd_msgs/action/detail/count_until__type_support.cpp
-- Installing: /home/bryan/lhd_ws/src/install/lhd_msgs/include/lhd_msgs/lhd_msgs/action/detail/nav_to_waypoint__rosidl_typesupport_introspection_cpp.hpp
-- Up-to-date: /home/bryan/lhd_ws/src/install/lhd_msgs/include/lhd_msgs/lhd_msgs/srv
-- Up-to-date: /home/bryan/lhd_ws/src/install/lhd_msgs/include/lhd_msgs/lhd_msgs/srv/detail
-- Installing: /home/bryan/lhd_ws/src/install/lhd_msgs/include/lhd_msgs/lhd_msgs/srv/detail/get_waypoints__rosidl_typesupport_introspection_cpp.hpp
-- Installing: /home/bryan/lhd_ws/src/install/lhd_msgs/include/lhd_msgs/lhd_msgs/srv/detail/get_waypoints__type_support.cpp
-- Installing: /home/bryan/lhd_ws/src/install/lhd_msgs/lib/liblhd_msgs__rosidl_typesupport_introspection_cpp.so
-- Set runtime path of "/home/bryan/lhd_ws/src/install/lhd_msgs/lib/liblhd_msgs__rosidl_typesupport_introspection_cpp.so" to ""
-- Installing: /home/bryan/lhd_ws/src/install/lhd_msgs/lib/liblhd_msgs__rosidl_typesupport_cpp.so
-- Set runtime path of "/home/bryan/lhd_ws/src/install/lhd_msgs/lib/liblhd_msgs__rosidl_typesupport_cpp.so" to ""
-- Installing: /home/bryan/lhd_ws/src/install/lhd_msgs/share/lhd_msgs/environment/pythonpath.sh
-- Installing: /home/bryan/lhd_ws/src/install/lhd_msgs/share/lhd_msgs/environment/pythonpath.dsv
-- Installing: /home/bryan/lhd_ws/src/install/lhd_msgs/local/lib/python3.10/dist-packages/lhd_msgs-0.0.0-py3.10.egg-info
-- Installing: /home/bryan/lhd_ws/src/install/lhd_msgs/local/lib/python3.10/dist-packages/lhd_msgs-0.0.0-py3.10.egg-info/SOURCES.txt
-- Installing: /home/bryan/lhd_ws/src/install/lhd_msgs/local/lib/python3.10/dist-packages/lhd_msgs-0.0.0-py3.10.egg-info/PKG-INFO
-- Installing: /home/bryan/lhd_ws/src/install/lhd_msgs/local/lib/python3.10/dist-packages/lhd_msgs-0.0.0-py3.10.egg-info/top_level.txt
-- Installing: /home/bryan/lhd_ws/src/install/lhd_msgs/local/lib/python3.10/dist-packages/lhd_msgs-0.0.0-py3.10.egg-info/dependency_links.txt
-- Installing: /home/bryan/lhd_ws/src/install/lhd_msgs/local/lib/python3.10/dist-packages/lhd_msgs
-- Installing: /home/bryan/lhd_ws/src/install/lhd_msgs/local/lib/python3.10/dist-packages/lhd_msgs/lhd_msgs_s__rosidl_typesupport_c.cpython-310-x86_64-linux-gnu.so
-- Installing: /home/bryan/lhd_ws/src/install/lhd_msgs/local/lib/python3.10/dist-packages/lhd_msgs/__init__.py
-- Installing: /home/bryan/lhd_ws/src/install/lhd_msgs/local/lib/python3.10/dist-packages/lhd_msgs/action
-- Installing: /home/bryan/lhd_ws/src/install/lhd_msgs/local/lib/python3.10/dist-packages/lhd_msgs/action/__init__.py
-- Installing: /home/bryan/lhd_ws/src/install/lhd_msgs/local/lib/python3.10/dist-packages/lhd_msgs/action/_nav_to_waypoint.py
-- Installing: /home/bryan/lhd_ws/src/install/lhd_msgs/local/lib/python3.10/dist-packages/lhd_msgs/action/_count_until_s.c
-- Installing: /home/bryan/lhd_ws/src/install/lhd_msgs/local/lib/python3.10/dist-packages/lhd_msgs/action/_count_until.py
-- Installing: /home/bryan/lhd_ws/src/install/lhd_msgs/local/lib/python3.10/dist-packages/lhd_msgs/action/_nav_to_waypoint_s.c
-- Installing: /home/bryan/lhd_ws/src/install/lhd_msgs/local/lib/python3.10/dist-packages/lhd_msgs/lhd_msgs_s__rosidl_typesupport_fastrtps_c.cpython-310-x86_64-linux-gnu.so
-- Installing: /home/bryan/lhd_ws/src/install/lhd_msgs/local/lib/python3.10/dist-packages/lhd_msgs/_lhd_msgs_s.ep.rosidl_typesupport_introspection_c.c
-- Installing: /home/bryan/lhd_ws/src/install/lhd_msgs/local/lib/python3.10/dist-packages/lhd_msgs/srv
-- Installing: /home/bryan/lhd_ws/src/install/lhd_msgs/local/lib/python3.10/dist-packages/lhd_msgs/srv/__init__.py
-- Installing: /home/bryan/lhd_ws/src/install/lhd_msgs/local/lib/python3.10/dist-packages/lhd_msgs/srv/_get_waypoints.py
-- Installing: /home/bryan/lhd_ws/src/install/lhd_msgs/local/lib/python3.10/dist-packages/lhd_msgs/srv/_get_waypoints_s.c
-- Installing: /home/bryan/lhd_ws/src/install/lhd_msgs/local/lib/python3.10/dist-packages/lhd_msgs/lhd_msgs_s__rosidl_typesupport_introspection_c.cpython-310-x86_64-linux-gnu.so
-- Installing: /home/bryan/lhd_ws/src/install/lhd_msgs/local/lib/python3.10/dist-packages/lhd_msgs/_lhd_msgs_s.ep.rosidl_typesupport_fastrtps_c.c
-- Installing: /home/bryan/lhd_ws/src/install/lhd_msgs/local/lib/python3.10/dist-packages/lhd_msgs/_lhd_msgs_s.ep.rosidl_typesupport_c.c
-- Installing: /home/bryan/lhd_ws/src/install/lhd_msgs/local/lib/python3.10/dist-packages/lhd_msgs/liblhd_msgs__rosidl_generator_py.so
Listing '/home/bryan/lhd_ws/src/install/lhd_msgs/local/lib/python3.10/dist-packages/lhd_msgs'...
Compiling '/home/bryan/lhd_ws/src/install/lhd_msgs/local/lib/python3.10/dist-packages/lhd_msgs/__init__.py'...
Listing '/home/bryan/lhd_ws/src/install/lhd_msgs/local/lib/python3.10/dist-packages/lhd_msgs/action'...
Compiling '/home/bryan/lhd_ws/src/install/lhd_msgs/local/lib/python3.10/dist-packages/lhd_msgs/action/__init__.py'...
Compiling '/home/bryan/lhd_ws/src/install/lhd_msgs/local/lib/python3.10/dist-packages/lhd_msgs/action/_count_until.py'...
Compiling '/home/bryan/lhd_ws/src/install/lhd_msgs/local/lib/python3.10/dist-packages/lhd_msgs/action/_nav_to_waypoint.py'...
Listing '/home/bryan/lhd_ws/src/install/lhd_msgs/local/lib/python3.10/dist-packages/lhd_msgs/srv'...
Compiling '/home/bryan/lhd_ws/src/install/lhd_msgs/local/lib/python3.10/dist-packages/lhd_msgs/srv/__init__.py'...
Compiling '/home/bryan/lhd_ws/src/install/lhd_msgs/local/lib/python3.10/dist-packages/lhd_msgs/srv/_get_waypoints.py'...
-- Installing: /home/bryan/lhd_ws/src/install/lhd_msgs/local/lib/python3.10/dist-packages/lhd_msgs/lhd_msgs_s__rosidl_typesupport_fastrtps_c.cpython-310-x86_64-linux-gnu.so
-- Set runtime path of "/home/bryan/lhd_ws/src/install/lhd_msgs/local/lib/python3.10/dist-packages/lhd_msgs/lhd_msgs_s__rosidl_typesupport_fastrtps_c.cpython-310-x86_64-linux-gnu.so" to ""
-- Installing: /home/bryan/lhd_ws/src/install/lhd_msgs/local/lib/python3.10/dist-packages/lhd_msgs/lhd_msgs_s__rosidl_typesupport_introspection_c.cpython-310-x86_64-linux-gnu.so
-- Set runtime path of "/home/bryan/lhd_ws/src/install/lhd_msgs/local/lib/python3.10/dist-packages/lhd_msgs/lhd_msgs_s__rosidl_typesupport_introspection_c.cpython-310-x86_64-linux-gnu.so" to ""
-- Installing: /home/bryan/lhd_ws/src/install/lhd_msgs/local/lib/python3.10/dist-packages/lhd_msgs/lhd_msgs_s__rosidl_typesupport_c.cpython-310-x86_64-linux-gnu.so
-- Set runtime path of "/home/bryan/lhd_ws/src/install/lhd_msgs/local/lib/python3.10/dist-packages/lhd_msgs/lhd_msgs_s__rosidl_typesupport_c.cpython-310-x86_64-linux-gnu.so" to ""
-- Installing: /home/bryan/lhd_ws/src/install/lhd_msgs/lib/liblhd_msgs__rosidl_generator_py.so
-- Set runtime path of "/home/bryan/lhd_ws/src/install/lhd_msgs/lib/liblhd_msgs__rosidl_generator_py.so" to ""
-- Installing: /home/bryan/lhd_ws/src/install/lhd_msgs/share/lhd_msgs/action/CountUntil.idl
-- Installing: /home/bryan/lhd_ws/src/install/lhd_msgs/share/lhd_msgs/action/NavToWaypoint.idl
-- Installing: /home/bryan/lhd_ws/src/install/lhd_msgs/share/lhd_msgs/srv/GetWaypoints.idl
-- Installing: /home/bryan/lhd_ws/src/install/lhd_msgs/share/lhd_msgs/action/CountUntil.action
-- Installing: /home/bryan/lhd_ws/src/install/lhd_msgs/share/lhd_msgs/action/NavToWaypoint.action
-- Installing: /home/bryan/lhd_ws/src/install/lhd_msgs/share/lhd_msgs/srv/GetWaypoints.srv
-- Installing: /home/bryan/lhd_ws/src/install/lhd_msgs/share/lhd_msgs/srv/GetWaypoints_Request.msg
-- Installing: /home/bryan/lhd_ws/src/install/lhd_msgs/share/lhd_msgs/srv/GetWaypoints_Response.msg
-- Installing: /home/bryan/lhd_ws/src/install/lhd_msgs/share/ament_index/resource_index/package_run_dependencies/lhd_msgs
-- Installing: /home/bryan/lhd_ws/src/install/lhd_msgs/share/ament_index/resource_index/parent_prefix_path/lhd_msgs
-- Installing: /home/bryan/lhd_ws/src/install/lhd_msgs/share/lhd_msgs/environment/ament_prefix_path.sh
-- Installing: /home/bryan/lhd_ws/src/install/lhd_msgs/share/lhd_msgs/environment/ament_prefix_path.dsv
-- Installing: /home/bryan/lhd_ws/src/install/lhd_msgs/share/lhd_msgs/environment/path.sh
-- Installing: /home/bryan/lhd_ws/src/install/lhd_msgs/share/lhd_msgs/environment/path.dsv
-- Installing: /home/bryan/lhd_ws/src/install/lhd_msgs/share/lhd_msgs/local_setup.bash
-- Installing: /home/bryan/lhd_ws/src/install/lhd_msgs/share/lhd_msgs/local_setup.sh
-- Installing: /home/bryan/lhd_ws/src/install/lhd_msgs/share/lhd_msgs/local_setup.zsh
-- Installing: /home/bryan/lhd_ws/src/install/lhd_msgs/share/lhd_msgs/local_setup.dsv
-- Installing: /home/bryan/lhd_ws/src/install/lhd_msgs/share/lhd_msgs/package.dsv
-- Installing: /home/bryan/lhd_ws/src/install/lhd_msgs/share/ament_index/resource_index/packages/lhd_msgs
-- Installing: /home/bryan/lhd_ws/src/install/lhd_msgs/share/lhd_msgs/cmake/export_lhd_msgs__rosidl_generator_cExport.cmake
-- Installing: /home/bryan/lhd_ws/src/install/lhd_msgs/share/lhd_msgs/cmake/export_lhd_msgs__rosidl_generator_cExport-noconfig.cmake
-- Installing: /home/bryan/lhd_ws/src/install/lhd_msgs/share/lhd_msgs/cmake/export_lhd_msgs__rosidl_typesupport_fastrtps_cExport.cmake
-- Installing: /home/bryan/lhd_ws/src/install/lhd_msgs/share/lhd_msgs/cmake/export_lhd_msgs__rosidl_typesupport_fastrtps_cExport-noconfig.cmake
-- Installing: /home/bryan/lhd_ws/src/install/lhd_msgs/share/lhd_msgs/cmake/export_lhd_msgs__rosidl_generator_cppExport.cmake
-- Installing: /home/bryan/lhd_ws/src/install/lhd_msgs/share/lhd_msgs/cmake/export_lhd_msgs__rosidl_typesupport_fastrtps_cppExport.cmake
-- Installing: /home/bryan/lhd_ws/src/install/lhd_msgs/share/lhd_msgs/cmake/export_lhd_msgs__rosidl_typesupport_fastrtps_cppExport-noconfig.cmake
-- Installing: /home/bryan/lhd_ws/src/install/lhd_msgs/share/lhd_msgs/cmake/lhd_msgs__rosidl_typesupport_introspection_cExport.cmake
-- Installing: /home/bryan/lhd_ws/src/install/lhd_msgs/share/lhd_msgs/cmake/lhd_msgs__rosidl_typesupport_introspection_cExport-noconfig.cmake
-- Installing: /home/bryan/lhd_ws/src/install/lhd_msgs/share/lhd_msgs/cmake/lhd_msgs__rosidl_typesupport_cExport.cmake
-- Installing: /home/bryan/lhd_ws/src/install/lhd_msgs/share/lhd_msgs/cmake/lhd_msgs__rosidl_typesupport_cExport-noconfig.cmake
-- Installing: /home/bryan/lhd_ws/src/install/lhd_msgs/share/lhd_msgs/cmake/lhd_msgs__rosidl_typesupport_introspection_cppExport.cmake
-- Installing: /home/bryan/lhd_ws/src/install/lhd_msgs/share/lhd_msgs/cmake/lhd_msgs__rosidl_typesupport_introspection_cppExport-noconfig.cmake
-- Installing: /home/bryan/lhd_ws/src/install/lhd_msgs/share/lhd_msgs/cmake/lhd_msgs__rosidl_typesupport_cppExport.cmake
-- Installing: /home/bryan/lhd_ws/src/install/lhd_msgs/share/lhd_msgs/cmake/lhd_msgs__rosidl_typesupport_cppExport-noconfig.cmake
-- Installing: /home/bryan/lhd_ws/src/install/lhd_msgs/share/lhd_msgs/cmake/export_lhd_msgs__rosidl_generator_pyExport.cmake
-- Installing: /home/bryan/lhd_ws/src/install/lhd_msgs/share/lhd_msgs/cmake/export_lhd_msgs__rosidl_generator_pyExport-noconfig.cmake
-- Installing: /home/bryan/lhd_ws/src/install/lhd_msgs/share/lhd_msgs/cmake/rosidl_cmake-extras.cmake
-- Installing: /home/bryan/lhd_ws/src/install/lhd_msgs/share/lhd_msgs/cmake/ament_cmake_export_dependencies-extras.cmake
-- Installing: /home/bryan/lhd_ws/src/install/lhd_msgs/share/lhd_msgs/cmake/ament_cmake_export_include_directories-extras.cmake
-- Installing: /home/bryan/lhd_ws/src/install/lhd_msgs/share/lhd_msgs/cmake/ament_cmake_export_libraries-extras.cmake
-- Installing: /home/bryan/lhd_ws/src/install/lhd_msgs/share/lhd_msgs/cmake/ament_cmake_export_targets-extras.cmake
-- Installing: /home/bryan/lhd_ws/src/install/lhd_msgs/share/lhd_msgs/cmake/rosidl_cmake_export_typesupport_targets-extras.cmake
-- Installing: /home/bryan/lhd_ws/src/install/lhd_msgs/share/lhd_msgs/cmake/rosidl_cmake_export_typesupport_libraries-extras.cmake
-- Installing: /home/bryan/lhd_ws/src/install/lhd_msgs/share/lhd_msgs/cmake/lhd_msgsConfig.cmake
-- Installing: /home/bryan/lhd_ws/src/install/lhd_msgs/share/lhd_msgs/cmake/lhd_msgsConfig-version.cmake
-- Installing: /home/bryan/lhd_ws/src/install/lhd_msgs/share/lhd_msgs/package.xml
