[0.017s] Invoking command in '/home/bryan/lhd_ws/src/build/lhd_msgs': CMAKE_PREFIX_PATH=${CMAKE_PREFIX_PATH}:/home/bryan/bumperbot_ws/install/bumperbot_py_examples:/home/bryan/hexapod_ws/install/mpu9250:/opt/ros/humble /usr/bin/cmake /home/bryan/lhd_ws/src/lhd_msgs -DCMAKE_INSTALL_PREFIX=/home/bryan/lhd_ws/src/install/lhd_msgs
[0.073s] -- The C compiler identification is GNU 11.4.0
[0.128s] -- The CXX compiler identification is GNU 11.4.0
[0.135s] -- Detecting C compiler ABI info
[0.198s] -- Detecting C compiler ABI info - done
[0.207s] -- Check for working C compiler: /usr/bin/cc - skipped
[0.207s] -- Detecting C compile features
[0.207s] -- Detecting C compile features - done
[0.210s] -- Detecting CXX compiler ABI info
[0.285s] -- Detecting CXX compiler ABI info - done
[0.293s] -- Check for working CXX compiler: /usr/bin/c++ - skipped
[0.294s] -- Detecting CXX compile features
[0.294s] -- Detecting CXX compile features - done
[0.300s] -- Found ament_cmake: 1.3.11 (/opt/ros/humble/share/ament_cmake/cmake)
[0.494s] -- Found Python3: /usr/bin/python3 (found version "3.10.12") found components: Interpreter 
[0.595s] -- Found geometry_msgs: 4.9.0 (/opt/ros/humble/share/geometry_msgs/cmake)
[0.645s] -- Found rosidl_generator_c: 3.1.6 (/opt/ros/humble/share/rosidl_generator_c/cmake)
[0.651s] -- Found rosidl_adapter: 3.1.6 (/opt/ros/humble/share/rosidl_adapter/cmake)
[0.661s] -- Found rosidl_generator_cpp: 3.1.6 (/opt/ros/humble/share/rosidl_generator_cpp/cmake)
[0.673s] -- Using all available rosidl_typesupport_c: rosidl_typesupport_fastrtps_c;rosidl_typesupport_introspection_c
[0.690s] -- Using all available rosidl_typesupport_cpp: rosidl_typesupport_fastrtps_cpp;rosidl_typesupport_introspection_cpp
[0.727s] -- Found rosidl_default_generators: 1.2.0 (/opt/ros/humble/share/rosidl_default_generators/cmake)
[1.062s] -- Found ament_cmake_ros: 0.10.0 (/opt/ros/humble/share/ament_cmake_ros/cmake)
[1.466s] -- Using all available rosidl_typesupport_c: rosidl_typesupport_fastrtps_c;rosidl_typesupport_introspection_c
[1.636s] -- Using all available rosidl_typesupport_cpp: rosidl_typesupport_fastrtps_cpp;rosidl_typesupport_introspection_cpp
[1.659s] -- Found PythonInterp: /usr/bin/python3 (found suitable version "3.10.12", minimum required is "3.6") 
[1.662s] -- Found python_cmake_module: 0.10.0 (/opt/ros/humble/share/python_cmake_module/cmake)
[1.691s] -- Found PythonLibs: /usr/lib/x86_64-linux-gnu/libpython3.10.so (found suitable version "3.10.12", minimum required is "3.5") 
[1.691s] -- Using PYTHON_EXECUTABLE: /usr/bin/python3
[1.691s] -- Using PYTHON_INCLUDE_DIRS: /usr/include/python3.10
[1.691s] -- Using PYTHON_LIBRARIES: /usr/lib/x86_64-linux-gnu/libpython3.10.so
[1.710s] -- Found PythonExtra: .so  
[1.782s] -- Configuring done
[1.809s] -- Generating done
[1.818s] -- Build files have been written to: /home/bryan/lhd_ws/src/build/lhd_msgs
[1.826s] Invoked command in '/home/bryan/lhd_ws/src/build/lhd_msgs' returned '0': CMAKE_PREFIX_PATH=${CMAKE_PREFIX_PATH}:/home/bryan/bumperbot_ws/install/bumperbot_py_examples:/home/bryan/hexapod_ws/install/mpu9250:/opt/ros/humble /usr/bin/cmake /home/bryan/lhd_ws/src/lhd_msgs -DCMAKE_INSTALL_PREFIX=/home/bryan/lhd_ws/src/install/lhd_msgs
[1.826s] Invoking command in '/home/bryan/lhd_ws/src/build/lhd_msgs': CMAKE_PREFIX_PATH=${CMAKE_PREFIX_PATH}:/home/bryan/bumperbot_ws/install/bumperbot_py_examples:/home/bryan/hexapod_ws/install/mpu9250:/opt/ros/humble /usr/bin/cmake --build /home/bryan/lhd_ws/src/build/lhd_msgs -- -j16 -l16
[1.863s] [  2%] [34m[1mGenerating C code for ROS interfaces[0m
[1.872s] [  4%] [34m[1mGenerating C++ code for ROS interfaces[0m
[1.881s] [  4%] Built target ament_cmake_python_copy_lhd_msgs
[2.094s] running egg_info
[2.094s] creating lhd_msgs.egg-info
[2.094s] writing lhd_msgs.egg-info/PKG-INFO
[2.094s] writing dependency_links to lhd_msgs.egg-info/dependency_links.txt
[2.095s] writing top-level names to lhd_msgs.egg-info/top_level.txt
[2.095s] writing manifest file 'lhd_msgs.egg-info/SOURCES.txt'
[2.096s] reading manifest file 'lhd_msgs.egg-info/SOURCES.txt'
[2.096s] writing manifest file 'lhd_msgs.egg-info/SOURCES.txt'
[2.119s] [  4%] Built target ament_cmake_python_build_lhd_msgs_egg
[2.379s] [  4%] Built target lhd_msgs__cpp
[2.390s] [  6%] [34m[1mGenerating C++ introspection for ROS interfaces[0m
[2.390s] [ 10%] [34m[1mGenerating C++ type support for eProsima Fast-RTPS[0m
[2.390s] [ 10%] [34m[1mGenerating C++ type support dispatch for ROS interfaces[0m
[2.430s] [ 12%] [32mBuilding C object CMakeFiles/lhd_msgs__rosidl_generator_c.dir/rosidl_generator_c/lhd_msgs/action/detail/nav_to_waypoint__functions.c.o[0m
[2.430s] [ 17%] [32mBuilding C object CMakeFiles/lhd_msgs__rosidl_generator_c.dir/rosidl_generator_c/lhd_msgs/srv/detail/get_waypoints__functions.c.o[0m
[2.430s] [ 17%] [32mBuilding C object CMakeFiles/lhd_msgs__rosidl_generator_c.dir/rosidl_generator_c/lhd_msgs/action/detail/count_until__functions.c.o[0m
[2.577s] [ 19%] [32m[1mLinking C shared library liblhd_msgs__rosidl_generator_c.so[0m
[2.619s] [ 19%] Built target lhd_msgs__rosidl_generator_c
[2.633s] [ 25%] [34m[1mGenerating C introspection for ROS interfaces[0m
[2.633s] [ 25%] [34m[1mGenerating C type support for eProsima Fast-RTPS[0m
[2.633s] [ 25%] [34m[1mGenerating C type support dispatch for ROS interfaces[0m
[2.746s] [ 27%] [32mBuilding CXX object CMakeFiles/lhd_msgs__rosidl_typesupport_cpp.dir/rosidl_typesupport_cpp/lhd_msgs/action/nav_to_waypoint__type_support.cpp.o[0m
[2.748s] [ 31%] [32mBuilding CXX object CMakeFiles/lhd_msgs__rosidl_typesupport_cpp.dir/rosidl_typesupport_cpp/lhd_msgs/action/count_until__type_support.cpp.o[0m
[2.748s] [ 31%] [32mBuilding CXX object CMakeFiles/lhd_msgs__rosidl_typesupport_cpp.dir/rosidl_typesupport_cpp/lhd_msgs/srv/get_waypoints__type_support.cpp.o[0m
[2.794s] [ 34%] [32mBuilding CXX object CMakeFiles/lhd_msgs__rosidl_typesupport_introspection_cpp.dir/rosidl_typesupport_introspection_cpp/lhd_msgs/action/detail/nav_to_waypoint__type_support.cpp.o[0m
[2.794s] [ 36%] [32mBuilding CXX object CMakeFiles/lhd_msgs__rosidl_typesupport_introspection_cpp.dir/rosidl_typesupport_introspection_cpp/lhd_msgs/srv/detail/get_waypoints__type_support.cpp.o[0m
[2.795s] [ 38%] [32mBuilding CXX object CMakeFiles/lhd_msgs__rosidl_typesupport_introspection_cpp.dir/rosidl_typesupport_introspection_cpp/lhd_msgs/action/detail/count_until__type_support.cpp.o[0m
[2.967s] [ 44%] [32mBuilding CXX object CMakeFiles/lhd_msgs__rosidl_typesupport_fastrtps_cpp.dir/rosidl_typesupport_fastrtps_cpp/lhd_msgs/action/detail/dds_fastrtps/count_until__type_support.cpp.o[0m
[2.967s] [ 44%] [32mBuilding CXX object CMakeFiles/lhd_msgs__rosidl_typesupport_fastrtps_cpp.dir/rosidl_typesupport_fastrtps_cpp/lhd_msgs/action/detail/dds_fastrtps/nav_to_waypoint__type_support.cpp.o[0m
[2.967s] [ 44%] [32mBuilding CXX object CMakeFiles/lhd_msgs__rosidl_typesupport_fastrtps_cpp.dir/rosidl_typesupport_fastrtps_cpp/lhd_msgs/srv/detail/dds_fastrtps/get_waypoints__type_support.cpp.o[0m
[3.152s] [ 48%] [32mBuilding CXX object CMakeFiles/lhd_msgs__rosidl_typesupport_c.dir/rosidl_typesupport_c/lhd_msgs/action/nav_to_waypoint__type_support.cpp.o[0m
[3.153s] [ 48%] [32mBuilding CXX object CMakeFiles/lhd_msgs__rosidl_typesupport_c.dir/rosidl_typesupport_c/lhd_msgs/srv/get_waypoints__type_support.cpp.o[0m
[3.154s] [ 51%] [32mBuilding CXX object CMakeFiles/lhd_msgs__rosidl_typesupport_c.dir/rosidl_typesupport_c/lhd_msgs/action/count_until__type_support.cpp.o[0m
[3.207s] [ 53%] [32m[1mLinking CXX shared library liblhd_msgs__rosidl_typesupport_c.so[0m
[3.252s] [ 55%] [32m[1mLinking CXX shared library liblhd_msgs__rosidl_typesupport_cpp.so[0m
[3.252s] [ 55%] Built target lhd_msgs__rosidl_typesupport_c
[3.298s] [ 55%] Built target lhd_msgs__rosidl_typesupport_cpp
[3.335s] [ 59%] [32mBuilding C object CMakeFiles/lhd_msgs__rosidl_typesupport_introspection_c.dir/rosidl_typesupport_introspection_c/lhd_msgs/action/detail/nav_to_waypoint__type_support.c.o[0m
[3.335s] [ 59%] [32mBuilding C object CMakeFiles/lhd_msgs__rosidl_typesupport_introspection_c.dir/rosidl_typesupport_introspection_c/lhd_msgs/action/detail/count_until__type_support.c.o[0m
[3.338s] [ 61%] [32mBuilding C object CMakeFiles/lhd_msgs__rosidl_typesupport_introspection_c.dir/rosidl_typesupport_introspection_c/lhd_msgs/srv/detail/get_waypoints__type_support.c.o[0m
[3.390s] [ 63%] [32mBuilding CXX object CMakeFiles/lhd_msgs__rosidl_typesupport_fastrtps_c.dir/rosidl_typesupport_fastrtps_c/lhd_msgs/srv/detail/get_waypoints__type_support_c.cpp.o[0m
[3.392s] [ 68%] [32mBuilding CXX object CMakeFiles/lhd_msgs__rosidl_typesupport_fastrtps_c.dir/rosidl_typesupport_fastrtps_c/lhd_msgs/action/detail/nav_to_waypoint__type_support_c.cpp.o[0m
[3.392s] [ 68%] [32mBuilding CXX object CMakeFiles/lhd_msgs__rosidl_typesupport_fastrtps_c.dir/rosidl_typesupport_fastrtps_c/lhd_msgs/action/detail/count_until__type_support_c.cpp.o[0m
[3.397s] [ 70%] [32m[1mLinking C shared library liblhd_msgs__rosidl_typesupport_introspection_c.so[0m
[3.434s] [ 70%] Built target lhd_msgs__rosidl_typesupport_introspection_c
[3.524s] [ 72%] [32m[1mLinking CXX shared library liblhd_msgs__rosidl_typesupport_introspection_cpp.so[0m
[3.594s] [ 74%] [32m[1mLinking CXX shared library liblhd_msgs__rosidl_typesupport_fastrtps_cpp.so[0m
[3.610s] [ 74%] Built target lhd_msgs__rosidl_typesupport_introspection_cpp
[3.670s] [ 74%] Built target lhd_msgs__rosidl_typesupport_fastrtps_cpp
[3.745s] [ 76%] [32m[1mLinking CXX shared library liblhd_msgs__rosidl_typesupport_fastrtps_c.so[0m
[3.808s] [ 76%] Built target lhd_msgs__rosidl_typesupport_fastrtps_c
[3.829s] [ 76%] Built target lhd_msgs
[3.848s] [ 78%] [34m[1mGenerating Python code for ROS interfaces[0m
[4.675s] [ 78%] Built target lhd_msgs__py
[4.693s] [ 80%] [32mBuilding C object CMakeFiles/lhd_msgs__rosidl_generator_py.dir/rosidl_generator_py/lhd_msgs/action/_count_until_s.c.o[0m
[4.693s] [ 82%] [32mBuilding C object CMakeFiles/lhd_msgs__rosidl_generator_py.dir/rosidl_generator_py/lhd_msgs/srv/_get_waypoints_s.c.o[0m
[4.693s] [ 85%] [32mBuilding C object CMakeFiles/lhd_msgs__rosidl_generator_py.dir/rosidl_generator_py/lhd_msgs/action/_nav_to_waypoint_s.c.o[0m
[4.833s] [ 87%] [32m[1mLinking C shared library rosidl_generator_py/lhd_msgs/liblhd_msgs__rosidl_generator_py.so[0m
[4.865s] [ 87%] Built target lhd_msgs__rosidl_generator_py
[4.885s] [ 89%] [32mBuilding C object CMakeFiles/lhd_msgs__rosidl_typesupport_introspection_c__pyext.dir/rosidl_generator_py/lhd_msgs/_lhd_msgs_s.ep.rosidl_typesupport_introspection_c.c.o[0m
[4.885s] [ 91%] [32mBuilding C object CMakeFiles/lhd_msgs__rosidl_typesupport_fastrtps_c__pyext.dir/rosidl_generator_py/lhd_msgs/_lhd_msgs_s.ep.rosidl_typesupport_fastrtps_c.c.o[0m
[4.885s] [ 93%] [32mBuilding C object CMakeFiles/lhd_msgs__rosidl_typesupport_c__pyext.dir/rosidl_generator_py/lhd_msgs/_lhd_msgs_s.ep.rosidl_typesupport_c.c.o[0m
[4.993s] [ 97%] [32m[1mLinking C shared library rosidl_generator_py/lhd_msgs/lhd_msgs_s__rosidl_typesupport_introspection_c.cpython-310-x86_64-linux-gnu.so[0m
[4.993s] [ 97%] [32m[1mLinking C shared library rosidl_generator_py/lhd_msgs/lhd_msgs_s__rosidl_typesupport_fastrtps_c.cpython-310-x86_64-linux-gnu.so[0m
[4.994s] [100%] [32m[1mLinking C shared library rosidl_generator_py/lhd_msgs/lhd_msgs_s__rosidl_typesupport_c.cpython-310-x86_64-linux-gnu.so[0m
[5.032s] [100%] Built target lhd_msgs__rosidl_typesupport_fastrtps_c__pyext
[5.033s] [100%] Built target lhd_msgs__rosidl_typesupport_introspection_c__pyext
[5.034s] [100%] Built target lhd_msgs__rosidl_typesupport_c__pyext
[5.044s] Invoked command in '/home/bryan/lhd_ws/src/build/lhd_msgs' returned '0': CMAKE_PREFIX_PATH=${CMAKE_PREFIX_PATH}:/home/bryan/bumperbot_ws/install/bumperbot_py_examples:/home/bryan/hexapod_ws/install/mpu9250:/opt/ros/humble /usr/bin/cmake --build /home/bryan/lhd_ws/src/build/lhd_msgs -- -j16 -l16
[5.046s] Invoking command in '/home/bryan/lhd_ws/src/build/lhd_msgs': CMAKE_PREFIX_PATH=${CMAKE_PREFIX_PATH}:/home/bryan/bumperbot_ws/install/bumperbot_py_examples:/home/bryan/hexapod_ws/install/mpu9250:/opt/ros/humble /usr/bin/cmake --install /home/bryan/lhd_ws/src/build/lhd_msgs
[5.052s] -- Install configuration: ""
[5.052s] -- Installing: /home/bryan/lhd_ws/src/install/lhd_msgs/share/ament_index/resource_index/rosidl_interfaces/lhd_msgs
[5.052s] -- Installing: /home/bryan/lhd_ws/src/install/lhd_msgs/include/lhd_msgs/lhd_msgs
[5.052s] -- Installing: /home/bryan/lhd_ws/src/install/lhd_msgs/include/lhd_msgs/lhd_msgs/action
[5.052s] -- Installing: /home/bryan/lhd_ws/src/install/lhd_msgs/include/lhd_msgs/lhd_msgs/action/detail
[5.052s] -- Installing: /home/bryan/lhd_ws/src/install/lhd_msgs/include/lhd_msgs/lhd_msgs/action/detail/nav_to_waypoint__functions.h
[5.052s] -- Installing: /home/bryan/lhd_ws/src/install/lhd_msgs/include/lhd_msgs/lhd_msgs/action/detail/count_until__functions.c
[5.052s] -- Installing: /home/bryan/lhd_ws/src/install/lhd_msgs/include/lhd_msgs/lhd_msgs/action/detail/count_until__type_support.h
[5.053s] -- Installing: /home/bryan/lhd_ws/src/install/lhd_msgs/include/lhd_msgs/lhd_msgs/action/detail/nav_to_waypoint__struct.h
[5.053s] -- Installing: /home/bryan/lhd_ws/src/install/lhd_msgs/include/lhd_msgs/lhd_msgs/action/detail/nav_to_waypoint__type_support.h
[5.053s] -- Installing: /home/bryan/lhd_ws/src/install/lhd_msgs/include/lhd_msgs/lhd_msgs/action/detail/count_until__functions.h
[5.053s] -- Installing: /home/bryan/lhd_ws/src/install/lhd_msgs/include/lhd_msgs/lhd_msgs/action/detail/count_until__struct.h
[5.053s] -- Installing: /home/bryan/lhd_ws/src/install/lhd_msgs/include/lhd_msgs/lhd_msgs/action/detail/nav_to_waypoint__functions.c
[5.053s] -- Installing: /home/bryan/lhd_ws/src/install/lhd_msgs/include/lhd_msgs/lhd_msgs/action/count_until.h
[5.053s] -- Installing: /home/bryan/lhd_ws/src/install/lhd_msgs/include/lhd_msgs/lhd_msgs/action/nav_to_waypoint.h
[5.053s] -- Installing: /home/bryan/lhd_ws/src/install/lhd_msgs/include/lhd_msgs/lhd_msgs/srv
[5.053s] -- Installing: /home/bryan/lhd_ws/src/install/lhd_msgs/include/lhd_msgs/lhd_msgs/srv/detail
[5.053s] -- Installing: /home/bryan/lhd_ws/src/install/lhd_msgs/include/lhd_msgs/lhd_msgs/srv/detail/get_waypoints__type_support.h
[5.053s] -- Installing: /home/bryan/lhd_ws/src/install/lhd_msgs/include/lhd_msgs/lhd_msgs/srv/detail/get_waypoints__functions.h
[5.053s] -- Installing: /home/bryan/lhd_ws/src/install/lhd_msgs/include/lhd_msgs/lhd_msgs/srv/detail/get_waypoints__functions.c
[5.053s] -- Installing: /home/bryan/lhd_ws/src/install/lhd_msgs/include/lhd_msgs/lhd_msgs/srv/detail/get_waypoints__struct.h
[5.053s] -- Installing: /home/bryan/lhd_ws/src/install/lhd_msgs/include/lhd_msgs/lhd_msgs/srv/get_waypoints.h
[5.054s] -- Installing: /home/bryan/lhd_ws/src/install/lhd_msgs/include/lhd_msgs/lhd_msgs/msg
[5.054s] -- Installing: /home/bryan/lhd_ws/src/install/lhd_msgs/include/lhd_msgs/lhd_msgs/msg/rosidl_generator_c__visibility_control.h
[5.054s] -- Installing: /home/bryan/lhd_ws/src/install/lhd_msgs/share/lhd_msgs/environment/library_path.sh
[5.054s] -- Installing: /home/bryan/lhd_ws/src/install/lhd_msgs/share/lhd_msgs/environment/library_path.dsv
[5.054s] -- Installing: /home/bryan/lhd_ws/src/install/lhd_msgs/lib/liblhd_msgs__rosidl_generator_c.so
[5.054s] -- Set runtime path of "/home/bryan/lhd_ws/src/install/lhd_msgs/lib/liblhd_msgs__rosidl_generator_c.so" to ""
[5.054s] -- Up-to-date: /home/bryan/lhd_ws/src/install/lhd_msgs/include/lhd_msgs/lhd_msgs
[5.054s] -- Up-to-date: /home/bryan/lhd_ws/src/install/lhd_msgs/include/lhd_msgs/lhd_msgs/action
[5.054s] -- Up-to-date: /home/bryan/lhd_ws/src/install/lhd_msgs/include/lhd_msgs/lhd_msgs/action/detail
[5.054s] -- Installing: /home/bryan/lhd_ws/src/install/lhd_msgs/include/lhd_msgs/lhd_msgs/action/detail/count_until__rosidl_typesupport_fastrtps_c.h
[5.054s] -- Installing: /home/bryan/lhd_ws/src/install/lhd_msgs/include/lhd_msgs/lhd_msgs/action/detail/nav_to_waypoint__rosidl_typesupport_fastrtps_c.h
[5.054s] -- Up-to-date: /home/bryan/lhd_ws/src/install/lhd_msgs/include/lhd_msgs/lhd_msgs/srv
[5.054s] -- Up-to-date: /home/bryan/lhd_ws/src/install/lhd_msgs/include/lhd_msgs/lhd_msgs/srv/detail
[5.055s] -- Installing: /home/bryan/lhd_ws/src/install/lhd_msgs/include/lhd_msgs/lhd_msgs/srv/detail/get_waypoints__rosidl_typesupport_fastrtps_c.h
[5.055s] -- Up-to-date: /home/bryan/lhd_ws/src/install/lhd_msgs/include/lhd_msgs/lhd_msgs/msg
[5.055s] -- Installing: /home/bryan/lhd_ws/src/install/lhd_msgs/include/lhd_msgs/lhd_msgs/msg/rosidl_typesupport_fastrtps_c__visibility_control.h
[5.055s] -- Installing: /home/bryan/lhd_ws/src/install/lhd_msgs/lib/liblhd_msgs__rosidl_typesupport_fastrtps_c.so
[5.055s] -- Set runtime path of "/home/bryan/lhd_ws/src/install/lhd_msgs/lib/liblhd_msgs__rosidl_typesupport_fastrtps_c.so" to ""
[5.055s] -- Up-to-date: /home/bryan/lhd_ws/src/install/lhd_msgs/include/lhd_msgs/lhd_msgs
[5.055s] -- Up-to-date: /home/bryan/lhd_ws/src/install/lhd_msgs/include/lhd_msgs/lhd_msgs/action
[5.055s] -- Installing: /home/bryan/lhd_ws/src/install/lhd_msgs/include/lhd_msgs/lhd_msgs/action/count_until.hpp
[5.055s] -- Up-to-date: /home/bryan/lhd_ws/src/install/lhd_msgs/include/lhd_msgs/lhd_msgs/action/detail
[5.055s] -- Installing: /home/bryan/lhd_ws/src/install/lhd_msgs/include/lhd_msgs/lhd_msgs/action/detail/count_until__builder.hpp
[5.055s] -- Installing: /home/bryan/lhd_ws/src/install/lhd_msgs/include/lhd_msgs/lhd_msgs/action/detail/nav_to_waypoint__struct.hpp
[5.055s] -- Installing: /home/bryan/lhd_ws/src/install/lhd_msgs/include/lhd_msgs/lhd_msgs/action/detail/count_until__traits.hpp
[5.055s] -- Installing: /home/bryan/lhd_ws/src/install/lhd_msgs/include/lhd_msgs/lhd_msgs/action/detail/nav_to_waypoint__builder.hpp
[5.056s] -- Installing: /home/bryan/lhd_ws/src/install/lhd_msgs/include/lhd_msgs/lhd_msgs/action/detail/nav_to_waypoint__type_support.hpp
[5.056s] -- Installing: /home/bryan/lhd_ws/src/install/lhd_msgs/include/lhd_msgs/lhd_msgs/action/detail/count_until__type_support.hpp
[5.056s] -- Installing: /home/bryan/lhd_ws/src/install/lhd_msgs/include/lhd_msgs/lhd_msgs/action/detail/nav_to_waypoint__traits.hpp
[5.056s] -- Installing: /home/bryan/lhd_ws/src/install/lhd_msgs/include/lhd_msgs/lhd_msgs/action/detail/count_until__struct.hpp
[5.056s] -- Installing: /home/bryan/lhd_ws/src/install/lhd_msgs/include/lhd_msgs/lhd_msgs/action/nav_to_waypoint.hpp
[5.056s] -- Up-to-date: /home/bryan/lhd_ws/src/install/lhd_msgs/include/lhd_msgs/lhd_msgs/srv
[5.056s] -- Up-to-date: /home/bryan/lhd_ws/src/install/lhd_msgs/include/lhd_msgs/lhd_msgs/srv/detail
[5.056s] -- Installing: /home/bryan/lhd_ws/src/install/lhd_msgs/include/lhd_msgs/lhd_msgs/srv/detail/get_waypoints__traits.hpp
[5.056s] -- Installing: /home/bryan/lhd_ws/src/install/lhd_msgs/include/lhd_msgs/lhd_msgs/srv/detail/get_waypoints__type_support.hpp
[5.056s] -- Installing: /home/bryan/lhd_ws/src/install/lhd_msgs/include/lhd_msgs/lhd_msgs/srv/detail/get_waypoints__builder.hpp
[5.056s] -- Installing: /home/bryan/lhd_ws/src/install/lhd_msgs/include/lhd_msgs/lhd_msgs/srv/detail/get_waypoints__struct.hpp
[5.056s] -- Installing: /home/bryan/lhd_ws/src/install/lhd_msgs/include/lhd_msgs/lhd_msgs/srv/get_waypoints.hpp
[5.056s] -- Up-to-date: /home/bryan/lhd_ws/src/install/lhd_msgs/include/lhd_msgs/lhd_msgs/msg
[5.057s] -- Installing: /home/bryan/lhd_ws/src/install/lhd_msgs/include/lhd_msgs/lhd_msgs/msg/rosidl_generator_cpp__visibility_control.hpp
[5.057s] -- Up-to-date: /home/bryan/lhd_ws/src/install/lhd_msgs/include/lhd_msgs/lhd_msgs
[5.057s] -- Up-to-date: /home/bryan/lhd_ws/src/install/lhd_msgs/include/lhd_msgs/lhd_msgs/action
[5.057s] -- Up-to-date: /home/bryan/lhd_ws/src/install/lhd_msgs/include/lhd_msgs/lhd_msgs/action/detail
[5.057s] -- Installing: /home/bryan/lhd_ws/src/install/lhd_msgs/include/lhd_msgs/lhd_msgs/action/detail/dds_fastrtps
[5.057s] -- Installing: /home/bryan/lhd_ws/src/install/lhd_msgs/include/lhd_msgs/lhd_msgs/action/detail/count_until__rosidl_typesupport_fastrtps_cpp.hpp
[5.057s] -- Installing: /home/bryan/lhd_ws/src/install/lhd_msgs/include/lhd_msgs/lhd_msgs/action/detail/nav_to_waypoint__rosidl_typesupport_fastrtps_cpp.hpp
[5.057s] -- Up-to-date: /home/bryan/lhd_ws/src/install/lhd_msgs/include/lhd_msgs/lhd_msgs/srv
[5.057s] -- Up-to-date: /home/bryan/lhd_ws/src/install/lhd_msgs/include/lhd_msgs/lhd_msgs/srv/detail
[5.057s] -- Installing: /home/bryan/lhd_ws/src/install/lhd_msgs/include/lhd_msgs/lhd_msgs/srv/detail/dds_fastrtps
[5.057s] -- Installing: /home/bryan/lhd_ws/src/install/lhd_msgs/include/lhd_msgs/lhd_msgs/srv/detail/get_waypoints__rosidl_typesupport_fastrtps_cpp.hpp
[5.057s] -- Up-to-date: /home/bryan/lhd_ws/src/install/lhd_msgs/include/lhd_msgs/lhd_msgs/msg
[5.057s] -- Installing: /home/bryan/lhd_ws/src/install/lhd_msgs/include/lhd_msgs/lhd_msgs/msg/rosidl_typesupport_fastrtps_cpp__visibility_control.h
[5.057s] -- Installing: /home/bryan/lhd_ws/src/install/lhd_msgs/lib/liblhd_msgs__rosidl_typesupport_fastrtps_cpp.so
[5.058s] -- Set runtime path of "/home/bryan/lhd_ws/src/install/lhd_msgs/lib/liblhd_msgs__rosidl_typesupport_fastrtps_cpp.so" to ""
[5.058s] -- Up-to-date: /home/bryan/lhd_ws/src/install/lhd_msgs/include/lhd_msgs/lhd_msgs
[5.058s] -- Up-to-date: /home/bryan/lhd_ws/src/install/lhd_msgs/include/lhd_msgs/lhd_msgs/action
[5.058s] -- Up-to-date: /home/bryan/lhd_ws/src/install/lhd_msgs/include/lhd_msgs/lhd_msgs/action/detail
[5.058s] -- Installing: /home/bryan/lhd_ws/src/install/lhd_msgs/include/lhd_msgs/lhd_msgs/action/detail/nav_to_waypoint__type_support.c
[5.058s] -- Installing: /home/bryan/lhd_ws/src/install/lhd_msgs/include/lhd_msgs/lhd_msgs/action/detail/count_until__type_support.c
[5.058s] -- Installing: /home/bryan/lhd_ws/src/install/lhd_msgs/include/lhd_msgs/lhd_msgs/action/detail/nav_to_waypoint__rosidl_typesupport_introspection_c.h
[5.058s] -- Installing: /home/bryan/lhd_ws/src/install/lhd_msgs/include/lhd_msgs/lhd_msgs/action/detail/count_until__rosidl_typesupport_introspection_c.h
[5.058s] -- Up-to-date: /home/bryan/lhd_ws/src/install/lhd_msgs/include/lhd_msgs/lhd_msgs/srv
[5.058s] -- Up-to-date: /home/bryan/lhd_ws/src/install/lhd_msgs/include/lhd_msgs/lhd_msgs/srv/detail
[5.058s] -- Installing: /home/bryan/lhd_ws/src/install/lhd_msgs/include/lhd_msgs/lhd_msgs/srv/detail/get_waypoints__type_support.c
[5.058s] -- Installing: /home/bryan/lhd_ws/src/install/lhd_msgs/include/lhd_msgs/lhd_msgs/srv/detail/get_waypoints__rosidl_typesupport_introspection_c.h
[5.058s] -- Up-to-date: /home/bryan/lhd_ws/src/install/lhd_msgs/include/lhd_msgs/lhd_msgs/msg
[5.059s] -- Installing: /home/bryan/lhd_ws/src/install/lhd_msgs/include/lhd_msgs/lhd_msgs/msg/rosidl_typesupport_introspection_c__visibility_control.h
[5.059s] -- Installing: /home/bryan/lhd_ws/src/install/lhd_msgs/lib/liblhd_msgs__rosidl_typesupport_introspection_c.so
[5.059s] -- Set runtime path of "/home/bryan/lhd_ws/src/install/lhd_msgs/lib/liblhd_msgs__rosidl_typesupport_introspection_c.so" to ""
[5.059s] -- Installing: /home/bryan/lhd_ws/src/install/lhd_msgs/lib/liblhd_msgs__rosidl_typesupport_c.so
[5.059s] -- Set runtime path of "/home/bryan/lhd_ws/src/install/lhd_msgs/lib/liblhd_msgs__rosidl_typesupport_c.so" to ""
[5.059s] -- Up-to-date: /home/bryan/lhd_ws/src/install/lhd_msgs/include/lhd_msgs/lhd_msgs
[5.059s] -- Up-to-date: /home/bryan/lhd_ws/src/install/lhd_msgs/include/lhd_msgs/lhd_msgs/action
[5.059s] -- Up-to-date: /home/bryan/lhd_ws/src/install/lhd_msgs/include/lhd_msgs/lhd_msgs/action/detail
[5.059s] -- Installing: /home/bryan/lhd_ws/src/install/lhd_msgs/include/lhd_msgs/lhd_msgs/action/detail/count_until__rosidl_typesupport_introspection_cpp.hpp
[5.059s] -- Installing: /home/bryan/lhd_ws/src/install/lhd_msgs/include/lhd_msgs/lhd_msgs/action/detail/nav_to_waypoint__type_support.cpp
[5.059s] -- Installing: /home/bryan/lhd_ws/src/install/lhd_msgs/include/lhd_msgs/lhd_msgs/action/detail/count_until__type_support.cpp
[5.059s] -- Installing: /home/bryan/lhd_ws/src/install/lhd_msgs/include/lhd_msgs/lhd_msgs/action/detail/nav_to_waypoint__rosidl_typesupport_introspection_cpp.hpp
[5.059s] -- Up-to-date: /home/bryan/lhd_ws/src/install/lhd_msgs/include/lhd_msgs/lhd_msgs/srv
[5.060s] -- Up-to-date: /home/bryan/lhd_ws/src/install/lhd_msgs/include/lhd_msgs/lhd_msgs/srv/detail
[5.060s] -- Installing: /home/bryan/lhd_ws/src/install/lhd_msgs/include/lhd_msgs/lhd_msgs/srv/detail/get_waypoints__rosidl_typesupport_introspection_cpp.hpp
[5.060s] -- Installing: /home/bryan/lhd_ws/src/install/lhd_msgs/include/lhd_msgs/lhd_msgs/srv/detail/get_waypoints__type_support.cpp
[5.060s] -- Installing: /home/bryan/lhd_ws/src/install/lhd_msgs/lib/liblhd_msgs__rosidl_typesupport_introspection_cpp.so
[5.060s] -- Set runtime path of "/home/bryan/lhd_ws/src/install/lhd_msgs/lib/liblhd_msgs__rosidl_typesupport_introspection_cpp.so" to ""
[5.060s] -- Installing: /home/bryan/lhd_ws/src/install/lhd_msgs/lib/liblhd_msgs__rosidl_typesupport_cpp.so
[5.060s] -- Set runtime path of "/home/bryan/lhd_ws/src/install/lhd_msgs/lib/liblhd_msgs__rosidl_typesupport_cpp.so" to ""
[5.060s] -- Installing: /home/bryan/lhd_ws/src/install/lhd_msgs/share/lhd_msgs/environment/pythonpath.sh
[5.060s] -- Installing: /home/bryan/lhd_ws/src/install/lhd_msgs/share/lhd_msgs/environment/pythonpath.dsv
[5.060s] -- Installing: /home/bryan/lhd_ws/src/install/lhd_msgs/local/lib/python3.10/dist-packages/lhd_msgs-0.0.0-py3.10.egg-info
[5.060s] -- Installing: /home/bryan/lhd_ws/src/install/lhd_msgs/local/lib/python3.10/dist-packages/lhd_msgs-0.0.0-py3.10.egg-info/SOURCES.txt
[5.060s] -- Installing: /home/bryan/lhd_ws/src/install/lhd_msgs/local/lib/python3.10/dist-packages/lhd_msgs-0.0.0-py3.10.egg-info/PKG-INFO
[5.060s] -- Installing: /home/bryan/lhd_ws/src/install/lhd_msgs/local/lib/python3.10/dist-packages/lhd_msgs-0.0.0-py3.10.egg-info/top_level.txt
[5.060s] -- Installing: /home/bryan/lhd_ws/src/install/lhd_msgs/local/lib/python3.10/dist-packages/lhd_msgs-0.0.0-py3.10.egg-info/dependency_links.txt
[5.060s] -- Installing: /home/bryan/lhd_ws/src/install/lhd_msgs/local/lib/python3.10/dist-packages/lhd_msgs
[5.061s] -- Installing: /home/bryan/lhd_ws/src/install/lhd_msgs/local/lib/python3.10/dist-packages/lhd_msgs/lhd_msgs_s__rosidl_typesupport_c.cpython-310-x86_64-linux-gnu.so
[5.061s] -- Installing: /home/bryan/lhd_ws/src/install/lhd_msgs/local/lib/python3.10/dist-packages/lhd_msgs/__init__.py
[5.061s] -- Installing: /home/bryan/lhd_ws/src/install/lhd_msgs/local/lib/python3.10/dist-packages/lhd_msgs/action
[5.061s] -- Installing: /home/bryan/lhd_ws/src/install/lhd_msgs/local/lib/python3.10/dist-packages/lhd_msgs/action/__init__.py
[5.061s] -- Installing: /home/bryan/lhd_ws/src/install/lhd_msgs/local/lib/python3.10/dist-packages/lhd_msgs/action/_nav_to_waypoint.py
[5.061s] -- Installing: /home/bryan/lhd_ws/src/install/lhd_msgs/local/lib/python3.10/dist-packages/lhd_msgs/action/_count_until_s.c
[5.061s] -- Installing: /home/bryan/lhd_ws/src/install/lhd_msgs/local/lib/python3.10/dist-packages/lhd_msgs/action/_count_until.py
[5.061s] -- Installing: /home/bryan/lhd_ws/src/install/lhd_msgs/local/lib/python3.10/dist-packages/lhd_msgs/action/_nav_to_waypoint_s.c
[5.061s] -- Installing: /home/bryan/lhd_ws/src/install/lhd_msgs/local/lib/python3.10/dist-packages/lhd_msgs/lhd_msgs_s__rosidl_typesupport_fastrtps_c.cpython-310-x86_64-linux-gnu.so
[5.061s] -- Installing: /home/bryan/lhd_ws/src/install/lhd_msgs/local/lib/python3.10/dist-packages/lhd_msgs/_lhd_msgs_s.ep.rosidl_typesupport_introspection_c.c
[5.061s] -- Installing: /home/bryan/lhd_ws/src/install/lhd_msgs/local/lib/python3.10/dist-packages/lhd_msgs/srv
[5.061s] -- Installing: /home/bryan/lhd_ws/src/install/lhd_msgs/local/lib/python3.10/dist-packages/lhd_msgs/srv/__init__.py
[5.061s] -- Installing: /home/bryan/lhd_ws/src/install/lhd_msgs/local/lib/python3.10/dist-packages/lhd_msgs/srv/_get_waypoints.py
[5.061s] -- Installing: /home/bryan/lhd_ws/src/install/lhd_msgs/local/lib/python3.10/dist-packages/lhd_msgs/srv/_get_waypoints_s.c
[5.061s] -- Installing: /home/bryan/lhd_ws/src/install/lhd_msgs/local/lib/python3.10/dist-packages/lhd_msgs/lhd_msgs_s__rosidl_typesupport_introspection_c.cpython-310-x86_64-linux-gnu.so
[5.061s] -- Installing: /home/bryan/lhd_ws/src/install/lhd_msgs/local/lib/python3.10/dist-packages/lhd_msgs/_lhd_msgs_s.ep.rosidl_typesupport_fastrtps_c.c
[5.062s] -- Installing: /home/bryan/lhd_ws/src/install/lhd_msgs/local/lib/python3.10/dist-packages/lhd_msgs/_lhd_msgs_s.ep.rosidl_typesupport_c.c
[5.062s] -- Installing: /home/bryan/lhd_ws/src/install/lhd_msgs/local/lib/python3.10/dist-packages/lhd_msgs/liblhd_msgs__rosidl_generator_py.so
[5.097s] Listing '/home/bryan/lhd_ws/src/install/lhd_msgs/local/lib/python3.10/dist-packages/lhd_msgs'...
[5.098s] Compiling '/home/bryan/lhd_ws/src/install/lhd_msgs/local/lib/python3.10/dist-packages/lhd_msgs/__init__.py'...
[5.098s] Listing '/home/bryan/lhd_ws/src/install/lhd_msgs/local/lib/python3.10/dist-packages/lhd_msgs/action'...
[5.098s] Compiling '/home/bryan/lhd_ws/src/install/lhd_msgs/local/lib/python3.10/dist-packages/lhd_msgs/action/__init__.py'...
[5.098s] Compiling '/home/bryan/lhd_ws/src/install/lhd_msgs/local/lib/python3.10/dist-packages/lhd_msgs/action/_count_until.py'...
[5.098s] Compiling '/home/bryan/lhd_ws/src/install/lhd_msgs/local/lib/python3.10/dist-packages/lhd_msgs/action/_nav_to_waypoint.py'...
[5.098s] Listing '/home/bryan/lhd_ws/src/install/lhd_msgs/local/lib/python3.10/dist-packages/lhd_msgs/srv'...
[5.098s] Compiling '/home/bryan/lhd_ws/src/install/lhd_msgs/local/lib/python3.10/dist-packages/lhd_msgs/srv/__init__.py'...
[5.098s] Compiling '/home/bryan/lhd_ws/src/install/lhd_msgs/local/lib/python3.10/dist-packages/lhd_msgs/srv/_get_waypoints.py'...
[5.101s] -- Installing: /home/bryan/lhd_ws/src/install/lhd_msgs/local/lib/python3.10/dist-packages/lhd_msgs/lhd_msgs_s__rosidl_typesupport_fastrtps_c.cpython-310-x86_64-linux-gnu.so
[5.101s] -- Set runtime path of "/home/bryan/lhd_ws/src/install/lhd_msgs/local/lib/python3.10/dist-packages/lhd_msgs/lhd_msgs_s__rosidl_typesupport_fastrtps_c.cpython-310-x86_64-linux-gnu.so" to ""
[5.102s] -- Installing: /home/bryan/lhd_ws/src/install/lhd_msgs/local/lib/python3.10/dist-packages/lhd_msgs/lhd_msgs_s__rosidl_typesupport_introspection_c.cpython-310-x86_64-linux-gnu.so
[5.102s] -- Set runtime path of "/home/bryan/lhd_ws/src/install/lhd_msgs/local/lib/python3.10/dist-packages/lhd_msgs/lhd_msgs_s__rosidl_typesupport_introspection_c.cpython-310-x86_64-linux-gnu.so" to ""
[5.102s] -- Installing: /home/bryan/lhd_ws/src/install/lhd_msgs/local/lib/python3.10/dist-packages/lhd_msgs/lhd_msgs_s__rosidl_typesupport_c.cpython-310-x86_64-linux-gnu.so
[5.102s] -- Set runtime path of "/home/bryan/lhd_ws/src/install/lhd_msgs/local/lib/python3.10/dist-packages/lhd_msgs/lhd_msgs_s__rosidl_typesupport_c.cpython-310-x86_64-linux-gnu.so" to ""
[5.102s] -- Installing: /home/bryan/lhd_ws/src/install/lhd_msgs/lib/liblhd_msgs__rosidl_generator_py.so
[5.102s] -- Set runtime path of "/home/bryan/lhd_ws/src/install/lhd_msgs/lib/liblhd_msgs__rosidl_generator_py.so" to ""
[5.102s] -- Installing: /home/bryan/lhd_ws/src/install/lhd_msgs/share/lhd_msgs/action/CountUntil.idl
[5.102s] -- Installing: /home/bryan/lhd_ws/src/install/lhd_msgs/share/lhd_msgs/action/NavToWaypoint.idl
[5.102s] -- Installing: /home/bryan/lhd_ws/src/install/lhd_msgs/share/lhd_msgs/srv/GetWaypoints.idl
[5.102s] -- Installing: /home/bryan/lhd_ws/src/install/lhd_msgs/share/lhd_msgs/action/CountUntil.action
[5.102s] -- Installing: /home/bryan/lhd_ws/src/install/lhd_msgs/share/lhd_msgs/action/NavToWaypoint.action
[5.102s] -- Installing: /home/bryan/lhd_ws/src/install/lhd_msgs/share/lhd_msgs/srv/GetWaypoints.srv
[5.103s] -- Installing: /home/bryan/lhd_ws/src/install/lhd_msgs/share/lhd_msgs/srv/GetWaypoints_Request.msg
[5.103s] -- Installing: /home/bryan/lhd_ws/src/install/lhd_msgs/share/lhd_msgs/srv/GetWaypoints_Response.msg
[5.103s] -- Installing: /home/bryan/lhd_ws/src/install/lhd_msgs/share/ament_index/resource_index/package_run_dependencies/lhd_msgs
[5.103s] -- Installing: /home/bryan/lhd_ws/src/install/lhd_msgs/share/ament_index/resource_index/parent_prefix_path/lhd_msgs
[5.103s] -- Installing: /home/bryan/lhd_ws/src/install/lhd_msgs/share/lhd_msgs/environment/ament_prefix_path.sh
[5.103s] -- Installing: /home/bryan/lhd_ws/src/install/lhd_msgs/share/lhd_msgs/environment/ament_prefix_path.dsv
[5.103s] -- Installing: /home/bryan/lhd_ws/src/install/lhd_msgs/share/lhd_msgs/environment/path.sh
[5.103s] -- Installing: /home/bryan/lhd_ws/src/install/lhd_msgs/share/lhd_msgs/environment/path.dsv
[5.103s] -- Installing: /home/bryan/lhd_ws/src/install/lhd_msgs/share/lhd_msgs/local_setup.bash
[5.103s] -- Installing: /home/bryan/lhd_ws/src/install/lhd_msgs/share/lhd_msgs/local_setup.sh
[5.103s] -- Installing: /home/bryan/lhd_ws/src/install/lhd_msgs/share/lhd_msgs/local_setup.zsh
[5.103s] -- Installing: /home/bryan/lhd_ws/src/install/lhd_msgs/share/lhd_msgs/local_setup.dsv
[5.103s] -- Installing: /home/bryan/lhd_ws/src/install/lhd_msgs/share/lhd_msgs/package.dsv
[5.103s] -- Installing: /home/bryan/lhd_ws/src/install/lhd_msgs/share/ament_index/resource_index/packages/lhd_msgs
[5.104s] -- Installing: /home/bryan/lhd_ws/src/install/lhd_msgs/share/lhd_msgs/cmake/export_lhd_msgs__rosidl_generator_cExport.cmake
[5.104s] -- Installing: /home/bryan/lhd_ws/src/install/lhd_msgs/share/lhd_msgs/cmake/export_lhd_msgs__rosidl_generator_cExport-noconfig.cmake
[5.104s] -- Installing: /home/bryan/lhd_ws/src/install/lhd_msgs/share/lhd_msgs/cmake/export_lhd_msgs__rosidl_typesupport_fastrtps_cExport.cmake
[5.104s] -- Installing: /home/bryan/lhd_ws/src/install/lhd_msgs/share/lhd_msgs/cmake/export_lhd_msgs__rosidl_typesupport_fastrtps_cExport-noconfig.cmake
[5.104s] -- Installing: /home/bryan/lhd_ws/src/install/lhd_msgs/share/lhd_msgs/cmake/export_lhd_msgs__rosidl_generator_cppExport.cmake
[5.104s] -- Installing: /home/bryan/lhd_ws/src/install/lhd_msgs/share/lhd_msgs/cmake/export_lhd_msgs__rosidl_typesupport_fastrtps_cppExport.cmake
[5.104s] -- Installing: /home/bryan/lhd_ws/src/install/lhd_msgs/share/lhd_msgs/cmake/export_lhd_msgs__rosidl_typesupport_fastrtps_cppExport-noconfig.cmake
[5.104s] -- Installing: /home/bryan/lhd_ws/src/install/lhd_msgs/share/lhd_msgs/cmake/lhd_msgs__rosidl_typesupport_introspection_cExport.cmake
[5.104s] -- Installing: /home/bryan/lhd_ws/src/install/lhd_msgs/share/lhd_msgs/cmake/lhd_msgs__rosidl_typesupport_introspection_cExport-noconfig.cmake
[5.104s] -- Installing: /home/bryan/lhd_ws/src/install/lhd_msgs/share/lhd_msgs/cmake/lhd_msgs__rosidl_typesupport_cExport.cmake
[5.104s] -- Installing: /home/bryan/lhd_ws/src/install/lhd_msgs/share/lhd_msgs/cmake/lhd_msgs__rosidl_typesupport_cExport-noconfig.cmake
[5.104s] -- Installing: /home/bryan/lhd_ws/src/install/lhd_msgs/share/lhd_msgs/cmake/lhd_msgs__rosidl_typesupport_introspection_cppExport.cmake
[5.104s] -- Installing: /home/bryan/lhd_ws/src/install/lhd_msgs/share/lhd_msgs/cmake/lhd_msgs__rosidl_typesupport_introspection_cppExport-noconfig.cmake
[5.104s] -- Installing: /home/bryan/lhd_ws/src/install/lhd_msgs/share/lhd_msgs/cmake/lhd_msgs__rosidl_typesupport_cppExport.cmake
[5.105s] -- Installing: /home/bryan/lhd_ws/src/install/lhd_msgs/share/lhd_msgs/cmake/lhd_msgs__rosidl_typesupport_cppExport-noconfig.cmake
[5.105s] -- Installing: /home/bryan/lhd_ws/src/install/lhd_msgs/share/lhd_msgs/cmake/export_lhd_msgs__rosidl_generator_pyExport.cmake
[5.105s] -- Installing: /home/bryan/lhd_ws/src/install/lhd_msgs/share/lhd_msgs/cmake/export_lhd_msgs__rosidl_generator_pyExport-noconfig.cmake
[5.105s] -- Installing: /home/bryan/lhd_ws/src/install/lhd_msgs/share/lhd_msgs/cmake/rosidl_cmake-extras.cmake
[5.105s] -- Installing: /home/bryan/lhd_ws/src/install/lhd_msgs/share/lhd_msgs/cmake/ament_cmake_export_dependencies-extras.cmake
[5.105s] -- Installing: /home/bryan/lhd_ws/src/install/lhd_msgs/share/lhd_msgs/cmake/ament_cmake_export_include_directories-extras.cmake
[5.105s] -- Installing: /home/bryan/lhd_ws/src/install/lhd_msgs/share/lhd_msgs/cmake/ament_cmake_export_libraries-extras.cmake
[5.105s] -- Installing: /home/bryan/lhd_ws/src/install/lhd_msgs/share/lhd_msgs/cmake/ament_cmake_export_targets-extras.cmake
[5.105s] -- Installing: /home/bryan/lhd_ws/src/install/lhd_msgs/share/lhd_msgs/cmake/rosidl_cmake_export_typesupport_targets-extras.cmake
[5.105s] -- Installing: /home/bryan/lhd_ws/src/install/lhd_msgs/share/lhd_msgs/cmake/rosidl_cmake_export_typesupport_libraries-extras.cmake
[5.105s] -- Installing: /home/bryan/lhd_ws/src/install/lhd_msgs/share/lhd_msgs/cmake/lhd_msgsConfig.cmake
[5.105s] -- Installing: /home/bryan/lhd_ws/src/install/lhd_msgs/share/lhd_msgs/cmake/lhd_msgsConfig-version.cmake
[5.105s] -- Installing: /home/bryan/lhd_ws/src/install/lhd_msgs/share/lhd_msgs/package.xml
[5.107s] Invoked command in '/home/bryan/lhd_ws/src/build/lhd_msgs' returned '0': CMAKE_PREFIX_PATH=${CMAKE_PREFIX_PATH}:/home/bryan/bumperbot_ws/install/bumperbot_py_examples:/home/bryan/hexapod_ws/install/mpu9250:/opt/ros/humble /usr/bin/cmake --install /home/bryan/lhd_ws/src/build/lhd_msgs
