[0.016s] Invoking command in '/home/bryan/lhd_ws/src/build/lhd_mapping': CMAKE_PREFIX_PATH=${CMAKE_PREFIX_PATH}:/home/bryan/bumperbot_ws/install/bumperbot_py_examples:/home/bryan/hexapod_ws/install/mpu9250:/opt/ros/humble /usr/bin/cmake /home/bryan/lhd_ws/src/lhd_mapping -DCMAKE_INSTALL_PREFIX=/home/bryan/lhd_ws/src/install/lhd_mapping
[0.064s] -- The C compiler identification is GNU 11.4.0
[0.119s] -- The CXX compiler identification is GNU 11.4.0
[0.125s] -- Detecting C compiler ABI info
[0.183s] -- Detecting C compiler ABI info - done
[0.191s] -- Check for working C compiler: /usr/bin/cc - skipped
[0.191s] -- Detecting C compile features
[0.192s] -- Detecting C compile features - done
[0.195s] -- Detecting CXX compiler ABI info
[0.260s] -- Detecting CXX compiler ABI info - done
[0.266s] -- Check for working CXX compiler: /usr/bin/c++ - skipped
[0.266s] -- Detecting CXX compile features
[0.266s] -- Detecting CXX compile features - done
[0.270s] -- Found ament_cmake: 1.3.11 (/opt/ros/humble/share/ament_cmake/cmake)
[0.426s] -- Found Python3: /usr/bin/python3 (found version "3.10.12") found components: Interpreter 
[0.567s] -- Found rclcpp: 16.0.12 (/opt/ros/humble/share/rclcpp/cmake)
[0.641s] -- Found rosidl_generator_c: 3.1.6 (/opt/ros/humble/share/rosidl_generator_c/cmake)
[0.651s] -- Found rosidl_adapter: 3.1.6 (/opt/ros/humble/share/rosidl_adapter/cmake)
[0.661s] -- Found rosidl_generator_cpp: 3.1.6 (/opt/ros/humble/share/rosidl_generator_cpp/cmake)
[0.673s] -- Using all available rosidl_typesupport_c: rosidl_typesupport_fastrtps_c;rosidl_typesupport_introspection_c
[0.690s] -- Using all available rosidl_typesupport_cpp: rosidl_typesupport_fastrtps_cpp;rosidl_typesupport_introspection_cpp
[0.739s] -- Found rmw_implementation_cmake: 6.1.2 (/opt/ros/humble/share/rmw_implementation_cmake/cmake)
[0.743s] -- Found rmw_cyclonedds_cpp: 1.3.4 (/opt/ros/humble/share/rmw_cyclonedds_cpp/cmake)
[0.768s] -- Using RMW implementation 'rmw_cyclonedds_cpp' as default
[0.778s] -- Looking for pthread.h
[0.844s] -- Looking for pthread.h - found
[0.844s] -- Performing Test CMAKE_HAVE_LIBC_PTHREAD
[0.915s] -- Performing Test CMAKE_HAVE_LIBC_PTHREAD - Success
[0.916s] -- Found Threads: TRUE  
[0.964s] -- Found rclpy: 3.3.16 (/opt/ros/humble/share/rclpy/cmake)
[0.967s] -- Found sensor_msgs: 4.9.0 (/opt/ros/humble/share/sensor_msgs/cmake)
[0.992s] -- Found nav_msgs: 4.9.0 (/opt/ros/humble/share/nav_msgs/cmake)
[1.007s] -- Found tf2_ros: 0.25.13 (/opt/ros/humble/share/tf2_ros/cmake)
[1.230s] -- Configuring done
[1.234s] -- Generating done
[1.235s] -- Build files have been written to: /home/bryan/lhd_ws/src/build/lhd_mapping
[1.242s] Invoked command in '/home/bryan/lhd_ws/src/build/lhd_mapping' returned '0': CMAKE_PREFIX_PATH=${CMAKE_PREFIX_PATH}:/home/bryan/bumperbot_ws/install/bumperbot_py_examples:/home/bryan/hexapod_ws/install/mpu9250:/opt/ros/humble /usr/bin/cmake /home/bryan/lhd_ws/src/lhd_mapping -DCMAKE_INSTALL_PREFIX=/home/bryan/lhd_ws/src/install/lhd_mapping
[1.244s] Invoking command in '/home/bryan/lhd_ws/src/build/lhd_mapping': CMAKE_PREFIX_PATH=${CMAKE_PREFIX_PATH}:/home/bryan/bumperbot_ws/install/bumperbot_py_examples:/home/bryan/hexapod_ws/install/mpu9250:/opt/ros/humble /usr/bin/cmake --build /home/bryan/lhd_ws/src/build/lhd_mapping -- -j16 -l16
[1.298s] Built target ament_cmake_python_copy_lhd_mapping
[1.510s] running egg_info
[1.510s] creating lhd_mapping.egg-info
[1.510s] writing lhd_mapping.egg-info/PKG-INFO
[1.510s] writing dependency_links to lhd_mapping.egg-info/dependency_links.txt
[1.510s] writing top-level names to lhd_mapping.egg-info/top_level.txt
[1.510s] writing manifest file 'lhd_mapping.egg-info/SOURCES.txt'
[1.512s] reading manifest file 'lhd_mapping.egg-info/SOURCES.txt'
[1.512s] writing manifest file 'lhd_mapping.egg-info/SOURCES.txt'
[1.539s] Built target ament_cmake_python_build_lhd_mapping_egg
[1.549s] Invoked command in '/home/bryan/lhd_ws/src/build/lhd_mapping' returned '0': CMAKE_PREFIX_PATH=${CMAKE_PREFIX_PATH}:/home/bryan/bumperbot_ws/install/bumperbot_py_examples:/home/bryan/hexapod_ws/install/mpu9250:/opt/ros/humble /usr/bin/cmake --build /home/bryan/lhd_ws/src/build/lhd_mapping -- -j16 -l16
[1.551s] Invoking command in '/home/bryan/lhd_ws/src/build/lhd_mapping': CMAKE_PREFIX_PATH=${CMAKE_PREFIX_PATH}:/home/bryan/bumperbot_ws/install/bumperbot_py_examples:/home/bryan/hexapod_ws/install/mpu9250:/opt/ros/humble /usr/bin/cmake --install /home/bryan/lhd_ws/src/build/lhd_mapping
[1.559s] -- Install configuration: ""
[1.559s] -- Installing: /home/bryan/lhd_ws/src/install/lhd_mapping/share/lhd_mapping/environment/pythonpath.sh
[1.559s] -- Installing: /home/bryan/lhd_ws/src/install/lhd_mapping/share/lhd_mapping/environment/pythonpath.dsv
[1.559s] -- Installing: /home/bryan/lhd_ws/src/install/lhd_mapping/local/lib/python3.10/dist-packages/lhd_mapping-0.0.0-py3.10.egg-info
[1.559s] -- Installing: /home/bryan/lhd_ws/src/install/lhd_mapping/local/lib/python3.10/dist-packages/lhd_mapping-0.0.0-py3.10.egg-info/SOURCES.txt
[1.559s] -- Installing: /home/bryan/lhd_ws/src/install/lhd_mapping/local/lib/python3.10/dist-packages/lhd_mapping-0.0.0-py3.10.egg-info/PKG-INFO
[1.559s] -- Installing: /home/bryan/lhd_ws/src/install/lhd_mapping/local/lib/python3.10/dist-packages/lhd_mapping-0.0.0-py3.10.egg-info/top_level.txt
[1.559s] -- Installing: /home/bryan/lhd_ws/src/install/lhd_mapping/local/lib/python3.10/dist-packages/lhd_mapping-0.0.0-py3.10.egg-info/dependency_links.txt
[1.559s] -- Installing: /home/bryan/lhd_ws/src/install/lhd_mapping/local/lib/python3.10/dist-packages/lhd_mapping
[1.559s] -- Installing: /home/bryan/lhd_ws/src/install/lhd_mapping/local/lib/python3.10/dist-packages/lhd_mapping/__init__.py
[1.592s] Listing '/home/bryan/lhd_ws/src/install/lhd_mapping/local/lib/python3.10/dist-packages/lhd_mapping'...
[1.592s] Compiling '/home/bryan/lhd_ws/src/install/lhd_mapping/local/lib/python3.10/dist-packages/lhd_mapping/__init__.py'...
[1.595s] -- Installing: /home/bryan/lhd_ws/src/install/lhd_mapping/share/lhd_mapping/config
[1.595s] -- Installing: /home/bryan/lhd_ws/src/install/lhd_mapping/share/lhd_mapping/config/slam_toolbox.yaml
[1.596s] -- Installing: /home/bryan/lhd_ws/src/install/lhd_mapping/share/lhd_mapping/launch
[1.596s] -- Installing: /home/bryan/lhd_ws/src/install/lhd_mapping/share/lhd_mapping/launch/slam.launch.py
[1.596s] -- Installing: /home/bryan/lhd_ws/src/install/lhd_mapping/share/lhd_mapping/maps
[1.596s] -- Installing: /home/bryan/lhd_ws/src/install/lhd_mapping/share/lhd_mapping/maps/mine
[1.596s] -- Installing: /home/bryan/lhd_ws/src/install/lhd_mapping/share/lhd_mapping/maps/mine/cost_map_kernel_41.png
[1.597s] -- Installing: /home/bryan/lhd_ws/src/install/lhd_mapping/share/lhd_mapping/maps/mine/mine_gimp.xcf
[1.597s] -- Installing: /home/bryan/lhd_ws/src/install/lhd_mapping/share/lhd_mapping/maps/mine/mine.yaml
[1.598s] -- Installing: /home/bryan/lhd_ws/src/install/lhd_mapping/share/lhd_mapping/maps/mine/cost_map_kernel_51.png
[1.599s] -- Installing: /home/bryan/lhd_ws/src/install/lhd_mapping/share/lhd_mapping/maps/mine/mine.pgm
[1.606s] -- Installing: /home/bryan/lhd_ws/src/install/lhd_mapping/share/lhd_mapping/maps/mine/mine_gimp.pgm
[1.607s] -- Installing: /home/bryan/lhd_ws/src/install/lhd_mapping/share/lhd_mapping/maps/mine/mine_gimp.png
[1.607s] -- Installing: /home/bryan/lhd_ws/src/install/lhd_mapping/share/lhd_mapping/maps/mine/cost_map_kernel_31.png
[1.607s] -- Installing: /home/bryan/lhd_ws/src/install/lhd_mapping/share/lhd_mapping/maps/mine/mine (copy).pgm
[1.608s] -- Installing: /home/bryan/lhd_ws/src/install/lhd_mapping/share/lhd_mapping/maps/mine/mine_gimp_calibration.png
[1.608s] -- Installing: /home/bryan/lhd_ws/src/install/lhd_mapping/share/lhd_mapping/maps/mine/cost_map_kernel_25.png
[1.609s] -- Installing: /home/bryan/lhd_ws/src/install/lhd_mapping/share/lhd_mapping/rviz
[1.609s] -- Installing: /home/bryan/lhd_ws/src/install/lhd_mapping/share/ament_index/resource_index/package_run_dependencies/lhd_mapping
[1.609s] -- Installing: /home/bryan/lhd_ws/src/install/lhd_mapping/share/ament_index/resource_index/parent_prefix_path/lhd_mapping
[1.609s] -- Installing: /home/bryan/lhd_ws/src/install/lhd_mapping/share/lhd_mapping/environment/ament_prefix_path.sh
[1.609s] -- Installing: /home/bryan/lhd_ws/src/install/lhd_mapping/share/lhd_mapping/environment/ament_prefix_path.dsv
[1.609s] -- Installing: /home/bryan/lhd_ws/src/install/lhd_mapping/share/lhd_mapping/environment/path.sh
[1.609s] -- Installing: /home/bryan/lhd_ws/src/install/lhd_mapping/share/lhd_mapping/environment/path.dsv
[1.610s] -- Installing: /home/bryan/lhd_ws/src/install/lhd_mapping/share/lhd_mapping/local_setup.bash
[1.610s] -- Installing: /home/bryan/lhd_ws/src/install/lhd_mapping/share/lhd_mapping/local_setup.sh
[1.610s] -- Installing: /home/bryan/lhd_ws/src/install/lhd_mapping/share/lhd_mapping/local_setup.zsh
[1.610s] -- Installing: /home/bryan/lhd_ws/src/install/lhd_mapping/share/lhd_mapping/local_setup.dsv
[1.610s] -- Installing: /home/bryan/lhd_ws/src/install/lhd_mapping/share/lhd_mapping/package.dsv
[1.610s] -- Installing: /home/bryan/lhd_ws/src/install/lhd_mapping/share/ament_index/resource_index/packages/lhd_mapping
[1.610s] -- Installing: /home/bryan/lhd_ws/src/install/lhd_mapping/share/lhd_mapping/cmake/lhd_mappingConfig.cmake
[1.610s] -- Installing: /home/bryan/lhd_ws/src/install/lhd_mapping/share/lhd_mapping/cmake/lhd_mappingConfig-version.cmake
[1.610s] -- Installing: /home/bryan/lhd_ws/src/install/lhd_mapping/share/lhd_mapping/package.xml
[1.613s] Invoked command in '/home/bryan/lhd_ws/src/build/lhd_mapping' returned '0': CMAKE_PREFIX_PATH=${CMAKE_PREFIX_PATH}:/home/bryan/bumperbot_ws/install/bumperbot_py_examples:/home/bryan/hexapod_ws/install/mpu9250:/opt/ros/humble /usr/bin/cmake --install /home/bryan/lhd_ws/src/build/lhd_mapping
