-- The C compiler identification is GNU 11.4.0
-- The CXX compiler identification is GNU 11.4.0
-- Detecting C compiler ABI info
-- Detecting C compiler ABI info - done
-- Check for working C compiler: /usr/bin/cc - skipped
-- Detecting C compile features
-- Detecting C compile features - done
-- Detecting CXX compiler ABI info
-- Detecting CXX compiler ABI info - done
-- Check for working CXX compiler: /usr/bin/c++ - skipped
-- Detecting CXX compile features
-- Detecting CXX compile features - done
-- Found ament_cmake: 1.3.11 (/opt/ros/humble/share/ament_cmake/cmake)
-- Found Python3: /usr/bin/python3 (found version "3.10.12") found components: Interpreter 
-- Found rclcpp: 16.0.12 (/opt/ros/humble/share/rclcpp/cmake)
-- Found rosidl_generator_c: 3.1.6 (/opt/ros/humble/share/rosidl_generator_c/cmake)
-- Found rosidl_adapter: 3.1.6 (/opt/ros/humble/share/rosidl_adapter/cmake)
-- Found rosidl_generator_cpp: 3.1.6 (/opt/ros/humble/share/rosidl_generator_cpp/cmake)
-- Using all available rosidl_typesupport_c: rosidl_typesupport_fastrtps_c;rosidl_typesupport_introspection_c
-- Using all available rosidl_typesupport_cpp: rosidl_typesupport_fastrtps_cpp;rosidl_typesupport_introspection_cpp
-- Found rmw_implementation_cmake: 6.1.2 (/opt/ros/humble/share/rmw_implementation_cmake/cmake)
-- Found rmw_cyclonedds_cpp: 1.3.4 (/opt/ros/humble/share/rmw_cyclonedds_cpp/cmake)
-- Using RMW implementation 'rmw_cyclonedds_cpp' as default
-- Looking for pthread.h
-- Looking for pthread.h - found
-- Performing Test CMAKE_HAVE_LIBC_PTHREAD
-- Performing Test CMAKE_HAVE_LIBC_PTHREAD - Success
-- Found Threads: TRUE  
-- Found rclpy: 3.3.16 (/opt/ros/humble/share/rclpy/cmake)
-- Found rclcpp_action: 16.0.12 (/opt/ros/humble/share/rclcpp_action/cmake)
-- Found lhd_msgs: 0.0.0 (/home/bryan/lhd_ws/install/lhd_msgs/share/lhd_msgs/cmake)
-- Found example_interfaces: 0.9.3 (/opt/ros/humble/share/example_interfaces/cmake)
-- Found tf2_ros: 0.25.13 (/opt/ros/humble/share/tf2_ros/cmake)
-- Configuring done
-- Generating done
-- Build files have been written to: /home/bryan/lhd_ws/src/build/lhd_automation
Built target ament_cmake_python_copy_lhd_automation
running egg_info
creating lhd_automation.egg-info
writing lhd_automation.egg-info/PKG-INFO
writing dependency_links to lhd_automation.egg-info/dependency_links.txt
writing top-level names to lhd_automation.egg-info/top_level.txt
writing manifest file 'lhd_automation.egg-info/SOURCES.txt'
reading manifest file 'lhd_automation.egg-info/SOURCES.txt'
writing manifest file 'lhd_automation.egg-info/SOURCES.txt'
Built target ament_cmake_python_build_lhd_automation_egg
-- Install configuration: ""
-- Installing: /home/bryan/lhd_ws/src/install/lhd_automation/share/lhd_automation/environment/pythonpath.sh
-- Installing: /home/bryan/lhd_ws/src/install/lhd_automation/share/lhd_automation/environment/pythonpath.dsv
-- Installing: /home/bryan/lhd_ws/src/install/lhd_automation/local/lib/python3.10/dist-packages/lhd_automation-0.0.0-py3.10.egg-info
-- Installing: /home/bryan/lhd_ws/src/install/lhd_automation/local/lib/python3.10/dist-packages/lhd_automation-0.0.0-py3.10.egg-info/SOURCES.txt
-- Installing: /home/bryan/lhd_ws/src/install/lhd_automation/local/lib/python3.10/dist-packages/lhd_automation-0.0.0-py3.10.egg-info/PKG-INFO
-- Installing: /home/bryan/lhd_ws/src/install/lhd_automation/local/lib/python3.10/dist-packages/lhd_automation-0.0.0-py3.10.egg-info/top_level.txt
-- Installing: /home/bryan/lhd_ws/src/install/lhd_automation/local/lib/python3.10/dist-packages/lhd_automation-0.0.0-py3.10.egg-info/dependency_links.txt
-- Installing: /home/bryan/lhd_ws/src/install/lhd_automation/local/lib/python3.10/dist-packages/lhd_automation
-- Installing: /home/bryan/lhd_ws/src/install/lhd_automation/local/lib/python3.10/dist-packages/lhd_automation/lhd_client.py
-- Installing: /home/bryan/lhd_ws/src/install/lhd_automation/local/lib/python3.10/dist-packages/lhd_automation/__init__.py
-- Installing: /home/bryan/lhd_ws/src/install/lhd_automation/local/lib/python3.10/dist-packages/lhd_automation/path_planning_service.py
-- Installing: /home/bryan/lhd_ws/src/install/lhd_automation/local/lib/python3.10/dist-packages/lhd_automation/lhd_server.py
-- Installing: /home/bryan/lhd_ws/src/install/lhd_automation/local/lib/python3.10/dist-packages/lhd_automation/MPC_diff_drive_class.py
-- Installing: /home/bryan/lhd_ws/src/install/lhd_automation/local/lib/python3.10/dist-packages/lhd_automation/automation_ros_lhd_mpc.zip
Listing '/home/bryan/lhd_ws/src/install/lhd_automation/local/lib/python3.10/dist-packages/lhd_automation'...
Compiling '/home/bryan/lhd_ws/src/install/lhd_automation/local/lib/python3.10/dist-packages/lhd_automation/MPC_diff_drive_class.py'...
Compiling '/home/bryan/lhd_ws/src/install/lhd_automation/local/lib/python3.10/dist-packages/lhd_automation/__init__.py'...
Compiling '/home/bryan/lhd_ws/src/install/lhd_automation/local/lib/python3.10/dist-packages/lhd_automation/lhd_client.py'...
Compiling '/home/bryan/lhd_ws/src/install/lhd_automation/local/lib/python3.10/dist-packages/lhd_automation/lhd_server.py'...
Compiling '/home/bryan/lhd_ws/src/install/lhd_automation/local/lib/python3.10/dist-packages/lhd_automation/path_planning_service.py'...
-- Installing: /home/bryan/lhd_ws/src/install/lhd_automation/lib/lhd_automation/lhd_client.py
-- Installing: /home/bryan/lhd_ws/src/install/lhd_automation/lib/lhd_automation/lhd_server.py
-- Installing: /home/bryan/lhd_ws/src/install/lhd_automation/lib/lhd_automation/path_planning_service.py
-- Installing: /home/bryan/lhd_ws/src/install/lhd_automation/share/lhd_automation/launch
-- Installing: /home/bryan/lhd_ws/src/install/lhd_automation/share/lhd_automation/launch/autonomous_robot.launch.py
-- Installing: /home/bryan/lhd_ws/src/install/lhd_automation/share/ament_index/resource_index/package_run_dependencies/lhd_automation
-- Installing: /home/bryan/lhd_ws/src/install/lhd_automation/share/ament_index/resource_index/parent_prefix_path/lhd_automation
-- Installing: /home/bryan/lhd_ws/src/install/lhd_automation/share/lhd_automation/environment/ament_prefix_path.sh
-- Installing: /home/bryan/lhd_ws/src/install/lhd_automation/share/lhd_automation/environment/ament_prefix_path.dsv
-- Installing: /home/bryan/lhd_ws/src/install/lhd_automation/share/lhd_automation/environment/path.sh
-- Installing: /home/bryan/lhd_ws/src/install/lhd_automation/share/lhd_automation/environment/path.dsv
-- Installing: /home/bryan/lhd_ws/src/install/lhd_automation/share/lhd_automation/local_setup.bash
-- Installing: /home/bryan/lhd_ws/src/install/lhd_automation/share/lhd_automation/local_setup.sh
-- Installing: /home/bryan/lhd_ws/src/install/lhd_automation/share/lhd_automation/local_setup.zsh
-- Installing: /home/bryan/lhd_ws/src/install/lhd_automation/share/lhd_automation/local_setup.dsv
-- Installing: /home/bryan/lhd_ws/src/install/lhd_automation/share/lhd_automation/package.dsv
-- Installing: /home/bryan/lhd_ws/src/install/lhd_automation/share/ament_index/resource_index/packages/lhd_automation
-- Installing: /home/bryan/lhd_ws/src/install/lhd_automation/share/lhd_automation/cmake/lhd_automationConfig.cmake
-- Installing: /home/bryan/lhd_ws/src/install/lhd_automation/share/lhd_automation/cmake/lhd_automationConfig-version.cmake
-- Installing: /home/bryan/lhd_ws/src/install/lhd_automation/share/lhd_automation/package.xml
