[0.013s] Invoking command in '/home/bryan/lhd_ws/src/build/lhd_automation': CMAKE_PREFIX_PATH=${CMAKE_PREFIX_PATH}:/home/bryan/bumperbot_ws/install/bumperbot_py_examples:/home/bryan/hexapod_ws/install/mpu9250:/opt/ros/humble /usr/bin/cmake /home/bryan/lhd_ws/src/lhd_automation -DCMAKE_INSTALL_PREFIX=/home/bryan/lhd_ws/src/install/lhd_automation
[0.164s] -- The C compiler identification is GNU 11.4.0
[0.269s] -- The CXX compiler identification is GNU 11.4.0
[0.280s] -- Detecting C compiler ABI info
[0.344s] -- Detecting C compiler ABI info - done
[0.350s] -- Check for working C compiler: /usr/bin/cc - skipped
[0.351s] -- Detecting C compile features
[0.352s] -- Detecting C compile features - done
[0.355s] -- Detecting CXX compiler ABI info
[0.435s] -- Detecting CXX compiler ABI info - done
[0.440s] -- Check for working CXX compiler: /usr/bin/c++ - skipped
[0.440s] -- Detecting CXX compile features
[0.440s] -- Detecting CXX compile features - done
[0.450s] -- Found ament_cmake: 1.3.11 (/opt/ros/humble/share/ament_cmake/cmake)
[0.591s] -- Found Python3: /usr/bin/python3 (found version "3.10.12") found components: Interpreter 
[0.696s] -- Found rclcpp: 16.0.12 (/opt/ros/humble/share/rclcpp/cmake)
[0.757s] -- Found rosidl_generator_c: 3.1.6 (/opt/ros/humble/share/rosidl_generator_c/cmake)
[0.765s] -- Found rosidl_adapter: 3.1.6 (/opt/ros/humble/share/rosidl_adapter/cmake)
[0.778s] -- Found rosidl_generator_cpp: 3.1.6 (/opt/ros/humble/share/rosidl_generator_cpp/cmake)
[0.794s] -- Using all available rosidl_typesupport_c: rosidl_typesupport_fastrtps_c;rosidl_typesupport_introspection_c
[0.813s] -- Using all available rosidl_typesupport_cpp: rosidl_typesupport_fastrtps_cpp;rosidl_typesupport_introspection_cpp
[0.872s] -- Found rmw_implementation_cmake: 6.1.2 (/opt/ros/humble/share/rmw_implementation_cmake/cmake)
[0.877s] -- Found rmw_cyclonedds_cpp: 1.3.4 (/opt/ros/humble/share/rmw_cyclonedds_cpp/cmake)
[0.918s] -- Using RMW implementation 'rmw_cyclonedds_cpp' as default
[0.935s] -- Looking for pthread.h
[1.006s] -- Looking for pthread.h - found
[1.006s] -- Performing Test CMAKE_HAVE_LIBC_PTHREAD
[1.069s] -- Performing Test CMAKE_HAVE_LIBC_PTHREAD - Success
[1.070s] -- Found Threads: TRUE  
[1.128s] -- Found rclpy: 3.3.16 (/opt/ros/humble/share/rclpy/cmake)
[1.131s] -- Found rclcpp_action: 16.0.12 (/opt/ros/humble/share/rclcpp_action/cmake)
[1.170s] -- Found lhd_msgs: 0.0.0 (/home/bryan/lhd_ws/install/lhd_msgs/share/lhd_msgs/cmake)
[1.200s] -- Found example_interfaces: 0.9.3 (/opt/ros/humble/share/example_interfaces/cmake)
[1.216s] -- Found tf2_ros: 0.25.13 (/opt/ros/humble/share/tf2_ros/cmake)
[1.399s] -- Configuring done
[1.402s] -- Generating done
[1.403s] -- Build files have been written to: /home/bryan/lhd_ws/src/build/lhd_automation
[1.412s] Invoked command in '/home/bryan/lhd_ws/src/build/lhd_automation' returned '0': CMAKE_PREFIX_PATH=${CMAKE_PREFIX_PATH}:/home/bryan/bumperbot_ws/install/bumperbot_py_examples:/home/bryan/hexapod_ws/install/mpu9250:/opt/ros/humble /usr/bin/cmake /home/bryan/lhd_ws/src/lhd_automation -DCMAKE_INSTALL_PREFIX=/home/bryan/lhd_ws/src/install/lhd_automation
[1.412s] Invoking command in '/home/bryan/lhd_ws/src/build/lhd_automation': CMAKE_PREFIX_PATH=${CMAKE_PREFIX_PATH}:/home/bryan/bumperbot_ws/install/bumperbot_py_examples:/home/bryan/hexapod_ws/install/mpu9250:/opt/ros/humble /usr/bin/cmake --build /home/bryan/lhd_ws/src/build/lhd_automation -- -j16 -l16
[1.462s] Built target ament_cmake_python_copy_lhd_automation
[1.641s] running egg_info
[1.642s] creating lhd_automation.egg-info
[1.642s] writing lhd_automation.egg-info/PKG-INFO
[1.642s] writing dependency_links to lhd_automation.egg-info/dependency_links.txt
[1.642s] writing top-level names to lhd_automation.egg-info/top_level.txt
[1.643s] writing manifest file 'lhd_automation.egg-info/SOURCES.txt'
[1.645s] reading manifest file 'lhd_automation.egg-info/SOURCES.txt'
[1.645s] writing manifest file 'lhd_automation.egg-info/SOURCES.txt'
[1.664s] Built target ament_cmake_python_build_lhd_automation_egg
[1.673s] Invoked command in '/home/bryan/lhd_ws/src/build/lhd_automation' returned '0': CMAKE_PREFIX_PATH=${CMAKE_PREFIX_PATH}:/home/bryan/bumperbot_ws/install/bumperbot_py_examples:/home/bryan/hexapod_ws/install/mpu9250:/opt/ros/humble /usr/bin/cmake --build /home/bryan/lhd_ws/src/build/lhd_automation -- -j16 -l16
[1.681s] Invoking command in '/home/bryan/lhd_ws/src/build/lhd_automation': CMAKE_PREFIX_PATH=${CMAKE_PREFIX_PATH}:/home/bryan/bumperbot_ws/install/bumperbot_py_examples:/home/bryan/hexapod_ws/install/mpu9250:/opt/ros/humble /usr/bin/cmake --install /home/bryan/lhd_ws/src/build/lhd_automation
[1.688s] -- Install configuration: ""
[1.688s] -- Installing: /home/bryan/lhd_ws/src/install/lhd_automation/share/lhd_automation/environment/pythonpath.sh
[1.688s] -- Installing: /home/bryan/lhd_ws/src/install/lhd_automation/share/lhd_automation/environment/pythonpath.dsv
[1.689s] -- Installing: /home/bryan/lhd_ws/src/install/lhd_automation/local/lib/python3.10/dist-packages/lhd_automation-0.0.0-py3.10.egg-info
[1.689s] -- Installing: /home/bryan/lhd_ws/src/install/lhd_automation/local/lib/python3.10/dist-packages/lhd_automation-0.0.0-py3.10.egg-info/SOURCES.txt
[1.689s] -- Installing: /home/bryan/lhd_ws/src/install/lhd_automation/local/lib/python3.10/dist-packages/lhd_automation-0.0.0-py3.10.egg-info/PKG-INFO
[1.689s] -- Installing: /home/bryan/lhd_ws/src/install/lhd_automation/local/lib/python3.10/dist-packages/lhd_automation-0.0.0-py3.10.egg-info/top_level.txt
[1.689s] -- Installing: /home/bryan/lhd_ws/src/install/lhd_automation/local/lib/python3.10/dist-packages/lhd_automation-0.0.0-py3.10.egg-info/dependency_links.txt
[1.689s] -- Installing: /home/bryan/lhd_ws/src/install/lhd_automation/local/lib/python3.10/dist-packages/lhd_automation
[1.689s] -- Installing: /home/bryan/lhd_ws/src/install/lhd_automation/local/lib/python3.10/dist-packages/lhd_automation/lhd_client.py
[1.689s] -- Installing: /home/bryan/lhd_ws/src/install/lhd_automation/local/lib/python3.10/dist-packages/lhd_automation/__init__.py
[1.689s] -- Installing: /home/bryan/lhd_ws/src/install/lhd_automation/local/lib/python3.10/dist-packages/lhd_automation/path_planning_service.py
[1.689s] -- Installing: /home/bryan/lhd_ws/src/install/lhd_automation/local/lib/python3.10/dist-packages/lhd_automation/lhd_server.py
[1.689s] -- Installing: /home/bryan/lhd_ws/src/install/lhd_automation/local/lib/python3.10/dist-packages/lhd_automation/MPC_diff_drive_class.py
[1.689s] -- Installing: /home/bryan/lhd_ws/src/install/lhd_automation/local/lib/python3.10/dist-packages/lhd_automation/automation_ros_lhd_mpc.zip
[1.718s] Listing '/home/bryan/lhd_ws/src/install/lhd_automation/local/lib/python3.10/dist-packages/lhd_automation'...
[1.718s] Compiling '/home/bryan/lhd_ws/src/install/lhd_automation/local/lib/python3.10/dist-packages/lhd_automation/MPC_diff_drive_class.py'...
[1.718s] Compiling '/home/bryan/lhd_ws/src/install/lhd_automation/local/lib/python3.10/dist-packages/lhd_automation/__init__.py'...
[1.718s] Compiling '/home/bryan/lhd_ws/src/install/lhd_automation/local/lib/python3.10/dist-packages/lhd_automation/lhd_client.py'...
[1.718s] Compiling '/home/bryan/lhd_ws/src/install/lhd_automation/local/lib/python3.10/dist-packages/lhd_automation/lhd_server.py'...
[1.718s] Compiling '/home/bryan/lhd_ws/src/install/lhd_automation/local/lib/python3.10/dist-packages/lhd_automation/path_planning_service.py'...
[1.721s] -- Installing: /home/bryan/lhd_ws/src/install/lhd_automation/lib/lhd_automation/lhd_client.py
[1.721s] -- Installing: /home/bryan/lhd_ws/src/install/lhd_automation/lib/lhd_automation/lhd_server.py
[1.721s] -- Installing: /home/bryan/lhd_ws/src/install/lhd_automation/lib/lhd_automation/path_planning_service.py
[1.721s] -- Installing: /home/bryan/lhd_ws/src/install/lhd_automation/share/lhd_automation/launch
[1.721s] -- Installing: /home/bryan/lhd_ws/src/install/lhd_automation/share/lhd_automation/launch/autonomous_robot.launch.py
[1.721s] -- Installing: /home/bryan/lhd_ws/src/install/lhd_automation/share/ament_index/resource_index/package_run_dependencies/lhd_automation
[1.721s] -- Installing: /home/bryan/lhd_ws/src/install/lhd_automation/share/ament_index/resource_index/parent_prefix_path/lhd_automation
[1.721s] -- Installing: /home/bryan/lhd_ws/src/install/lhd_automation/share/lhd_automation/environment/ament_prefix_path.sh
[1.721s] -- Installing: /home/bryan/lhd_ws/src/install/lhd_automation/share/lhd_automation/environment/ament_prefix_path.dsv
[1.721s] -- Installing: /home/bryan/lhd_ws/src/install/lhd_automation/share/lhd_automation/environment/path.sh
[1.721s] -- Installing: /home/bryan/lhd_ws/src/install/lhd_automation/share/lhd_automation/environment/path.dsv
[1.721s] -- Installing: /home/bryan/lhd_ws/src/install/lhd_automation/share/lhd_automation/local_setup.bash
[1.721s] -- Installing: /home/bryan/lhd_ws/src/install/lhd_automation/share/lhd_automation/local_setup.sh
[1.721s] -- Installing: /home/bryan/lhd_ws/src/install/lhd_automation/share/lhd_automation/local_setup.zsh
[1.722s] -- Installing: /home/bryan/lhd_ws/src/install/lhd_automation/share/lhd_automation/local_setup.dsv
[1.722s] -- Installing: /home/bryan/lhd_ws/src/install/lhd_automation/share/lhd_automation/package.dsv
[1.722s] -- Installing: /home/bryan/lhd_ws/src/install/lhd_automation/share/ament_index/resource_index/packages/lhd_automation
[1.722s] -- Installing: /home/bryan/lhd_ws/src/install/lhd_automation/share/lhd_automation/cmake/lhd_automationConfig.cmake
[1.722s] -- Installing: /home/bryan/lhd_ws/src/install/lhd_automation/share/lhd_automation/cmake/lhd_automationConfig-version.cmake
[1.722s] -- Installing: /home/bryan/lhd_ws/src/install/lhd_automation/share/lhd_automation/package.xml
[1.723s] Invoked command in '/home/bryan/lhd_ws/src/build/lhd_automation' returned '0': CMAKE_PREFIX_PATH=${CMAKE_PREFIX_PATH}:/home/bryan/bumperbot_ws/install/bumperbot_py_examples:/home/bryan/hexapod_ws/install/mpu9250:/opt/ros/humble /usr/bin/cmake --install /home/bryan/lhd_ws/src/build/lhd_automation
