[0.021s] Invoking command in '/home/bryan/lhd_ws/src/build/lhd_controller': CMAKE_PREFIX_PATH=${CMAKE_PREFIX_PATH}:/home/bryan/bumperbot_ws/install/bumperbot_py_examples:/home/bryan/hexapod_ws/install/mpu9250:/opt/ros/humble /usr/bin/cmake /home/bryan/lhd_ws/src/lhd_controller -DCMAKE_INSTALL_PREFIX=/home/bryan/lhd_ws/src/install/lhd_controller
[0.075s] -- The C compiler identification is GNU 11.4.0
[0.125s] -- The CXX compiler identification is GNU 11.4.0
[0.133s] -- Detecting C compiler ABI info
[0.202s] -- Detecting C compiler ABI info - done
[0.209s] -- Check for working C compiler: /usr/bin/cc - skipped
[0.210s] -- Detecting C compile features
[0.210s] -- Detecting C compile features - done
[0.212s] -- Detecting CXX compiler ABI info
[0.278s] -- Detecting CXX compiler ABI info - done
[0.283s] -- Check for working CXX compiler: /usr/bin/c++ - skipped
[0.283s] -- Detecting CXX compile features
[0.284s] -- Detecting CXX compile features - done
[0.287s] -- Found ament_cmake: 1.3.11 (/opt/ros/humble/share/ament_cmake/cmake)
[0.452s] -- Found Python3: /usr/bin/python3 (found version "3.10.12") found components: Interpreter 
[0.584s] -- Found rclcpp: 16.0.12 (/opt/ros/humble/share/rclcpp/cmake)
[0.627s] -- Found rosidl_generator_c: 3.1.6 (/opt/ros/humble/share/rosidl_generator_c/cmake)
[0.634s] -- Found rosidl_adapter: 3.1.6 (/opt/ros/humble/share/rosidl_adapter/cmake)
[0.644s] -- Found rosidl_generator_cpp: 3.1.6 (/opt/ros/humble/share/rosidl_generator_cpp/cmake)
[0.656s] -- Using all available rosidl_typesupport_c: rosidl_typesupport_fastrtps_c;rosidl_typesupport_introspection_c
[0.673s] -- Using all available rosidl_typesupport_cpp: rosidl_typesupport_fastrtps_cpp;rosidl_typesupport_introspection_cpp
[0.722s] -- Found rmw_implementation_cmake: 6.1.2 (/opt/ros/humble/share/rmw_implementation_cmake/cmake)
[0.727s] -- Found rmw_cyclonedds_cpp: 1.3.4 (/opt/ros/humble/share/rmw_cyclonedds_cpp/cmake)
[0.752s] -- Using RMW implementation 'rmw_cyclonedds_cpp' as default
[0.764s] -- Looking for pthread.h
[0.824s] -- Looking for pthread.h - found
[0.824s] -- Performing Test CMAKE_HAVE_LIBC_PTHREAD
[0.893s] -- Performing Test CMAKE_HAVE_LIBC_PTHREAD - Success
[0.894s] -- Found Threads: TRUE  
[0.947s] -- Found rclpy: 3.3.16 (/opt/ros/humble/share/rclpy/cmake)
[0.950s] -- Found geometry_msgs: 4.9.0 (/opt/ros/humble/share/geometry_msgs/cmake)
[0.968s] -- Found sensor_msgs: 4.9.0 (/opt/ros/humble/share/sensor_msgs/cmake)
[0.994s] -- Found nav_msgs: 4.9.0 (/opt/ros/humble/share/nav_msgs/cmake)
[1.008s] -- Found tf2_ros: 0.25.13 (/opt/ros/humble/share/tf2_ros/cmake)
[1.239s] -- Configuring done
[1.246s] -- Generating done
[1.248s] -- Build files have been written to: /home/bryan/lhd_ws/src/build/lhd_controller
[1.256s] Invoked command in '/home/bryan/lhd_ws/src/build/lhd_controller' returned '0': CMAKE_PREFIX_PATH=${CMAKE_PREFIX_PATH}:/home/bryan/bumperbot_ws/install/bumperbot_py_examples:/home/bryan/hexapod_ws/install/mpu9250:/opt/ros/humble /usr/bin/cmake /home/bryan/lhd_ws/src/lhd_controller -DCMAKE_INSTALL_PREFIX=/home/bryan/lhd_ws/src/install/lhd_controller
[1.257s] Invoking command in '/home/bryan/lhd_ws/src/build/lhd_controller': CMAKE_PREFIX_PATH=${CMAKE_PREFIX_PATH}:/home/bryan/bumperbot_ws/install/bumperbot_py_examples:/home/bryan/hexapod_ws/install/mpu9250:/opt/ros/humble /usr/bin/cmake --build /home/bryan/lhd_ws/src/build/lhd_controller -- -j16 -l16
[1.306s] [ 50%] [32mBuilding CXX object CMakeFiles/twist_relay.dir/src/twist_relay.cpp.o[0m
[1.311s] [ 50%] Built target ament_cmake_python_copy_lhd_controller
[1.539s] running egg_info
[1.540s] creating lhd_controller.egg-info
[1.540s] writing lhd_controller.egg-info/PKG-INFO
[1.540s] writing dependency_links to lhd_controller.egg-info/dependency_links.txt
[1.540s] writing top-level names to lhd_controller.egg-info/top_level.txt
[1.541s] writing manifest file 'lhd_controller.egg-info/SOURCES.txt'
[1.542s] reading manifest file 'lhd_controller.egg-info/SOURCES.txt'
[1.543s] writing manifest file 'lhd_controller.egg-info/SOURCES.txt'
[1.569s] [ 50%] Built target ament_cmake_python_build_lhd_controller_egg
[8.858s] [100%] [32m[1mLinking CXX executable twist_relay[0m
[9.206s] [100%] Built target twist_relay
[9.215s] Invoked command in '/home/bryan/lhd_ws/src/build/lhd_controller' returned '0': CMAKE_PREFIX_PATH=${CMAKE_PREFIX_PATH}:/home/bryan/bumperbot_ws/install/bumperbot_py_examples:/home/bryan/hexapod_ws/install/mpu9250:/opt/ros/humble /usr/bin/cmake --build /home/bryan/lhd_ws/src/build/lhd_controller -- -j16 -l16
[9.217s] Invoking command in '/home/bryan/lhd_ws/src/build/lhd_controller': CMAKE_PREFIX_PATH=${CMAKE_PREFIX_PATH}:/home/bryan/bumperbot_ws/install/bumperbot_py_examples:/home/bryan/hexapod_ws/install/mpu9250:/opt/ros/humble /usr/bin/cmake --install /home/bryan/lhd_ws/src/build/lhd_controller
[9.223s] -- Install configuration: ""
[9.223s] -- Installing: /home/bryan/lhd_ws/src/install/lhd_controller/share/lhd_controller/environment/pythonpath.sh
[9.223s] -- Installing: /home/bryan/lhd_ws/src/install/lhd_controller/share/lhd_controller/environment/pythonpath.dsv
[9.223s] -- Installing: /home/bryan/lhd_ws/src/install/lhd_controller/local/lib/python3.10/dist-packages/lhd_controller-0.0.0-py3.10.egg-info
[9.223s] -- Installing: /home/bryan/lhd_ws/src/install/lhd_controller/local/lib/python3.10/dist-packages/lhd_controller-0.0.0-py3.10.egg-info/SOURCES.txt
[9.223s] -- Installing: /home/bryan/lhd_ws/src/install/lhd_controller/local/lib/python3.10/dist-packages/lhd_controller-0.0.0-py3.10.egg-info/PKG-INFO
[9.223s] -- Installing: /home/bryan/lhd_ws/src/install/lhd_controller/local/lib/python3.10/dist-packages/lhd_controller-0.0.0-py3.10.egg-info/top_level.txt
[9.223s] -- Installing: /home/bryan/lhd_ws/src/install/lhd_controller/local/lib/python3.10/dist-packages/lhd_controller-0.0.0-py3.10.egg-info/dependency_links.txt
[9.223s] -- Installing: /home/bryan/lhd_ws/src/install/lhd_controller/local/lib/python3.10/dist-packages/lhd_controller
[9.223s] -- Installing: /home/bryan/lhd_ws/src/install/lhd_controller/local/lib/python3.10/dist-packages/lhd_controller/__init__.py
[9.224s] -- Installing: /home/bryan/lhd_ws/src/install/lhd_controller/local/lib/python3.10/dist-packages/lhd_controller/drivetrain_controller.py
[9.252s] Listing '/home/bryan/lhd_ws/src/install/lhd_controller/local/lib/python3.10/dist-packages/lhd_controller'...
[9.252s] Compiling '/home/bryan/lhd_ws/src/install/lhd_controller/local/lib/python3.10/dist-packages/lhd_controller/__init__.py'...
[9.252s] Compiling '/home/bryan/lhd_ws/src/install/lhd_controller/local/lib/python3.10/dist-packages/lhd_controller/drivetrain_controller.py'...
[9.255s] -- Installing: /home/bryan/lhd_ws/src/install/lhd_controller/include/include
[9.255s] -- Installing: /home/bryan/lhd_ws/src/install/lhd_controller/include/include/lhd_controller
[9.255s] -- Installing: /home/bryan/lhd_ws/src/install/lhd_controller/lib/lhd_controller/twist_relay
[9.258s] -- Set runtime path of "/home/bryan/lhd_ws/src/install/lhd_controller/lib/lhd_controller/twist_relay" to ""
[9.258s] -- Installing: /home/bryan/lhd_ws/src/install/lhd_controller/share/lhd_controller/launch
[9.258s] -- Installing: /home/bryan/lhd_ws/src/install/lhd_controller/share/lhd_controller/launch/controller.launch.py
[9.258s] -- Installing: /home/bryan/lhd_ws/src/install/lhd_controller/share/lhd_controller/launch/joystick_teleop.launch.py
[9.258s] -- Installing: /home/bryan/lhd_ws/src/install/lhd_controller/share/lhd_controller/config
[9.258s] -- Installing: /home/bryan/lhd_ws/src/install/lhd_controller/share/lhd_controller/config/twist_mux_joy.yaml
[9.258s] -- Installing: /home/bryan/lhd_ws/src/install/lhd_controller/share/lhd_controller/config/joy_teleop.yaml
[9.258s] -- Installing: /home/bryan/lhd_ws/src/install/lhd_controller/share/lhd_controller/config/lhd_controllers.yaml
[9.258s] -- Installing: /home/bryan/lhd_ws/src/install/lhd_controller/share/lhd_controller/config/twist_mux_locks.yaml
[9.259s] -- Installing: /home/bryan/lhd_ws/src/install/lhd_controller/share/lhd_controller/config/twist_mux_topics.yaml
[9.259s] -- Installing: /home/bryan/lhd_ws/src/install/lhd_controller/share/lhd_controller/config/joy_config.yaml
[9.259s] -- Installing: /home/bryan/lhd_ws/src/install/lhd_controller/lib/lhd_controller/drivetrain_controller.py
[9.259s] -- Installing: /home/bryan/lhd_ws/src/install/lhd_controller/share/ament_index/resource_index/package_run_dependencies/lhd_controller
[9.259s] -- Installing: /home/bryan/lhd_ws/src/install/lhd_controller/share/ament_index/resource_index/parent_prefix_path/lhd_controller
[9.259s] -- Installing: /home/bryan/lhd_ws/src/install/lhd_controller/share/lhd_controller/environment/ament_prefix_path.sh
[9.259s] -- Installing: /home/bryan/lhd_ws/src/install/lhd_controller/share/lhd_controller/environment/ament_prefix_path.dsv
[9.259s] -- Installing: /home/bryan/lhd_ws/src/install/lhd_controller/share/lhd_controller/environment/path.sh
[9.259s] -- Installing: /home/bryan/lhd_ws/src/install/lhd_controller/share/lhd_controller/environment/path.dsv
[9.259s] -- Installing: /home/bryan/lhd_ws/src/install/lhd_controller/share/lhd_controller/local_setup.bash
[9.259s] -- Installing: /home/bryan/lhd_ws/src/install/lhd_controller/share/lhd_controller/local_setup.sh
[9.259s] -- Installing: /home/bryan/lhd_ws/src/install/lhd_controller/share/lhd_controller/local_setup.zsh
[9.260s] -- Installing: /home/bryan/lhd_ws/src/install/lhd_controller/share/lhd_controller/local_setup.dsv
[9.260s] -- Installing: /home/bryan/lhd_ws/src/install/lhd_controller/share/lhd_controller/package.dsv
[9.260s] -- Installing: /home/bryan/lhd_ws/src/install/lhd_controller/share/ament_index/resource_index/packages/lhd_controller
[9.260s] -- Installing: /home/bryan/lhd_ws/src/install/lhd_controller/share/lhd_controller/cmake/lhd_controllerConfig.cmake
[9.260s] -- Installing: /home/bryan/lhd_ws/src/install/lhd_controller/share/lhd_controller/cmake/lhd_controllerConfig-version.cmake
[9.260s] -- Installing: /home/bryan/lhd_ws/src/install/lhd_controller/share/lhd_controller/package.xml
[9.261s] Invoked command in '/home/bryan/lhd_ws/src/build/lhd_controller' returned '0': CMAKE_PREFIX_PATH=${CMAKE_PREFIX_PATH}:/home/bryan/bumperbot_ws/install/bumperbot_py_examples:/home/bryan/hexapod_ws/install/mpu9250:/opt/ros/humble /usr/bin/cmake --install /home/bryan/lhd_ws/src/build/lhd_controller
