[0.012s] Invoking command in '/home/bryan/lhd_ws/src/build/lhd_automation': AMENT_PREFIX_PATH=/home/bryan/lhd_ws/src/install/lhd_msgs:${AMENT_PREFIX_PATH} CMAKE_PREFIX_PATH=/home/bryan/lhd_ws/src/install/lhd_msgs:/home/bryan/bumperbot_ws/install/bumperbot_utils:/home/bryan/bumperbot_ws/install/bumperbot_cpp_examples:/home/bryan/bumperbot_ws/install/bumperbot_msgs:/home/bryan/bumperbot_ws/install/bumperbot_bringup:/home/bryan/bumperbot_ws/install/bumperbot_mapping:/home/bryan/bumperbot_ws/install/bumperbot_localization:/home/bryan/bumperbot_ws/install/bumperbot_firmware:/home/bryan/bumperbot_ws/install/bumperbot_description:/home/bryan/bumperbot_ws/install/bumperbot_controller:/home/bryan/lhd_ws/install/lhd_automation:/home/bryan/lhd_ws/install/lhd_msgs:/home/bryan/lhd_ws/install/lhd_mapping:/home/bryan/lhd_ws/install/lhd_localization:/home/bryan/lhd_ws/install/lhd_bringup:/home/bryan/lhd_ws/install/lhd_description:/home/bryan/lhd_ws/install/lhd_controller:/home/bryan/uros_ws/install/micro_ros_setup:/home/bryan/uros_ws/install/micro_ros_agent:/home/bryan/uros_ws/install/micro_ros_msgs:/home/bryan/hexapod_ws/install/serial_communicator:/home/bryan/hexapod_ws/install/hexapod_utils:/home/bryan/hexapod_ws/install/hexapod_kinematics:/home/bryan/hexapod_ws/install/hexapod_controller:/home/bryan/hexapod_ws/install/hexapod_interfaces:/home/bryan/hexapod_ws/install/hexapod_firmware:/home/bryan/hexapod_ws/install/hexapod_description:/home/bryan/hexapod_ws/install/hexapod_bringup:/home/bryan/turtlesim_ws/install/turtlesim:/home/bryan/bumperbot_ws/install/bumperbot_py_examples:/home/bryan/hexapod_ws/install/mpu9250:/opt/ros/humble LD_LIBRARY_PATH=/home/bryan/lhd_ws/src/install/lhd_msgs/lib:${LD_LIBRARY_PATH} PYTHONPATH=/home/bryan/lhd_ws/src/install/lhd_msgs/local/lib/python3.10/dist-packages:${PYTHONPATH} /usr/bin/cmake --build /home/bryan/lhd_ws/src/build/lhd_automation -- -j16 -l16
[0.062s] Built target ament_cmake_python_copy_lhd_automation
[0.252s] running egg_info
[0.253s] writing lhd_automation.egg-info/PKG-INFO
[0.253s] writing dependency_links to lhd_automation.egg-info/dependency_links.txt
[0.253s] writing top-level names to lhd_automation.egg-info/top_level.txt
[0.255s] reading manifest file 'lhd_automation.egg-info/SOURCES.txt'
[0.255s] writing manifest file 'lhd_automation.egg-info/SOURCES.txt'
[0.274s] Built target ament_cmake_python_build_lhd_automation_egg
[0.284s] Invoked command in '/home/bryan/lhd_ws/src/build/lhd_automation' returned '0': AMENT_PREFIX_PATH=/home/bryan/lhd_ws/src/install/lhd_msgs:${AMENT_PREFIX_PATH} CMAKE_PREFIX_PATH=/home/bryan/lhd_ws/src/install/lhd_msgs:/home/bryan/bumperbot_ws/install/bumperbot_utils:/home/bryan/bumperbot_ws/install/bumperbot_cpp_examples:/home/bryan/bumperbot_ws/install/bumperbot_msgs:/home/bryan/bumperbot_ws/install/bumperbot_bringup:/home/bryan/bumperbot_ws/install/bumperbot_mapping:/home/bryan/bumperbot_ws/install/bumperbot_localization:/home/bryan/bumperbot_ws/install/bumperbot_firmware:/home/bryan/bumperbot_ws/install/bumperbot_description:/home/bryan/bumperbot_ws/install/bumperbot_controller:/home/bryan/lhd_ws/install/lhd_automation:/home/bryan/lhd_ws/install/lhd_msgs:/home/bryan/lhd_ws/install/lhd_mapping:/home/bryan/lhd_ws/install/lhd_localization:/home/bryan/lhd_ws/install/lhd_bringup:/home/bryan/lhd_ws/install/lhd_description:/home/bryan/lhd_ws/install/lhd_controller:/home/bryan/uros_ws/install/micro_ros_setup:/home/bryan/uros_ws/install/micro_ros_agent:/home/bryan/uros_ws/install/micro_ros_msgs:/home/bryan/hexapod_ws/install/serial_communicator:/home/bryan/hexapod_ws/install/hexapod_utils:/home/bryan/hexapod_ws/install/hexapod_kinematics:/home/bryan/hexapod_ws/install/hexapod_controller:/home/bryan/hexapod_ws/install/hexapod_interfaces:/home/bryan/hexapod_ws/install/hexapod_firmware:/home/bryan/hexapod_ws/install/hexapod_description:/home/bryan/hexapod_ws/install/hexapod_bringup:/home/bryan/turtlesim_ws/install/turtlesim:/home/bryan/bumperbot_ws/install/bumperbot_py_examples:/home/bryan/hexapod_ws/install/mpu9250:/opt/ros/humble LD_LIBRARY_PATH=/home/bryan/lhd_ws/src/install/lhd_msgs/lib:${LD_LIBRARY_PATH} PYTHONPATH=/home/bryan/lhd_ws/src/install/lhd_msgs/local/lib/python3.10/dist-packages:${PYTHONPATH} /usr/bin/cmake --build /home/bryan/lhd_ws/src/build/lhd_automation -- -j16 -l16
[0.285s] Invoking command in '/home/bryan/lhd_ws/src/build/lhd_automation': AMENT_PREFIX_PATH=/home/bryan/lhd_ws/src/install/lhd_msgs:${AMENT_PREFIX_PATH} CMAKE_PREFIX_PATH=/home/bryan/lhd_ws/src/install/lhd_msgs:/home/bryan/bumperbot_ws/install/bumperbot_utils:/home/bryan/bumperbot_ws/install/bumperbot_cpp_examples:/home/bryan/bumperbot_ws/install/bumperbot_msgs:/home/bryan/bumperbot_ws/install/bumperbot_bringup:/home/bryan/bumperbot_ws/install/bumperbot_mapping:/home/bryan/bumperbot_ws/install/bumperbot_localization:/home/bryan/bumperbot_ws/install/bumperbot_firmware:/home/bryan/bumperbot_ws/install/bumperbot_description:/home/bryan/bumperbot_ws/install/bumperbot_controller:/home/bryan/lhd_ws/install/lhd_automation:/home/bryan/lhd_ws/install/lhd_msgs:/home/bryan/lhd_ws/install/lhd_mapping:/home/bryan/lhd_ws/install/lhd_localization:/home/bryan/lhd_ws/install/lhd_bringup:/home/bryan/lhd_ws/install/lhd_description:/home/bryan/lhd_ws/install/lhd_controller:/home/bryan/uros_ws/install/micro_ros_setup:/home/bryan/uros_ws/install/micro_ros_agent:/home/bryan/uros_ws/install/micro_ros_msgs:/home/bryan/hexapod_ws/install/serial_communicator:/home/bryan/hexapod_ws/install/hexapod_utils:/home/bryan/hexapod_ws/install/hexapod_kinematics:/home/bryan/hexapod_ws/install/hexapod_controller:/home/bryan/hexapod_ws/install/hexapod_interfaces:/home/bryan/hexapod_ws/install/hexapod_firmware:/home/bryan/hexapod_ws/install/hexapod_description:/home/bryan/hexapod_ws/install/hexapod_bringup:/home/bryan/turtlesim_ws/install/turtlesim:/home/bryan/bumperbot_ws/install/bumperbot_py_examples:/home/bryan/hexapod_ws/install/mpu9250:/opt/ros/humble LD_LIBRARY_PATH=/home/bryan/lhd_ws/src/install/lhd_msgs/lib:${LD_LIBRARY_PATH} PYTHONPATH=/home/bryan/lhd_ws/src/install/lhd_msgs/local/lib/python3.10/dist-packages:${PYTHONPATH} /usr/bin/cmake --install /home/bryan/lhd_ws/src/build/lhd_automation
[0.292s] -- Install configuration: ""
[0.292s] -- Up-to-date: /home/bryan/lhd_ws/src/install/lhd_automation/share/lhd_automation/environment/pythonpath.sh
[0.292s] -- Up-to-date: /home/bryan/lhd_ws/src/install/lhd_automation/share/lhd_automation/environment/pythonpath.dsv
[0.292s] -- Up-to-date: /home/bryan/lhd_ws/src/install/lhd_automation/local/lib/python3.10/dist-packages/lhd_automation-0.0.0-py3.10.egg-info
[0.292s] -- Installing: /home/bryan/lhd_ws/src/install/lhd_automation/local/lib/python3.10/dist-packages/lhd_automation-0.0.0-py3.10.egg-info/SOURCES.txt
[0.292s] -- Installing: /home/bryan/lhd_ws/src/install/lhd_automation/local/lib/python3.10/dist-packages/lhd_automation-0.0.0-py3.10.egg-info/PKG-INFO
[0.292s] -- Installing: /home/bryan/lhd_ws/src/install/lhd_automation/local/lib/python3.10/dist-packages/lhd_automation-0.0.0-py3.10.egg-info/top_level.txt
[0.292s] -- Installing: /home/bryan/lhd_ws/src/install/lhd_automation/local/lib/python3.10/dist-packages/lhd_automation-0.0.0-py3.10.egg-info/dependency_links.txt
[0.292s] -- Up-to-date: /home/bryan/lhd_ws/src/install/lhd_automation/local/lib/python3.10/dist-packages/lhd_automation
[0.292s] -- Up-to-date: /home/bryan/lhd_ws/src/install/lhd_automation/local/lib/python3.10/dist-packages/lhd_automation/lhd_client.py
[0.292s] -- Up-to-date: /home/bryan/lhd_ws/src/install/lhd_automation/local/lib/python3.10/dist-packages/lhd_automation/__init__.py
[0.292s] -- Up-to-date: /home/bryan/lhd_ws/src/install/lhd_automation/local/lib/python3.10/dist-packages/lhd_automation/path_planning_service.py
[0.292s] -- Up-to-date: /home/bryan/lhd_ws/src/install/lhd_automation/local/lib/python3.10/dist-packages/lhd_automation/lhd_server.py
[0.292s] -- Up-to-date: /home/bryan/lhd_ws/src/install/lhd_automation/local/lib/python3.10/dist-packages/lhd_automation/MPC_diff_drive_class.py
[0.292s] -- Up-to-date: /home/bryan/lhd_ws/src/install/lhd_automation/local/lib/python3.10/dist-packages/lhd_automation/automation_ros_lhd_mpc.zip
[0.320s] Listing '/home/bryan/lhd_ws/src/install/lhd_automation/local/lib/python3.10/dist-packages/lhd_automation'...
[0.324s] -- Up-to-date: /home/bryan/lhd_ws/src/install/lhd_automation/lib/lhd_automation/lhd_client.py
[0.324s] -- Up-to-date: /home/bryan/lhd_ws/src/install/lhd_automation/lib/lhd_automation/lhd_server.py
[0.324s] -- Up-to-date: /home/bryan/lhd_ws/src/install/lhd_automation/lib/lhd_automation/path_planning_service.py
[0.324s] -- Up-to-date: /home/bryan/lhd_ws/src/install/lhd_automation/share/lhd_automation/launch
[0.324s] -- Up-to-date: /home/bryan/lhd_ws/src/install/lhd_automation/share/lhd_automation/launch/autonomous_robot.launch.py
[0.324s] -- Up-to-date: /home/bryan/lhd_ws/src/install/lhd_automation/share/ament_index/resource_index/package_run_dependencies/lhd_automation
[0.324s] -- Up-to-date: /home/bryan/lhd_ws/src/install/lhd_automation/share/ament_index/resource_index/parent_prefix_path/lhd_automation
[0.324s] -- Up-to-date: /home/bryan/lhd_ws/src/install/lhd_automation/share/lhd_automation/environment/ament_prefix_path.sh
[0.324s] -- Up-to-date: /home/bryan/lhd_ws/src/install/lhd_automation/share/lhd_automation/environment/ament_prefix_path.dsv
[0.324s] -- Up-to-date: /home/bryan/lhd_ws/src/install/lhd_automation/share/lhd_automation/environment/path.sh
[0.324s] -- Up-to-date: /home/bryan/lhd_ws/src/install/lhd_automation/share/lhd_automation/environment/path.dsv
[0.324s] -- Up-to-date: /home/bryan/lhd_ws/src/install/lhd_automation/share/lhd_automation/local_setup.bash
[0.324s] -- Up-to-date: /home/bryan/lhd_ws/src/install/lhd_automation/share/lhd_automation/local_setup.sh
[0.324s] -- Up-to-date: /home/bryan/lhd_ws/src/install/lhd_automation/share/lhd_automation/local_setup.zsh
[0.324s] -- Up-to-date: /home/bryan/lhd_ws/src/install/lhd_automation/share/lhd_automation/local_setup.dsv
[0.325s] -- Installing: /home/bryan/lhd_ws/src/install/lhd_automation/share/lhd_automation/package.dsv
[0.325s] -- Up-to-date: /home/bryan/lhd_ws/src/install/lhd_automation/share/ament_index/resource_index/packages/lhd_automation
[0.325s] -- Up-to-date: /home/bryan/lhd_ws/src/install/lhd_automation/share/lhd_automation/cmake/lhd_automationConfig.cmake
[0.325s] -- Up-to-date: /home/bryan/lhd_ws/src/install/lhd_automation/share/lhd_automation/cmake/lhd_automationConfig-version.cmake
[0.325s] -- Up-to-date: /home/bryan/lhd_ws/src/install/lhd_automation/share/lhd_automation/package.xml
[0.326s] Invoked command in '/home/bryan/lhd_ws/src/build/lhd_automation' returned '0': AMENT_PREFIX_PATH=/home/bryan/lhd_ws/src/install/lhd_msgs:${AMENT_PREFIX_PATH} CMAKE_PREFIX_PATH=/home/bryan/lhd_ws/src/install/lhd_msgs:/home/bryan/bumperbot_ws/install/bumperbot_utils:/home/bryan/bumperbot_ws/install/bumperbot_cpp_examples:/home/bryan/bumperbot_ws/install/bumperbot_msgs:/home/bryan/bumperbot_ws/install/bumperbot_bringup:/home/bryan/bumperbot_ws/install/bumperbot_mapping:/home/bryan/bumperbot_ws/install/bumperbot_localization:/home/bryan/bumperbot_ws/install/bumperbot_firmware:/home/bryan/bumperbot_ws/install/bumperbot_description:/home/bryan/bumperbot_ws/install/bumperbot_controller:/home/bryan/lhd_ws/install/lhd_automation:/home/bryan/lhd_ws/install/lhd_msgs:/home/bryan/lhd_ws/install/lhd_mapping:/home/bryan/lhd_ws/install/lhd_localization:/home/bryan/lhd_ws/install/lhd_bringup:/home/bryan/lhd_ws/install/lhd_description:/home/bryan/lhd_ws/install/lhd_controller:/home/bryan/uros_ws/install/micro_ros_setup:/home/bryan/uros_ws/install/micro_ros_agent:/home/bryan/uros_ws/install/micro_ros_msgs:/home/bryan/hexapod_ws/install/serial_communicator:/home/bryan/hexapod_ws/install/hexapod_utils:/home/bryan/hexapod_ws/install/hexapod_kinematics:/home/bryan/hexapod_ws/install/hexapod_controller:/home/bryan/hexapod_ws/install/hexapod_interfaces:/home/bryan/hexapod_ws/install/hexapod_firmware:/home/bryan/hexapod_ws/install/hexapod_description:/home/bryan/hexapod_ws/install/hexapod_bringup:/home/bryan/turtlesim_ws/install/turtlesim:/home/bryan/bumperbot_ws/install/bumperbot_py_examples:/home/bryan/hexapod_ws/install/mpu9250:/opt/ros/humble LD_LIBRARY_PATH=/home/bryan/lhd_ws/src/install/lhd_msgs/lib:${LD_LIBRARY_PATH} PYTHONPATH=/home/bryan/lhd_ws/src/install/lhd_msgs/local/lib/python3.10/dist-packages:${PYTHONPATH} /usr/bin/cmake --install /home/bryan/lhd_ws/src/build/lhd_automation
