[0.068s] DEBUG:colcon:Command line arguments: ['/usr/bin/colcon', 'build', '--packages-select', 'lhd_automation']
[0.068s] DEBUG:colcon:Parsed command line arguments: Namespace(log_base=None, log_level=None, verb_name='build', build_base='build', install_base='install', merge_install=False, symlink_install=False, test_result_base=None, continue_on_error=False, executor='parallel', parallel_workers=16, event_handlers=None, ignore_user_meta=False, metas=['./colcon.meta'], base_paths=['.'], packages_ignore=None, packages_ignore_regex=None, paths=None, packages_up_to=None, packages_up_to_regex=None, packages_above=None, packages_above_and_dependencies=None, packages_above_depth=None, packages_select_by_dep=None, packages_skip_by_dep=None, packages_skip_up_to=None, packages_select_build_failed=False, packages_skip_build_finished=False, packages_select_test_failures=False, packages_skip_test_passed=False, packages_select=['lhd_automation'], packages_skip=None, packages_select_regex=None, packages_skip_regex=None, packages_start=None, packages_end=None, allow_overriding=[], cmake_args=None, cmake_target=None, cmake_target_skip_unavailable=False, cmake_clean_cache=False, cmake_clean_first=False, cmake_force_configure=False, ament_cmake_args=None, catkin_cmake_args=None, catkin_skip_building_tests=False, mixin_files=None, mixin=None, verb_parser=<colcon_mixin.mixin.mixin_argument.MixinArgumentDecorator object at 0x7351cc852860>, verb_extension=<colcon_core.verb.build.BuildVerb object at 0x7351cc9ab730>, main=<bound method BuildVerb.main of <colcon_core.verb.build.BuildVerb object at 0x7351cc9ab730>>, mixin_verb=('build',))
[0.192s] Level 1:colcon.colcon_core.package_discovery:discover_packages(colcon_meta) check parameters
[0.192s] Level 1:colcon.colcon_core.package_discovery:discover_packages(recursive) check parameters
[0.192s] Level 1:colcon.colcon_core.package_discovery:discover_packages(ignore) check parameters
[0.192s] Level 1:colcon.colcon_core.package_discovery:discover_packages(path) check parameters
[0.192s] Level 1:colcon.colcon_core.package_discovery:discover_packages(colcon_meta) discover
[0.192s] Level 1:colcon.colcon_core.package_discovery:discover_packages(recursive) discover
[0.192s] INFO:colcon.colcon_core.package_discovery:Crawling recursively for packages in '/home/bryan/lhd_ws/src'
[0.192s] Level 1:colcon.colcon_core.package_identification:_identify(.) by extensions ['ignore', 'ignore_ament_install']
[0.192s] Level 1:colcon.colcon_core.package_identification:_identify(.) by extension 'ignore'
[0.192s] Level 1:colcon.colcon_core.package_identification:_identify(.) by extension 'ignore_ament_install'
[0.192s] Level 1:colcon.colcon_core.package_identification:_identify(.) by extensions ['colcon_pkg']
[0.192s] Level 1:colcon.colcon_core.package_identification:_identify(.) by extension 'colcon_pkg'
[0.192s] Level 1:colcon.colcon_core.package_identification:_identify(.) by extensions ['colcon_meta']
[0.192s] Level 1:colcon.colcon_core.package_identification:_identify(.) by extension 'colcon_meta'
[0.192s] Level 1:colcon.colcon_core.package_identification:_identify(.) by extensions ['ros']
[0.192s] Level 1:colcon.colcon_core.package_identification:_identify(.) by extension 'ros'
[0.198s] Level 1:colcon.colcon_core.package_identification:_identify(.) by extensions ['cmake', 'python']
[0.198s] Level 1:colcon.colcon_core.package_identification:_identify(.) by extension 'cmake'
[0.199s] Level 1:colcon.colcon_core.package_identification:_identify(.) by extension 'python'
[0.199s] Level 1:colcon.colcon_core.package_identification:_identify(.) by extensions ['python_setup_py']
[0.199s] Level 1:colcon.colcon_core.package_identification:_identify(.) by extension 'python_setup_py'
[0.199s] Level 1:colcon.colcon_core.package_identification:_identify(Images) by extensions ['ignore', 'ignore_ament_install']
[0.199s] Level 1:colcon.colcon_core.package_identification:_identify(Images) by extension 'ignore'
[0.199s] Level 1:colcon.colcon_core.package_identification:_identify(Images) by extension 'ignore_ament_install'
[0.199s] Level 1:colcon.colcon_core.package_identification:_identify(Images) by extensions ['colcon_pkg']
[0.199s] Level 1:colcon.colcon_core.package_identification:_identify(Images) by extension 'colcon_pkg'
[0.199s] Level 1:colcon.colcon_core.package_identification:_identify(Images) by extensions ['colcon_meta']
[0.199s] Level 1:colcon.colcon_core.package_identification:_identify(Images) by extension 'colcon_meta'
[0.199s] Level 1:colcon.colcon_core.package_identification:_identify(Images) by extensions ['ros']
[0.199s] Level 1:colcon.colcon_core.package_identification:_identify(Images) by extension 'ros'
[0.199s] Level 1:colcon.colcon_core.package_identification:_identify(Images) by extensions ['cmake', 'python']
[0.199s] Level 1:colcon.colcon_core.package_identification:_identify(Images) by extension 'cmake'
[0.199s] Level 1:colcon.colcon_core.package_identification:_identify(Images) by extension 'python'
[0.199s] Level 1:colcon.colcon_core.package_identification:_identify(Images) by extensions ['python_setup_py']
[0.199s] Level 1:colcon.colcon_core.package_identification:_identify(Images) by extension 'python_setup_py'
[0.199s] Level 1:colcon.colcon_core.package_identification:_identify(build) by extensions ['ignore', 'ignore_ament_install']
[0.199s] Level 1:colcon.colcon_core.package_identification:_identify(build) by extension 'ignore'
[0.199s] Level 1:colcon.colcon_core.package_identification:_identify(build) ignored
[0.199s] Level 1:colcon.colcon_core.package_identification:_identify(completely_ramdom_stuph) by extensions ['ignore', 'ignore_ament_install']
[0.199s] Level 1:colcon.colcon_core.package_identification:_identify(completely_ramdom_stuph) by extension 'ignore'
[0.199s] Level 1:colcon.colcon_core.package_identification:_identify(completely_ramdom_stuph) by extension 'ignore_ament_install'
[0.199s] Level 1:colcon.colcon_core.package_identification:_identify(completely_ramdom_stuph) by extensions ['colcon_pkg']
[0.199s] Level 1:colcon.colcon_core.package_identification:_identify(completely_ramdom_stuph) by extension 'colcon_pkg'
[0.199s] Level 1:colcon.colcon_core.package_identification:_identify(completely_ramdom_stuph) by extensions ['colcon_meta']
[0.199s] Level 1:colcon.colcon_core.package_identification:_identify(completely_ramdom_stuph) by extension 'colcon_meta'
[0.199s] Level 1:colcon.colcon_core.package_identification:_identify(completely_ramdom_stuph) by extensions ['ros']
[0.199s] Level 1:colcon.colcon_core.package_identification:_identify(completely_ramdom_stuph) by extension 'ros'
[0.199s] Level 1:colcon.colcon_core.package_identification:_identify(completely_ramdom_stuph) by extensions ['cmake', 'python']
[0.199s] Level 1:colcon.colcon_core.package_identification:_identify(completely_ramdom_stuph) by extension 'cmake'
[0.199s] Level 1:colcon.colcon_core.package_identification:_identify(completely_ramdom_stuph) by extension 'python'
[0.199s] Level 1:colcon.colcon_core.package_identification:_identify(completely_ramdom_stuph) by extensions ['python_setup_py']
[0.199s] Level 1:colcon.colcon_core.package_identification:_identify(completely_ramdom_stuph) by extension 'python_setup_py'
[0.199s] Level 1:colcon.colcon_core.package_identification:_identify(install) by extensions ['ignore', 'ignore_ament_install']
[0.200s] Level 1:colcon.colcon_core.package_identification:_identify(install) by extension 'ignore'
[0.200s] Level 1:colcon.colcon_core.package_identification:_identify(install) ignored
[0.200s] Level 1:colcon.colcon_core.package_identification:_identify(lhd_automation) by extensions ['ignore', 'ignore_ament_install']
[0.200s] Level 1:colcon.colcon_core.package_identification:_identify(lhd_automation) by extension 'ignore'
[0.200s] Level 1:colcon.colcon_core.package_identification:_identify(lhd_automation) by extension 'ignore_ament_install'
[0.200s] Level 1:colcon.colcon_core.package_identification:_identify(lhd_automation) by extensions ['colcon_pkg']
[0.200s] Level 1:colcon.colcon_core.package_identification:_identify(lhd_automation) by extension 'colcon_pkg'
[0.200s] Level 1:colcon.colcon_core.package_identification:_identify(lhd_automation) by extensions ['colcon_meta']
[0.200s] Level 1:colcon.colcon_core.package_identification:_identify(lhd_automation) by extension 'colcon_meta'
[0.200s] Level 1:colcon.colcon_core.package_identification:_identify(lhd_automation) by extensions ['ros']
[0.200s] Level 1:colcon.colcon_core.package_identification:_identify(lhd_automation) by extension 'ros'
[0.201s] DEBUG:colcon.colcon_core.package_identification:Package 'lhd_automation' with type 'ros.ament_cmake' and name 'lhd_automation'
[0.201s] Level 1:colcon.colcon_core.package_identification:_identify(lhd_bringup) by extensions ['ignore', 'ignore_ament_install']
[0.201s] Level 1:colcon.colcon_core.package_identification:_identify(lhd_bringup) by extension 'ignore'
[0.201s] Level 1:colcon.colcon_core.package_identification:_identify(lhd_bringup) by extension 'ignore_ament_install'
[0.201s] Level 1:colcon.colcon_core.package_identification:_identify(lhd_bringup) by extensions ['colcon_pkg']
[0.201s] Level 1:colcon.colcon_core.package_identification:_identify(lhd_bringup) by extension 'colcon_pkg'
[0.202s] Level 1:colcon.colcon_core.package_identification:_identify(lhd_bringup) by extensions ['colcon_meta']
[0.202s] Level 1:colcon.colcon_core.package_identification:_identify(lhd_bringup) by extension 'colcon_meta'
[0.202s] Level 1:colcon.colcon_core.package_identification:_identify(lhd_bringup) by extensions ['ros']
[0.202s] Level 1:colcon.colcon_core.package_identification:_identify(lhd_bringup) by extension 'ros'
[0.202s] DEBUG:colcon.colcon_core.package_identification:Package 'lhd_bringup' with type 'ros.ament_cmake' and name 'lhd_bringup'
[0.202s] Level 1:colcon.colcon_core.package_identification:_identify(lhd_controller) by extensions ['ignore', 'ignore_ament_install']
[0.202s] Level 1:colcon.colcon_core.package_identification:_identify(lhd_controller) by extension 'ignore'
[0.202s] Level 1:colcon.colcon_core.package_identification:_identify(lhd_controller) by extension 'ignore_ament_install'
[0.202s] Level 1:colcon.colcon_core.package_identification:_identify(lhd_controller) by extensions ['colcon_pkg']
[0.202s] Level 1:colcon.colcon_core.package_identification:_identify(lhd_controller) by extension 'colcon_pkg'
[0.202s] Level 1:colcon.colcon_core.package_identification:_identify(lhd_controller) by extensions ['colcon_meta']
[0.202s] Level 1:colcon.colcon_core.package_identification:_identify(lhd_controller) by extension 'colcon_meta'
[0.202s] Level 1:colcon.colcon_core.package_identification:_identify(lhd_controller) by extensions ['ros']
[0.202s] Level 1:colcon.colcon_core.package_identification:_identify(lhd_controller) by extension 'ros'
[0.203s] DEBUG:colcon.colcon_core.package_identification:Package 'lhd_controller' with type 'ros.ament_cmake' and name 'lhd_controller'
[0.203s] Level 1:colcon.colcon_core.package_identification:_identify(lhd_description) by extensions ['ignore', 'ignore_ament_install']
[0.203s] Level 1:colcon.colcon_core.package_identification:_identify(lhd_description) by extension 'ignore'
[0.203s] Level 1:colcon.colcon_core.package_identification:_identify(lhd_description) by extension 'ignore_ament_install'
[0.203s] Level 1:colcon.colcon_core.package_identification:_identify(lhd_description) by extensions ['colcon_pkg']
[0.203s] Level 1:colcon.colcon_core.package_identification:_identify(lhd_description) by extension 'colcon_pkg'
[0.203s] Level 1:colcon.colcon_core.package_identification:_identify(lhd_description) by extensions ['colcon_meta']
[0.203s] Level 1:colcon.colcon_core.package_identification:_identify(lhd_description) by extension 'colcon_meta'
[0.203s] Level 1:colcon.colcon_core.package_identification:_identify(lhd_description) by extensions ['ros']
[0.203s] Level 1:colcon.colcon_core.package_identification:_identify(lhd_description) by extension 'ros'
[0.205s] DEBUG:colcon.colcon_core.package_identification:Package 'lhd_description' with type 'ros.ament_cmake' and name 'lhd_description'
[0.205s] Level 1:colcon.colcon_core.package_identification:_identify(lhd_localization) by extensions ['ignore', 'ignore_ament_install']
[0.205s] Level 1:colcon.colcon_core.package_identification:_identify(lhd_localization) by extension 'ignore'
[0.205s] Level 1:colcon.colcon_core.package_identification:_identify(lhd_localization) by extension 'ignore_ament_install'
[0.205s] Level 1:colcon.colcon_core.package_identification:_identify(lhd_localization) by extensions ['colcon_pkg']
[0.205s] Level 1:colcon.colcon_core.package_identification:_identify(lhd_localization) by extension 'colcon_pkg'
[0.205s] Level 1:colcon.colcon_core.package_identification:_identify(lhd_localization) by extensions ['colcon_meta']
[0.205s] Level 1:colcon.colcon_core.package_identification:_identify(lhd_localization) by extension 'colcon_meta'
[0.205s] Level 1:colcon.colcon_core.package_identification:_identify(lhd_localization) by extensions ['ros']
[0.205s] Level 1:colcon.colcon_core.package_identification:_identify(lhd_localization) by extension 'ros'
[0.205s] DEBUG:colcon.colcon_core.package_identification:Package 'lhd_localization' with type 'ros.ament_cmake' and name 'lhd_localization'
[0.205s] Level 1:colcon.colcon_core.package_identification:_identify(lhd_mapping) by extensions ['ignore', 'ignore_ament_install']
[0.206s] Level 1:colcon.colcon_core.package_identification:_identify(lhd_mapping) by extension 'ignore'
[0.206s] Level 1:colcon.colcon_core.package_identification:_identify(lhd_mapping) by extension 'ignore_ament_install'
[0.206s] Level 1:colcon.colcon_core.package_identification:_identify(lhd_mapping) by extensions ['colcon_pkg']
[0.206s] Level 1:colcon.colcon_core.package_identification:_identify(lhd_mapping) by extension 'colcon_pkg'
[0.206s] Level 1:colcon.colcon_core.package_identification:_identify(lhd_mapping) by extensions ['colcon_meta']
[0.206s] Level 1:colcon.colcon_core.package_identification:_identify(lhd_mapping) by extension 'colcon_meta'
[0.206s] Level 1:colcon.colcon_core.package_identification:_identify(lhd_mapping) by extensions ['ros']
[0.206s] Level 1:colcon.colcon_core.package_identification:_identify(lhd_mapping) by extension 'ros'
[0.206s] DEBUG:colcon.colcon_core.package_identification:Package 'lhd_mapping' with type 'ros.ament_cmake' and name 'lhd_mapping'
[0.206s] Level 1:colcon.colcon_core.package_identification:_identify(lhd_msgs) by extensions ['ignore', 'ignore_ament_install']
[0.206s] Level 1:colcon.colcon_core.package_identification:_identify(lhd_msgs) by extension 'ignore'
[0.206s] Level 1:colcon.colcon_core.package_identification:_identify(lhd_msgs) by extension 'ignore_ament_install'
[0.206s] Level 1:colcon.colcon_core.package_identification:_identify(lhd_msgs) by extensions ['colcon_pkg']
[0.206s] Level 1:colcon.colcon_core.package_identification:_identify(lhd_msgs) by extension 'colcon_pkg'
[0.206s] Level 1:colcon.colcon_core.package_identification:_identify(lhd_msgs) by extensions ['colcon_meta']
[0.206s] Level 1:colcon.colcon_core.package_identification:_identify(lhd_msgs) by extension 'colcon_meta'
[0.207s] Level 1:colcon.colcon_core.package_identification:_identify(lhd_msgs) by extensions ['ros']
[0.207s] Level 1:colcon.colcon_core.package_identification:_identify(lhd_msgs) by extension 'ros'
[0.207s] DEBUG:colcon.colcon_core.package_identification:Package 'lhd_msgs' with type 'ros.ament_cmake' and name 'lhd_msgs'
[0.207s] Level 1:colcon.colcon_core.package_identification:_identify(log) by extensions ['ignore', 'ignore_ament_install']
[0.207s] Level 1:colcon.colcon_core.package_identification:_identify(log) by extension 'ignore'
[0.207s] Level 1:colcon.colcon_core.package_identification:_identify(log) ignored
[0.207s] Level 1:colcon.colcon_core.package_identification:_identify(pdf_explanation) by extensions ['ignore', 'ignore_ament_install']
[0.207s] Level 1:colcon.colcon_core.package_identification:_identify(pdf_explanation) by extension 'ignore'
[0.207s] Level 1:colcon.colcon_core.package_identification:_identify(pdf_explanation) by extension 'ignore_ament_install'
[0.207s] Level 1:colcon.colcon_core.package_identification:_identify(pdf_explanation) by extensions ['colcon_pkg']
[0.207s] Level 1:colcon.colcon_core.package_identification:_identify(pdf_explanation) by extension 'colcon_pkg'
[0.207s] Level 1:colcon.colcon_core.package_identification:_identify(pdf_explanation) by extensions ['colcon_meta']
[0.207s] Level 1:colcon.colcon_core.package_identification:_identify(pdf_explanation) by extension 'colcon_meta'
[0.207s] Level 1:colcon.colcon_core.package_identification:_identify(pdf_explanation) by extensions ['ros']
[0.207s] Level 1:colcon.colcon_core.package_identification:_identify(pdf_explanation) by extension 'ros'
[0.207s] Level 1:colcon.colcon_core.package_identification:_identify(pdf_explanation) by extensions ['cmake', 'python']
[0.207s] Level 1:colcon.colcon_core.package_identification:_identify(pdf_explanation) by extension 'cmake'
[0.207s] Level 1:colcon.colcon_core.package_identification:_identify(pdf_explanation) by extension 'python'
[0.207s] Level 1:colcon.colcon_core.package_identification:_identify(pdf_explanation) by extensions ['python_setup_py']
[0.207s] Level 1:colcon.colcon_core.package_identification:_identify(pdf_explanation) by extension 'python_setup_py'
[0.207s] Level 1:colcon.colcon_core.package_discovery:discover_packages(recursive) using defaults
[0.207s] Level 1:colcon.colcon_core.package_discovery:discover_packages(ignore) discover
[0.207s] Level 1:colcon.colcon_core.package_discovery:discover_packages(ignore) using defaults
[0.207s] Level 1:colcon.colcon_core.package_discovery:discover_packages(path) discover
[0.207s] Level 1:colcon.colcon_core.package_discovery:discover_packages(path) using defaults
[0.220s] INFO:colcon.colcon_core.package_selection:Skipping not selected package 'lhd_controller' in 'lhd_controller'
[0.220s] INFO:colcon.colcon_core.package_selection:Skipping not selected package 'lhd_description' in 'lhd_description'
[0.221s] INFO:colcon.colcon_core.package_selection:Skipping not selected package 'lhd_localization' in 'lhd_localization'
[0.221s] INFO:colcon.colcon_core.package_selection:Skipping not selected package 'lhd_mapping' in 'lhd_mapping'
[0.221s] INFO:colcon.colcon_core.package_selection:Skipping not selected package 'lhd_msgs' in 'lhd_msgs'
[0.221s] INFO:colcon.colcon_core.package_selection:Skipping not selected package 'lhd_bringup' in 'lhd_bringup'
[0.221s] Level 1:colcon.colcon_core.package_discovery:discover_packages(prefix_path) check parameters
[0.221s] Level 1:colcon.colcon_core.package_discovery:discover_packages(prefix_path) discover
[0.222s] DEBUG:colcon.colcon_installed_package_information.package_discovery:Found 7 installed packages in /home/bryan/lhd_ws/install
[0.222s] DEBUG:colcon.colcon_installed_package_information.package_discovery:Found 3 installed packages in /home/bryan/uros_ws/install
[0.223s] DEBUG:colcon.colcon_installed_package_information.package_discovery:Found 9 installed packages in /home/bryan/hexapod_ws/install
[0.223s] DEBUG:colcon.colcon_installed_package_information.package_discovery:Found 1 installed packages in /home/bryan/turtlesim_ws/install
[0.223s] DEBUG:colcon.colcon_installed_package_information.package_discovery:Found 10 installed packages in /home/bryan/bumperbot_ws/install
[0.224s] DEBUG:colcon.colcon_installed_package_information.package_discovery:Found 497 installed packages in /opt/ros/humble
[0.226s] Level 1:colcon.colcon_core.package_discovery:discover_packages(prefix_path) using defaults
[0.256s] Level 5:colcon.colcon_core.verb:set package 'lhd_automation' build argument 'cmake_args' from command line to 'None'
[0.256s] Level 5:colcon.colcon_core.verb:set package 'lhd_automation' build argument 'cmake_target' from command line to 'None'
[0.256s] Level 5:colcon.colcon_core.verb:set package 'lhd_automation' build argument 'cmake_target_skip_unavailable' from command line to 'False'
[0.256s] Level 5:colcon.colcon_core.verb:set package 'lhd_automation' build argument 'cmake_clean_cache' from command line to 'False'
[0.256s] Level 5:colcon.colcon_core.verb:set package 'lhd_automation' build argument 'cmake_clean_first' from command line to 'False'
[0.256s] Level 5:colcon.colcon_core.verb:set package 'lhd_automation' build argument 'cmake_force_configure' from command line to 'False'
[0.256s] Level 5:colcon.colcon_core.verb:set package 'lhd_automation' build argument 'ament_cmake_args' from command line to 'None'
[0.256s] Level 5:colcon.colcon_core.verb:set package 'lhd_automation' build argument 'catkin_cmake_args' from command line to 'None'
[0.256s] Level 5:colcon.colcon_core.verb:set package 'lhd_automation' build argument 'catkin_skip_building_tests' from command line to 'False'
[0.256s] DEBUG:colcon.colcon_core.verb:Building package 'lhd_automation' with the following arguments: {'ament_cmake_args': None, 'build_base': '/home/bryan/lhd_ws/src/build/lhd_automation', 'catkin_cmake_args': None, 'catkin_skip_building_tests': False, 'cmake_args': None, 'cmake_clean_cache': False, 'cmake_clean_first': False, 'cmake_force_configure': False, 'cmake_target': None, 'cmake_target_skip_unavailable': False, 'install_base': '/home/bryan/lhd_ws/src/install/lhd_automation', 'merge_install': False, 'path': '/home/bryan/lhd_ws/src/lhd_automation', 'symlink_install': False, 'test_result_base': None}
[0.256s] INFO:colcon.colcon_core.executor:Executing jobs using 'parallel' executor
[0.257s] DEBUG:colcon.colcon_parallel_executor.executor.parallel:run_until_complete
[0.257s] INFO:colcon.colcon_ros.task.ament_cmake.build:Building ROS package in '/home/bryan/lhd_ws/src/lhd_automation' with build type 'ament_cmake'
[0.257s] INFO:colcon.colcon_cmake.task.cmake.build:Building CMake package in '/home/bryan/lhd_ws/src/lhd_automation'
[0.259s] INFO:colcon.colcon_core.plugin_system:Skipping extension 'colcon_core.shell.bat': Not used on non-Windows systems
[0.259s] INFO:colcon.colcon_core.shell:Skip shell extension 'powershell' for command environment: Not usable outside of PowerShell
[0.259s] DEBUG:colcon.colcon_core.shell:Skip shell extension 'dsv' for command environment
[0.262s] WARNING:colcon.colcon_core.shell:The following packages are in the workspace but haven't been built:
- lhd_msgs
They are being used from the following locations instead:
- /home/bryan/lhd_ws/install/lhd_msgs
To suppress this warning ignore these packages in the workspace:
--packages-ignore lhd_msgs
[0.269s] DEBUG:colcon.colcon_core.event_handler.log_command:Invoking command in '/home/bryan/lhd_ws/src/build/lhd_automation': CMAKE_PREFIX_PATH=${CMAKE_PREFIX_PATH}:/home/bryan/bumperbot_ws/install/bumperbot_py_examples:/home/bryan/hexapod_ws/install/mpu9250:/opt/ros/humble /usr/bin/cmake --build /home/bryan/lhd_ws/src/build/lhd_automation -- -j16 -l16
[0.529s] DEBUG:colcon.colcon_core.event_handler.log_command:Invoked command in '/home/bryan/lhd_ws/src/build/lhd_automation' returned '0': CMAKE_PREFIX_PATH=${CMAKE_PREFIX_PATH}:/home/bryan/bumperbot_ws/install/bumperbot_py_examples:/home/bryan/hexapod_ws/install/mpu9250:/opt/ros/humble /usr/bin/cmake --build /home/bryan/lhd_ws/src/build/lhd_automation -- -j16 -l16
[0.538s] DEBUG:colcon.colcon_core.event_handler.log_command:Invoking command in '/home/bryan/lhd_ws/src/build/lhd_automation': CMAKE_PREFIX_PATH=${CMAKE_PREFIX_PATH}:/home/bryan/bumperbot_ws/install/bumperbot_py_examples:/home/bryan/hexapod_ws/install/mpu9250:/opt/ros/humble /usr/bin/cmake --install /home/bryan/lhd_ws/src/build/lhd_automation
[0.575s] Level 1:colcon.colcon_core.environment:create_environment_scripts_only(lhd_automation)
[0.576s] DEBUG:colcon.colcon_core.event_handler.log_command:Invoked command in '/home/bryan/lhd_ws/src/build/lhd_automation' returned '0': CMAKE_PREFIX_PATH=${CMAKE_PREFIX_PATH}:/home/bryan/bumperbot_ws/install/bumperbot_py_examples:/home/bryan/hexapod_ws/install/mpu9250:/opt/ros/humble /usr/bin/cmake --install /home/bryan/lhd_ws/src/build/lhd_automation
[0.578s] Level 1:colcon.colcon_core.environment:checking '/home/bryan/lhd_ws/src/install/lhd_automation' for CMake module files
[0.578s] Level 1:colcon.colcon_core.environment:checking '/home/bryan/lhd_ws/src/install/lhd_automation' for CMake config files
[0.579s] Level 1:colcon.colcon_core.shell:create_environment_hook('lhd_automation', 'cmake_prefix_path')
[0.579s] INFO:colcon.colcon_core.shell:Creating environment hook '/home/bryan/lhd_ws/src/install/lhd_automation/share/lhd_automation/hook/cmake_prefix_path.ps1'
[0.580s] INFO:colcon.colcon_core.shell:Creating environment descriptor '/home/bryan/lhd_ws/src/install/lhd_automation/share/lhd_automation/hook/cmake_prefix_path.dsv'
[0.580s] INFO:colcon.colcon_core.shell:Creating environment hook '/home/bryan/lhd_ws/src/install/lhd_automation/share/lhd_automation/hook/cmake_prefix_path.sh'
[0.581s] Level 1:colcon.colcon_core.environment:checking '/home/bryan/lhd_ws/src/install/lhd_automation/lib'
[0.581s] Level 1:colcon.colcon_core.environment:checking '/home/bryan/lhd_ws/src/install/lhd_automation/bin'
[0.581s] Level 1:colcon.colcon_core.environment:checking '/home/bryan/lhd_ws/src/install/lhd_automation/lib/pkgconfig/lhd_automation.pc'
[0.582s] Level 1:colcon.colcon_core.environment:checking '/home/bryan/lhd_ws/src/install/lhd_automation/lib/python3.10/site-packages'
[0.582s] Level 1:colcon.colcon_core.environment:checking '/home/bryan/lhd_ws/src/install/lhd_automation/bin'
[0.582s] INFO:colcon.colcon_core.shell:Creating package script '/home/bryan/lhd_ws/src/install/lhd_automation/share/lhd_automation/package.ps1'
[0.583s] INFO:colcon.colcon_core.shell:Creating package descriptor '/home/bryan/lhd_ws/src/install/lhd_automation/share/lhd_automation/package.dsv'
[0.583s] INFO:colcon.colcon_core.shell:Creating package script '/home/bryan/lhd_ws/src/install/lhd_automation/share/lhd_automation/package.sh'
[0.584s] INFO:colcon.colcon_core.shell:Creating package script '/home/bryan/lhd_ws/src/install/lhd_automation/share/lhd_automation/package.bash'
[0.585s] INFO:colcon.colcon_core.shell:Creating package script '/home/bryan/lhd_ws/src/install/lhd_automation/share/lhd_automation/package.zsh'
[0.585s] Level 1:colcon.colcon_core.environment:create_file_with_runtime_dependencies(/home/bryan/lhd_ws/src/install/lhd_automation/share/colcon-core/packages/lhd_automation)
[0.586s] Level 1:colcon.colcon_core.environment:create_environment_scripts_only(lhd_automation)
[0.586s] Level 1:colcon.colcon_core.environment:checking '/home/bryan/lhd_ws/src/install/lhd_automation' for CMake module files
[0.586s] Level 1:colcon.colcon_core.environment:checking '/home/bryan/lhd_ws/src/install/lhd_automation' for CMake config files
[0.587s] Level 1:colcon.colcon_core.shell:create_environment_hook('lhd_automation', 'cmake_prefix_path')
[0.587s] INFO:colcon.colcon_core.shell:Creating environment hook '/home/bryan/lhd_ws/src/install/lhd_automation/share/lhd_automation/hook/cmake_prefix_path.ps1'
[0.587s] INFO:colcon.colcon_core.shell:Creating environment descriptor '/home/bryan/lhd_ws/src/install/lhd_automation/share/lhd_automation/hook/cmake_prefix_path.dsv'
[0.588s] INFO:colcon.colcon_core.shell:Creating environment hook '/home/bryan/lhd_ws/src/install/lhd_automation/share/lhd_automation/hook/cmake_prefix_path.sh'
[0.588s] Level 1:colcon.colcon_core.environment:checking '/home/bryan/lhd_ws/src/install/lhd_automation/lib'
[0.588s] Level 1:colcon.colcon_core.environment:checking '/home/bryan/lhd_ws/src/install/lhd_automation/bin'
[0.588s] Level 1:colcon.colcon_core.environment:checking '/home/bryan/lhd_ws/src/install/lhd_automation/lib/pkgconfig/lhd_automation.pc'
[0.588s] Level 1:colcon.colcon_core.environment:checking '/home/bryan/lhd_ws/src/install/lhd_automation/lib/python3.10/site-packages'
[0.589s] Level 1:colcon.colcon_core.environment:checking '/home/bryan/lhd_ws/src/install/lhd_automation/bin'
[0.589s] INFO:colcon.colcon_core.shell:Creating package script '/home/bryan/lhd_ws/src/install/lhd_automation/share/lhd_automation/package.ps1'
[0.589s] INFO:colcon.colcon_core.shell:Creating package descriptor '/home/bryan/lhd_ws/src/install/lhd_automation/share/lhd_automation/package.dsv'
[0.590s] INFO:colcon.colcon_core.shell:Creating package script '/home/bryan/lhd_ws/src/install/lhd_automation/share/lhd_automation/package.sh'
[0.590s] INFO:colcon.colcon_core.shell:Creating package script '/home/bryan/lhd_ws/src/install/lhd_automation/share/lhd_automation/package.bash'
[0.591s] INFO:colcon.colcon_core.shell:Creating package script '/home/bryan/lhd_ws/src/install/lhd_automation/share/lhd_automation/package.zsh'
[0.591s] Level 1:colcon.colcon_core.environment:create_file_with_runtime_dependencies(/home/bryan/lhd_ws/src/install/lhd_automation/share/colcon-core/packages/lhd_automation)
[0.591s] DEBUG:colcon.colcon_parallel_executor.executor.parallel:closing loop
[0.591s] DEBUG:colcon.colcon_parallel_executor.executor.parallel:loop closed
[0.592s] DEBUG:colcon.colcon_parallel_executor.executor.parallel:run_until_complete finished with '0'
[0.592s] DEBUG:colcon.colcon_core.event_reactor:joining thread
[0.595s] INFO:colcon.colcon_core.plugin_system:Skipping extension 'colcon_notification.desktop_notification.terminal_notifier': Not used on non-Darwin systems
[0.595s] INFO:colcon.colcon_core.plugin_system:Skipping extension 'colcon_notification.desktop_notification.win32': Not used on non-Windows systems
[0.595s] INFO:colcon.colcon_notification.desktop_notification:Sending desktop notification using 'notify2'
[0.603s] DEBUG:colcon.colcon_core.event_reactor:joined thread
[0.603s] INFO:colcon.colcon_core.shell:Creating prefix script '/home/bryan/lhd_ws/src/install/local_setup.ps1'
[0.604s] INFO:colcon.colcon_core.shell:Creating prefix util module '/home/bryan/lhd_ws/src/install/_local_setup_util_ps1.py'
[0.605s] INFO:colcon.colcon_core.shell:Creating prefix chain script '/home/bryan/lhd_ws/src/install/setup.ps1'
[0.607s] INFO:colcon.colcon_core.shell:Creating prefix script '/home/bryan/lhd_ws/src/install/local_setup.sh'
[0.607s] INFO:colcon.colcon_core.shell:Creating prefix util module '/home/bryan/lhd_ws/src/install/_local_setup_util_sh.py'
[0.607s] INFO:colcon.colcon_core.shell:Creating prefix chain script '/home/bryan/lhd_ws/src/install/setup.sh'
[0.608s] INFO:colcon.colcon_core.shell:Creating prefix script '/home/bryan/lhd_ws/src/install/local_setup.bash'
[0.608s] INFO:colcon.colcon_core.shell:Creating prefix chain script '/home/bryan/lhd_ws/src/install/setup.bash'
[0.609s] INFO:colcon.colcon_core.shell:Creating prefix script '/home/bryan/lhd_ws/src/install/local_setup.zsh'
[0.610s] INFO:colcon.colcon_core.shell:Creating prefix chain script '/home/bryan/lhd_ws/src/install/setup.zsh'
