-- The C compiler identification is GNU 11.4.0
-- The CXX compiler identification is GNU 11.4.0
-- Detecting C compiler ABI info
-- Detecting C compiler ABI info - done
-- Check for working C compiler: /usr/bin/cc - skipped
-- Detecting C compile features
-- Detecting C compile features - done
-- Detecting CXX compiler ABI info
-- Detecting CXX compiler ABI info - done
-- Check for working CXX compiler: /usr/bin/c++ - skipped
-- Detecting CXX compile features
-- Detecting CXX compile features - done
-- Found ament_cmake: 1.3.11 (/opt/ros/humble/share/ament_cmake/cmake)
-- Found Python3: /usr/bin/python3 (found version "3.10.12") found components: Interpreter 
-- Found rclcpp: 16.0.12 (/opt/ros/humble/share/rclcpp/cmake)
-- Found rosidl_generator_c: 3.1.6 (/opt/ros/humble/share/rosidl_generator_c/cmake)
-- Found rosidl_adapter: 3.1.6 (/opt/ros/humble/share/rosidl_adapter/cmake)
-- Found rosidl_generator_cpp: 3.1.6 (/opt/ros/humble/share/rosidl_generator_cpp/cmake)
-- Using all available rosidl_typesupport_c: rosidl_typesupport_fastrtps_c;rosidl_typesupport_introspection_c
-- Using all available rosidl_typesupport_cpp: rosidl_typesupport_fastrtps_cpp;rosidl_typesupport_introspection_cpp
-- Found rmw_implementation_cmake: 6.1.2 (/opt/ros/humble/share/rmw_implementation_cmake/cmake)
-- Found rmw_cyclonedds_cpp: 1.3.4 (/opt/ros/humble/share/rmw_cyclonedds_cpp/cmake)
-- Using RMW implementation 'rmw_cyclonedds_cpp' as default
-- Looking for pthread.h
-- Looking for pthread.h - found
-- Performing Test CMAKE_HAVE_LIBC_PTHREAD
-- Performing Test CMAKE_HAVE_LIBC_PTHREAD - Success
-- Found Threads: TRUE  
-- Found rclpy: 3.3.16 (/opt/ros/humble/share/rclpy/cmake)
-- Found nav_msgs: 4.9.0 (/opt/ros/humble/share/nav_msgs/cmake)
-- Found sensor_msgs: 4.9.0 (/opt/ros/humble/share/sensor_msgs/cmake)
-- Found tf2: 0.25.13 (/opt/ros/humble/share/tf2/cmake)
-- Configuring done
-- Generating done
-- Build files have been written to: /home/bryan/lhd_ws/src/build/lhd_localization
-- Install configuration: ""
-- Installing: /home/bryan/lhd_ws/src/install/lhd_localization/share/lhd_localization/launch
-- Installing: /home/bryan/lhd_ws/src/install/lhd_localization/share/lhd_localization/launch/local_localization.launch.py
-- Installing: /home/bryan/lhd_ws/src/install/lhd_localization/share/lhd_localization/launch/global_localization.launch.py
-- Installing: /home/bryan/lhd_ws/src/install/lhd_localization/share/lhd_localization/config
-- Installing: /home/bryan/lhd_ws/src/install/lhd_localization/share/lhd_localization/config/ekf.yaml
-- Installing: /home/bryan/lhd_ws/src/install/lhd_localization/share/lhd_localization/config/amcl.yaml
-- Installing: /home/bryan/lhd_ws/src/install/lhd_localization/share/lhd_localization/rviz
-- Installing: /home/bryan/lhd_ws/src/install/lhd_localization/share/lhd_localization/rviz/amcl_particle_cloud.rviz
-- Installing: /home/bryan/lhd_ws/src/install/lhd_localization/lib/lhd_localization/kalman_filter.py
-- Installing: /home/bryan/lhd_ws/src/install/lhd_localization/lib/lhd_localization/imu_republisher.py
-- Installing: /home/bryan/lhd_ws/src/install/lhd_localization/lib/lhd_localization/odometry_motion_model.py
-- Installing: /home/bryan/lhd_ws/src/install/lhd_localization/share/ament_index/resource_index/package_run_dependencies/lhd_localization
-- Installing: /home/bryan/lhd_ws/src/install/lhd_localization/share/ament_index/resource_index/parent_prefix_path/lhd_localization
-- Installing: /home/bryan/lhd_ws/src/install/lhd_localization/share/lhd_localization/environment/ament_prefix_path.sh
-- Installing: /home/bryan/lhd_ws/src/install/lhd_localization/share/lhd_localization/environment/ament_prefix_path.dsv
-- Installing: /home/bryan/lhd_ws/src/install/lhd_localization/share/lhd_localization/environment/path.sh
-- Installing: /home/bryan/lhd_ws/src/install/lhd_localization/share/lhd_localization/environment/path.dsv
-- Installing: /home/bryan/lhd_ws/src/install/lhd_localization/share/lhd_localization/local_setup.bash
-- Installing: /home/bryan/lhd_ws/src/install/lhd_localization/share/lhd_localization/local_setup.sh
-- Installing: /home/bryan/lhd_ws/src/install/lhd_localization/share/lhd_localization/local_setup.zsh
-- Installing: /home/bryan/lhd_ws/src/install/lhd_localization/share/lhd_localization/local_setup.dsv
-- Installing: /home/bryan/lhd_ws/src/install/lhd_localization/share/lhd_localization/package.dsv
-- Installing: /home/bryan/lhd_ws/src/install/lhd_localization/share/ament_index/resource_index/packages/lhd_localization
-- Installing: /home/bryan/lhd_ws/src/install/lhd_localization/share/lhd_localization/cmake/lhd_localizationConfig.cmake
-- Installing: /home/bryan/lhd_ws/src/install/lhd_localization/share/lhd_localization/cmake/lhd_localizationConfig-version.cmake
-- Installing: /home/bryan/lhd_ws/src/install/lhd_localization/share/lhd_localization/package.xml
